        -:    0:Source:logger.c
        -:    0:Programs:54
        -:    0:Source is newer than graph
        -:    1:/* -*- Mode: C; tab-width: 4; c-basic-offset: 4; indent-tabs-mode: nil -*- */
        -:    2:
        -:    3:#include <stdlib.h>
        -:    4:#include <stdio.h>
        -:    5:#include <string.h>
        -:    6:#include <errno.h>
        -:    7:#include <poll.h>
        -:    8:#include <ctype.h>
        -:    9:#include <stdarg.h>
        -:   10:
        -:   11:#if defined(__sun)
        -:   12:#include <atomic.h>
        -:   13:#endif
        -:   14:
        -:   15:#include "memcached.h"
        -:   16:#include "bipbuffer.h"
        -:   17:
        -:   18:#ifdef LOGGER_DEBUG
        -:   19:#define L_DEBUG(...) \
        -:   20:    do { \
        -:   21:        fprintf(stderr, __VA_ARGS__); \
        -:   22:    } while (0)
        -:   23:#else
        -:   24:#define L_DEBUG(...)
        -:   25:#endif
        -:   26:
        -:   27:
        -:   28:/* TODO: put this in a struct and ditch the global vars. */
        -:   29:static logger *logger_stack_head = NULL;
        -:   30:static logger *logger_stack_tail = NULL;
        -:   31:static unsigned int logger_count = 0;
        -:   32:static volatile int do_run_logger_thread = 1;
        -:   33:static pthread_t logger_tid;
        -:   34:pthread_mutex_t logger_stack_lock = PTHREAD_MUTEX_INITIALIZER;
        -:   35:
        -:   36:pthread_key_t logger_key;
        -:   37:
        -:   38:#if !defined(HAVE_GCC_64ATOMICS) && !defined(__sun)
        -:   39:pthread_mutex_t logger_atomics_mutex = PTHREAD_MUTEX_INITIALIZER;
        -:   40:#endif
        -:   41:
        -:   42:#define WATCHER_LIMIT 20
        -:   43:logger_watcher *watchers[20];
        -:   44:struct pollfd watchers_pollfds[20];
        -:   45:int watcher_count = 0;
        -:   46:
        -:   47:/* Should this go somewhere else? */
        -:   48:static const entry_details default_entries[] = {
        -:   49:    [LOGGER_ASCII_CMD] = {LOGGER_TEXT_ENTRY, 512, LOG_RAWCMDS, "<%d %s"},
        -:   50:    [LOGGER_EVICTION] = {LOGGER_EVICTION_ENTRY, 512, LOG_EVICTIONS, NULL},
        -:   51:    [LOGGER_ITEM_GET] = {LOGGER_ITEM_GET_ENTRY, 512, LOG_FETCHERS, NULL},
        -:   52:    [LOGGER_ITEM_STORE] = {LOGGER_ITEM_STORE_ENTRY, 512, LOG_MUTATIONS, NULL},
        -:   53:    [LOGGER_CRAWLER_STATUS] = {LOGGER_TEXT_ENTRY, 512, LOG_SYSEVENTS,
        -:   54:        "type=lru_crawler crawler=%d lru=%s low_mark=%llu next_reclaims=%llu since_run=%u next_run=%d elapsed=%u examined=%llu reclaimed=%llu"
        -:   55:    },
        -:   56:    [LOGGER_SLAB_MOVE] = {LOGGER_TEXT_ENTRY, 512, LOG_SYSEVENTS,
        -:   57:        "type=slab_move src=%d dst=%d"
        -:   58:    },
        -:   59:#ifdef EXTSTORE
        -:   60:    [LOGGER_EXTSTORE_WRITE] = {LOGGER_EXT_WRITE_ENTRY, 512, LOG_EVICTIONS, NULL},
        -:   61:    [LOGGER_COMPACT_START] = {LOGGER_TEXT_ENTRY, 512, LOG_SYSEVENTS,
        -:   62:        "type=compact_start id=%lu version=%llu"
        -:   63:    },
        -:   64:    [LOGGER_COMPACT_ABORT] = {LOGGER_TEXT_ENTRY, 512, LOG_SYSEVENTS,
        -:   65:        "type=compact_abort id=%lu"
        -:   66:    },
        -:   67:    [LOGGER_COMPACT_READ_START] = {LOGGER_TEXT_ENTRY, 512, LOG_SYSEVENTS,
        -:   68:        "type=compact_read_start id=%lu offset=%llu"
        -:   69:    },
        -:   70:    [LOGGER_COMPACT_READ_END] = {LOGGER_TEXT_ENTRY, 512, LOG_SYSEVENTS,
        -:   71:        "type=compact_read_end id=%lu offset=%llu rescues=%lu lost=%lu skipped=%lu"
        -:   72:    },
        -:   73:    [LOGGER_COMPACT_END] = {LOGGER_TEXT_ENTRY, 512, LOG_SYSEVENTS,
        -:   74:        "type=compact_end id=%lu"
        -:   75:    },
        -:   76:    [LOGGER_COMPACT_FRAGINFO] = {LOGGER_TEXT_ENTRY, 512, LOG_SYSEVENTS,
        -:   77:        "type=compact_fraginfo ratio=%.2f bytes=%lu"
        -:   78:    },
        -:   79:#endif
        -:   80:};
        -:   81:
        -:   82:#define WATCHER_ALL -1
        -:   83:static int logger_thread_poll_watchers(int force_poll, int watcher);
        -:   84:
        -:   85:/*************************
        -:   86: * Util functions shared between bg thread and workers
        -:   87: *************************/
        -:   88:
        -:   89:/* Logger GID's can be used by watchers to put logs back into strict order
        -:   90: */
        -:   91:static uint64_t logger_get_gid(void) {
   221790:   92:    static uint64_t logger_gid = 0;
        -:   93:#ifdef HAVE_GCC_64ATOMICS
   221790:   94:    return __sync_add_and_fetch(&logger_gid, 1);
        -:   95:#elif defined(__sun)
        -:   96:    return atomic_inc_64_nv(&logger_gid);
        -:   97:#else
        -:   98:    mutex_lock(&logger_atomics_mutex);
        -:   99:    uint64_t res = ++logger_gid;
        -:  100:    mutex_unlock(&logger_atomics_mutex);
        -:  101:    return res;
        -:  102:#endif
        -:  103:}
        -:  104:
        -:  105:/* TODO: genericize lists. would be nice to import queue.h if the impact is
        -:  106: * studied... otherwise can just write a local one.
        -:  107: */
        -:  108:/* Add to the list of threads with a logger object */
     1401:  109:static void logger_link_q(logger *l) {
     1401:  110:    pthread_mutex_lock(&logger_stack_lock);
    1401*:  111:    assert(l != logger_stack_head);
        -:  112:
     1401:  113:    l->prev = 0;
     1401:  114:    l->next = logger_stack_head;
     1401:  115:    if (l->next) l->next->prev = l;
     1401:  116:    logger_stack_head = l;
     1401:  117:    if (logger_stack_tail == 0) logger_stack_tail = l;
     1401:  118:    logger_count++;
     1401:  119:    pthread_mutex_unlock(&logger_stack_lock);
     1401:  120:    return;
        -:  121:}
------------------
logger_link_q:
      467:  109:static void logger_link_q(logger *l) {
      467:  110:    pthread_mutex_lock(&logger_stack_lock);
     467*:  111:    assert(l != logger_stack_head);
        -:  112:
      467:  113:    l->prev = 0;
      467:  114:    l->next = logger_stack_head;
      467:  115:    if (l->next) l->next->prev = l;
      467:  116:    logger_stack_head = l;
      467:  117:    if (logger_stack_tail == 0) logger_stack_tail = l;
      467:  118:    logger_count++;
      467:  119:    pthread_mutex_unlock(&logger_stack_lock);
      467:  120:    return;
        -:  121:}
------------------
logger_link_q:
      467:  109:static void logger_link_q(logger *l) {
      467:  110:    pthread_mutex_lock(&logger_stack_lock);
     467*:  111:    assert(l != logger_stack_head);
        -:  112:
      467:  113:    l->prev = 0;
      467:  114:    l->next = logger_stack_head;
      467:  115:    if (l->next) l->next->prev = l;
      467:  116:    logger_stack_head = l;
      467:  117:    if (logger_stack_tail == 0) logger_stack_tail = l;
      467:  118:    logger_count++;
      467:  119:    pthread_mutex_unlock(&logger_stack_lock);
      467:  120:    return;
        -:  121:}
------------------
logger_link_q:
      467:  109:static void logger_link_q(logger *l) {
      467:  110:    pthread_mutex_lock(&logger_stack_lock);
     467*:  111:    assert(l != logger_stack_head);
        -:  112:
      467:  113:    l->prev = 0;
      467:  114:    l->next = logger_stack_head;
      467:  115:    if (l->next) l->next->prev = l;
      467:  116:    logger_stack_head = l;
      467:  117:    if (logger_stack_tail == 0) logger_stack_tail = l;
      467:  118:    logger_count++;
      467:  119:    pthread_mutex_unlock(&logger_stack_lock);
      467:  120:    return;
        -:  121:}
------------------
        -:  122:
        -:  123:/* Remove from the list of threads with a logger object */
        -:  124:/*static void logger_unlink_q(logger *l) {
        -:  125:    pthread_mutex_lock(&logger_stack_lock);
        -:  126:    if (logger_stack_head == l) {
        -:  127:        assert(l->prev == 0);
        -:  128:        logger_stack_head = l->next;
        -:  129:    }
        -:  130:    if (logger_stack_tail == l) {
        -:  131:        assert(l->next == 0);
        -:  132:        logger_stack_tail = l->prev;
        -:  133:    }
        -:  134:    assert(l->next != l);
        -:  135:    assert(l->prev != l);
        -:  136:
        -:  137:    if (l->next) l->next->prev = l->prev;
        -:  138:    if (l->prev) l->prev->next = l->next;
        -:  139:    logger_count--;
        -:  140:    pthread_mutex_unlock(&logger_stack_lock);
        -:  141:    return;
        -:  142:}*/
        -:  143:
        -:  144:/* Called with logger stack locked.
        -:  145: * Iterates over every watcher collecting enabled flags.
        -:  146: */
       18:  147:static void logger_set_flags(void) {
       18:  148:    logger *l = NULL;
       18:  149:    int x = 0;
       18:  150:    uint16_t f = 0; /* logger eflags */
        -:  151:
      378:  152:    for (x = 0; x < WATCHER_LIMIT; x++) {
      360:  153:        logger_watcher *w = watchers[x];
      360:  154:        if (w == NULL)
        -:  155:            continue;
        -:  156:
       21:  157:        f |= w->eflags;
        -:  158:    }
      108:  159:    for (l = logger_stack_head; l != NULL; l=l->next) {
       90:  160:        pthread_mutex_lock(&l->mutex);
       90:  161:        l->eflags = f;
       90:  162:        pthread_mutex_unlock(&l->mutex);
        -:  163:    }
       18:  164:    return;
        -:  165:}
------------------
logger_set_flags:
        6:  147:static void logger_set_flags(void) {
        6:  148:    logger *l = NULL;
        6:  149:    int x = 0;
        6:  150:    uint16_t f = 0; /* logger eflags */
        -:  151:
      126:  152:    for (x = 0; x < WATCHER_LIMIT; x++) {
      120:  153:        logger_watcher *w = watchers[x];
      120:  154:        if (w == NULL)
        -:  155:            continue;
        -:  156:
        7:  157:        f |= w->eflags;
        -:  158:    }
       36:  159:    for (l = logger_stack_head; l != NULL; l=l->next) {
       30:  160:        pthread_mutex_lock(&l->mutex);
       30:  161:        l->eflags = f;
       30:  162:        pthread_mutex_unlock(&l->mutex);
        -:  163:    }
        6:  164:    return;
        -:  165:}
------------------
logger_set_flags:
        6:  147:static void logger_set_flags(void) {
        6:  148:    logger *l = NULL;
        6:  149:    int x = 0;
        6:  150:    uint16_t f = 0; /* logger eflags */
        -:  151:
      126:  152:    for (x = 0; x < WATCHER_LIMIT; x++) {
      120:  153:        logger_watcher *w = watchers[x];
      120:  154:        if (w == NULL)
        -:  155:            continue;
        -:  156:
        7:  157:        f |= w->eflags;
        -:  158:    }
       36:  159:    for (l = logger_stack_head; l != NULL; l=l->next) {
       30:  160:        pthread_mutex_lock(&l->mutex);
       30:  161:        l->eflags = f;
       30:  162:        pthread_mutex_unlock(&l->mutex);
        -:  163:    }
        6:  164:    return;
        -:  165:}
------------------
logger_set_flags:
        6:  147:static void logger_set_flags(void) {
        6:  148:    logger *l = NULL;
        6:  149:    int x = 0;
        6:  150:    uint16_t f = 0; /* logger eflags */
        -:  151:
      126:  152:    for (x = 0; x < WATCHER_LIMIT; x++) {
      120:  153:        logger_watcher *w = watchers[x];
      120:  154:        if (w == NULL)
        -:  155:            continue;
        -:  156:
        7:  157:        f |= w->eflags;
        -:  158:    }
       36:  159:    for (l = logger_stack_head; l != NULL; l=l->next) {
       30:  160:        pthread_mutex_lock(&l->mutex);
       30:  161:        l->eflags = f;
       30:  162:        pthread_mutex_unlock(&l->mutex);
        -:  163:    }
        6:  164:    return;
        -:  165:}
------------------
        -:  166:
        -:  167:/*************************
        -:  168: * Logger background thread functions. Aggregates per-worker buffers and
        -:  169: * writes to any watchers.
        -:  170: *************************/
        -:  171:
        -:  172:#define LOGGER_PARSE_SCRATCH 4096
        -:  173:
      258:  174:static int _logger_thread_parse_ise(logentry *e, char *scratch) {
      258:  175:    int total;
      258:  176:    const char *cmd = "na";
      258:  177:    char keybuf[KEY_MAX_URI_ENCODED_LENGTH];
      258:  178:    struct logentry_item_store *le = (struct logentry_item_store *) e->data;
      258:  179:    const char * const status_map[] = {
        -:  180:        "not_stored", "stored", "exists", "not_found", "too_large", "no_memory" };
      258:  181:    const char * const cmd_map[] = {
        -:  182:        "null", "add", "set", "replace", "append", "prepend", "cas" };
        -:  183:
      258:  184:    if (le->cmd <= 5)
      258:  185:        cmd = cmd_map[le->cmd];
        -:  186:
      258:  187:    uriencode(le->key, keybuf, le->nkey, KEY_MAX_URI_ENCODED_LENGTH);
     1548:  188:    total = snprintf(scratch, LOGGER_PARSE_SCRATCH,
        -:  189:            "ts=%d.%d gid=%llu type=item_store key=%s status=%s cmd=%s ttl=%u clsid=%u\n",
      516:  190:            (int)e->tv.tv_sec, (int)e->tv.tv_usec, (unsigned long long) e->gid,
      516:  191:            keybuf, status_map[le->status], cmd, le->ttl, le->clsid);
      258:  192:    return total;
        -:  193:}
------------------
_logger_thread_parse_ise:
       86:  174:static int _logger_thread_parse_ise(logentry *e, char *scratch) {
       86:  175:    int total;
       86:  176:    const char *cmd = "na";
       86:  177:    char keybuf[KEY_MAX_URI_ENCODED_LENGTH];
       86:  178:    struct logentry_item_store *le = (struct logentry_item_store *) e->data;
       86:  179:    const char * const status_map[] = {
        -:  180:        "not_stored", "stored", "exists", "not_found", "too_large", "no_memory" };
       86:  181:    const char * const cmd_map[] = {
        -:  182:        "null", "add", "set", "replace", "append", "prepend", "cas" };
        -:  183:
       86:  184:    if (le->cmd <= 5)
       86:  185:        cmd = cmd_map[le->cmd];
        -:  186:
       86:  187:    uriencode(le->key, keybuf, le->nkey, KEY_MAX_URI_ENCODED_LENGTH);
      516:  188:    total = snprintf(scratch, LOGGER_PARSE_SCRATCH,
        -:  189:            "ts=%d.%d gid=%llu type=item_store key=%s status=%s cmd=%s ttl=%u clsid=%u\n",
      172:  190:            (int)e->tv.tv_sec, (int)e->tv.tv_usec, (unsigned long long) e->gid,
      172:  191:            keybuf, status_map[le->status], cmd, le->ttl, le->clsid);
       86:  192:    return total;
        -:  193:}
------------------
_logger_thread_parse_ise:
       86:  174:static int _logger_thread_parse_ise(logentry *e, char *scratch) {
       86:  175:    int total;
       86:  176:    const char *cmd = "na";
       86:  177:    char keybuf[KEY_MAX_URI_ENCODED_LENGTH];
       86:  178:    struct logentry_item_store *le = (struct logentry_item_store *) e->data;
       86:  179:    const char * const status_map[] = {
        -:  180:        "not_stored", "stored", "exists", "not_found", "too_large", "no_memory" };
       86:  181:    const char * const cmd_map[] = {
        -:  182:        "null", "add", "set", "replace", "append", "prepend", "cas" };
        -:  183:
       86:  184:    if (le->cmd <= 5)
       86:  185:        cmd = cmd_map[le->cmd];
        -:  186:
       86:  187:    uriencode(le->key, keybuf, le->nkey, KEY_MAX_URI_ENCODED_LENGTH);
      516:  188:    total = snprintf(scratch, LOGGER_PARSE_SCRATCH,
        -:  189:            "ts=%d.%d gid=%llu type=item_store key=%s status=%s cmd=%s ttl=%u clsid=%u\n",
      172:  190:            (int)e->tv.tv_sec, (int)e->tv.tv_usec, (unsigned long long) e->gid,
      172:  191:            keybuf, status_map[le->status], cmd, le->ttl, le->clsid);
       86:  192:    return total;
        -:  193:}
------------------
_logger_thread_parse_ise:
       86:  174:static int _logger_thread_parse_ise(logentry *e, char *scratch) {
       86:  175:    int total;
       86:  176:    const char *cmd = "na";
       86:  177:    char keybuf[KEY_MAX_URI_ENCODED_LENGTH];
       86:  178:    struct logentry_item_store *le = (struct logentry_item_store *) e->data;
       86:  179:    const char * const status_map[] = {
        -:  180:        "not_stored", "stored", "exists", "not_found", "too_large", "no_memory" };
       86:  181:    const char * const cmd_map[] = {
        -:  182:        "null", "add", "set", "replace", "append", "prepend", "cas" };
        -:  183:
       86:  184:    if (le->cmd <= 5)
       86:  185:        cmd = cmd_map[le->cmd];
        -:  186:
       86:  187:    uriencode(le->key, keybuf, le->nkey, KEY_MAX_URI_ENCODED_LENGTH);
      516:  188:    total = snprintf(scratch, LOGGER_PARSE_SCRATCH,
        -:  189:            "ts=%d.%d gid=%llu type=item_store key=%s status=%s cmd=%s ttl=%u clsid=%u\n",
      172:  190:            (int)e->tv.tv_sec, (int)e->tv.tv_usec, (unsigned long long) e->gid,
      172:  191:            keybuf, status_map[le->status], cmd, le->ttl, le->clsid);
       86:  192:    return total;
        -:  193:}
------------------
        -:  194:
   219777:  195:static int _logger_thread_parse_ige(logentry *e, char *scratch) {
   219777:  196:    int total;
   219777:  197:    struct logentry_item_get *le = (struct logentry_item_get *) e->data;
   219777:  198:    char keybuf[KEY_MAX_URI_ENCODED_LENGTH];
   219777:  199:    const char * const was_found_map[] = {
        -:  200:        "not_found", "found", "flushed", "expired" };
        -:  201:
   219777:  202:    uriencode(le->key, keybuf, le->nkey, KEY_MAX_URI_ENCODED_LENGTH);
  1318662:  203:    total = snprintf(scratch, LOGGER_PARSE_SCRATCH,
        -:  204:            "ts=%d.%d gid=%llu type=item_get key=%s status=%s clsid=%u\n",
   439554:  205:            (int)e->tv.tv_sec, (int)e->tv.tv_usec, (unsigned long long) e->gid,
   439554:  206:            keybuf, was_found_map[le->was_found], le->clsid);
   219777:  207:    return total;
        -:  208:}
------------------
_logger_thread_parse_ige:
    73259:  195:static int _logger_thread_parse_ige(logentry *e, char *scratch) {
    73259:  196:    int total;
    73259:  197:    struct logentry_item_get *le = (struct logentry_item_get *) e->data;
    73259:  198:    char keybuf[KEY_MAX_URI_ENCODED_LENGTH];
    73259:  199:    const char * const was_found_map[] = {
        -:  200:        "not_found", "found", "flushed", "expired" };
        -:  201:
    73259:  202:    uriencode(le->key, keybuf, le->nkey, KEY_MAX_URI_ENCODED_LENGTH);
   439554:  203:    total = snprintf(scratch, LOGGER_PARSE_SCRATCH,
        -:  204:            "ts=%d.%d gid=%llu type=item_get key=%s status=%s clsid=%u\n",
   146518:  205:            (int)e->tv.tv_sec, (int)e->tv.tv_usec, (unsigned long long) e->gid,
   146518:  206:            keybuf, was_found_map[le->was_found], le->clsid);
    73259:  207:    return total;
        -:  208:}
------------------
_logger_thread_parse_ige:
    73259:  195:static int _logger_thread_parse_ige(logentry *e, char *scratch) {
    73259:  196:    int total;
    73259:  197:    struct logentry_item_get *le = (struct logentry_item_get *) e->data;
    73259:  198:    char keybuf[KEY_MAX_URI_ENCODED_LENGTH];
    73259:  199:    const char * const was_found_map[] = {
        -:  200:        "not_found", "found", "flushed", "expired" };
        -:  201:
    73259:  202:    uriencode(le->key, keybuf, le->nkey, KEY_MAX_URI_ENCODED_LENGTH);
   439554:  203:    total = snprintf(scratch, LOGGER_PARSE_SCRATCH,
        -:  204:            "ts=%d.%d gid=%llu type=item_get key=%s status=%s clsid=%u\n",
   146518:  205:            (int)e->tv.tv_sec, (int)e->tv.tv_usec, (unsigned long long) e->gid,
   146518:  206:            keybuf, was_found_map[le->was_found], le->clsid);
    73259:  207:    return total;
        -:  208:}
------------------
_logger_thread_parse_ige:
    73259:  195:static int _logger_thread_parse_ige(logentry *e, char *scratch) {
    73259:  196:    int total;
    73259:  197:    struct logentry_item_get *le = (struct logentry_item_get *) e->data;
    73259:  198:    char keybuf[KEY_MAX_URI_ENCODED_LENGTH];
    73259:  199:    const char * const was_found_map[] = {
        -:  200:        "not_found", "found", "flushed", "expired" };
        -:  201:
    73259:  202:    uriencode(le->key, keybuf, le->nkey, KEY_MAX_URI_ENCODED_LENGTH);
   439554:  203:    total = snprintf(scratch, LOGGER_PARSE_SCRATCH,
        -:  204:            "ts=%d.%d gid=%llu type=item_get key=%s status=%s clsid=%u\n",
   146518:  205:            (int)e->tv.tv_sec, (int)e->tv.tv_usec, (unsigned long long) e->gid,
   146518:  206:            keybuf, was_found_map[le->was_found], le->clsid);
    73259:  207:    return total;
        -:  208:}
------------------
        -:  209:
        3:  210:static int _logger_thread_parse_ee(logentry *e, char *scratch) {
        3:  211:    int total;
        3:  212:    char keybuf[KEY_MAX_URI_ENCODED_LENGTH];
        3:  213:    struct logentry_eviction *le = (struct logentry_eviction *) e->data;
        3:  214:    uriencode(le->key, keybuf, le->nkey, KEY_MAX_URI_ENCODED_LENGTH);
       18:  215:    total = snprintf(scratch, LOGGER_PARSE_SCRATCH,
        -:  216:            "ts=%d.%d gid=%llu type=eviction key=%s fetch=%s ttl=%lld la=%d clsid=%u\n",
        6:  217:            (int)e->tv.tv_sec, (int)e->tv.tv_usec, (unsigned long long) e->gid,
        3:  218:            keybuf, (le->it_flags & ITEM_FETCHED) ? "yes" : "no",
        3:  219:            (long long int)le->exptime, le->latime, le->clsid);
        -:  220:
        3:  221:    return total;
        -:  222:}
------------------
_logger_thread_parse_ee:
        1:  210:static int _logger_thread_parse_ee(logentry *e, char *scratch) {
        1:  211:    int total;
        1:  212:    char keybuf[KEY_MAX_URI_ENCODED_LENGTH];
        1:  213:    struct logentry_eviction *le = (struct logentry_eviction *) e->data;
        1:  214:    uriencode(le->key, keybuf, le->nkey, KEY_MAX_URI_ENCODED_LENGTH);
        6:  215:    total = snprintf(scratch, LOGGER_PARSE_SCRATCH,
        -:  216:            "ts=%d.%d gid=%llu type=eviction key=%s fetch=%s ttl=%lld la=%d clsid=%u\n",
        2:  217:            (int)e->tv.tv_sec, (int)e->tv.tv_usec, (unsigned long long) e->gid,
        1:  218:            keybuf, (le->it_flags & ITEM_FETCHED) ? "yes" : "no",
        1:  219:            (long long int)le->exptime, le->latime, le->clsid);
        -:  220:
        1:  221:    return total;
        -:  222:}
------------------
_logger_thread_parse_ee:
        1:  210:static int _logger_thread_parse_ee(logentry *e, char *scratch) {
        1:  211:    int total;
        1:  212:    char keybuf[KEY_MAX_URI_ENCODED_LENGTH];
        1:  213:    struct logentry_eviction *le = (struct logentry_eviction *) e->data;
        1:  214:    uriencode(le->key, keybuf, le->nkey, KEY_MAX_URI_ENCODED_LENGTH);
        6:  215:    total = snprintf(scratch, LOGGER_PARSE_SCRATCH,
        -:  216:            "ts=%d.%d gid=%llu type=eviction key=%s fetch=%s ttl=%lld la=%d clsid=%u\n",
        2:  217:            (int)e->tv.tv_sec, (int)e->tv.tv_usec, (unsigned long long) e->gid,
        1:  218:            keybuf, (le->it_flags & ITEM_FETCHED) ? "yes" : "no",
        1:  219:            (long long int)le->exptime, le->latime, le->clsid);
        -:  220:
        1:  221:    return total;
        -:  222:}
------------------
_logger_thread_parse_ee:
        1:  210:static int _logger_thread_parse_ee(logentry *e, char *scratch) {
        1:  211:    int total;
        1:  212:    char keybuf[KEY_MAX_URI_ENCODED_LENGTH];
        1:  213:    struct logentry_eviction *le = (struct logentry_eviction *) e->data;
        1:  214:    uriencode(le->key, keybuf, le->nkey, KEY_MAX_URI_ENCODED_LENGTH);
        6:  215:    total = snprintf(scratch, LOGGER_PARSE_SCRATCH,
        -:  216:            "ts=%d.%d gid=%llu type=eviction key=%s fetch=%s ttl=%lld la=%d clsid=%u\n",
        2:  217:            (int)e->tv.tv_sec, (int)e->tv.tv_usec, (unsigned long long) e->gid,
        1:  218:            keybuf, (le->it_flags & ITEM_FETCHED) ? "yes" : "no",
        1:  219:            (long long int)le->exptime, le->latime, le->clsid);
        -:  220:
        1:  221:    return total;
        -:  222:}
------------------
        -:  223:#ifdef EXTSTORE
        -:  224:static int _logger_thread_parse_extw(logentry *e, char *scratch) {
        -:  225:    int total;
        -:  226:    char keybuf[KEY_MAX_URI_ENCODED_LENGTH];
        -:  227:    struct logentry_ext_write *le = (struct logentry_ext_write *) e->data;
        -:  228:    uriencode(le->key, keybuf, le->nkey, KEY_MAX_URI_ENCODED_LENGTH);
        -:  229:    total = snprintf(scratch, LOGGER_PARSE_SCRATCH,
        -:  230:            "ts=%d.%d gid=%llu type=extwrite key=%s fetch=%s ttl=%lld la=%d clsid=%u bucket=%u\n",
        -:  231:            (int)e->tv.tv_sec, (int)e->tv.tv_usec, (unsigned long long) e->gid,
        -:  232:            keybuf, (le->it_flags & ITEM_FETCHED) ? "yes" : "no",
        -:  233:            (long long int)le->exptime, le->latime, le->clsid, le->bucket);
        -:  234:
        -:  235:    return total;
        -:  236:}
        -:  237:#endif
        -:  238:/* Completes rendering of log line. */
    #####:  239:static enum logger_parse_entry_ret logger_thread_parse_entry(logentry *e, struct logger_stats *ls,
        -:  240:        char *scratch, int *scratch_len) {
    #####:  241:    int total = 0;
        -:  242:
    #####:  243:    switch (e->event) {
    #####:  244:        case LOGGER_TEXT_ENTRY:
    #####:  245:            total = snprintf(scratch, LOGGER_PARSE_SCRATCH, "ts=%d.%d gid=%llu %s\n",
    #####:  246:                        (int)e->tv.tv_sec, (int)e->tv.tv_usec,
    #####:  247:                        (unsigned long long) e->gid, (char *) e->data);
    #####:  248:            break;
    #####:  249:        case LOGGER_EVICTION_ENTRY:
    #####:  250:            total = _logger_thread_parse_ee(e, scratch);
    #####:  251:            break;
        -:  252:#ifdef EXTSTORE
        -:  253:        case LOGGER_EXT_WRITE_ENTRY:
        -:  254:            total = _logger_thread_parse_extw(e, scratch);
        -:  255:            break;
        -:  256:#endif
    #####:  257:        case LOGGER_ITEM_GET_ENTRY:
    #####:  258:            total = _logger_thread_parse_ige(e, scratch);
    #####:  259:            break;
    #####:  260:        case LOGGER_ITEM_STORE_ENTRY:
    #####:  261:            total = _logger_thread_parse_ise(e, scratch);
    #####:  262:            break;
        -:  263:
        -:  264:    }
        -:  265:
    #####:  266:    if (total >= LOGGER_PARSE_SCRATCH || total <= 0) {
    #####:  267:        L_DEBUG("LOGGER: Failed to flatten log entry!\n");
    #####:  268:        return LOGGER_PARSE_ENTRY_FAILED;
        -:  269:    } else {
    #####:  270:        *scratch_len = total;
        -:  271:    }
        -:  272:
    #####:  273:    return LOGGER_PARSE_ENTRY_OK;
        -:  274:}
------------------
logger_thread_parse_entry:
    #####:  239:static enum logger_parse_entry_ret logger_thread_parse_entry(logentry *e, struct logger_stats *ls,
        -:  240:        char *scratch, int *scratch_len) {
    #####:  241:    int total = 0;
        -:  242:
    #####:  243:    switch (e->event) {
    #####:  244:        case LOGGER_TEXT_ENTRY:
    #####:  245:            total = snprintf(scratch, LOGGER_PARSE_SCRATCH, "ts=%d.%d gid=%llu %s\n",
    #####:  246:                        (int)e->tv.tv_sec, (int)e->tv.tv_usec,
    #####:  247:                        (unsigned long long) e->gid, (char *) e->data);
    #####:  248:            break;
    #####:  249:        case LOGGER_EVICTION_ENTRY:
    #####:  250:            total = _logger_thread_parse_ee(e, scratch);
    #####:  251:            break;
        -:  252:#ifdef EXTSTORE
        -:  253:        case LOGGER_EXT_WRITE_ENTRY:
        -:  254:            total = _logger_thread_parse_extw(e, scratch);
        -:  255:            break;
        -:  256:#endif
    #####:  257:        case LOGGER_ITEM_GET_ENTRY:
    #####:  258:            total = _logger_thread_parse_ige(e, scratch);
    #####:  259:            break;
    #####:  260:        case LOGGER_ITEM_STORE_ENTRY:
    #####:  261:            total = _logger_thread_parse_ise(e, scratch);
    #####:  262:            break;
        -:  263:
        -:  264:    }
        -:  265:
    #####:  266:    if (total >= LOGGER_PARSE_SCRATCH || total <= 0) {
    #####:  267:        L_DEBUG("LOGGER: Failed to flatten log entry!\n");
    #####:  268:        return LOGGER_PARSE_ENTRY_FAILED;
        -:  269:    } else {
    #####:  270:        *scratch_len = total;
        -:  271:    }
        -:  272:
    #####:  273:    return LOGGER_PARSE_ENTRY_OK;
        -:  274:}
------------------
logger_thread_parse_entry:
    #####:  239:static enum logger_parse_entry_ret logger_thread_parse_entry(logentry *e, struct logger_stats *ls,
        -:  240:        char *scratch, int *scratch_len) {
    #####:  241:    int total = 0;
        -:  242:
    #####:  243:    switch (e->event) {
    #####:  244:        case LOGGER_TEXT_ENTRY:
    #####:  245:            total = snprintf(scratch, LOGGER_PARSE_SCRATCH, "ts=%d.%d gid=%llu %s\n",
    #####:  246:                        (int)e->tv.tv_sec, (int)e->tv.tv_usec,
    #####:  247:                        (unsigned long long) e->gid, (char *) e->data);
    #####:  248:            break;
    #####:  249:        case LOGGER_EVICTION_ENTRY:
    #####:  250:            total = _logger_thread_parse_ee(e, scratch);
    #####:  251:            break;
        -:  252:#ifdef EXTSTORE
        -:  253:        case LOGGER_EXT_WRITE_ENTRY:
        -:  254:            total = _logger_thread_parse_extw(e, scratch);
        -:  255:            break;
        -:  256:#endif
    #####:  257:        case LOGGER_ITEM_GET_ENTRY:
    #####:  258:            total = _logger_thread_parse_ige(e, scratch);
    #####:  259:            break;
    #####:  260:        case LOGGER_ITEM_STORE_ENTRY:
    #####:  261:            total = _logger_thread_parse_ise(e, scratch);
    #####:  262:            break;
        -:  263:
        -:  264:    }
        -:  265:
    #####:  266:    if (total >= LOGGER_PARSE_SCRATCH || total <= 0) {
    #####:  267:        L_DEBUG("LOGGER: Failed to flatten log entry!\n");
    #####:  268:        return LOGGER_PARSE_ENTRY_FAILED;
        -:  269:    } else {
    #####:  270:        *scratch_len = total;
        -:  271:    }
        -:  272:
    #####:  273:    return LOGGER_PARSE_ENTRY_OK;
        -:  274:}
------------------
logger_thread_parse_entry:
    #####:  239:static enum logger_parse_entry_ret logger_thread_parse_entry(logentry *e, struct logger_stats *ls,
        -:  240:        char *scratch, int *scratch_len) {
    #####:  241:    int total = 0;
        -:  242:
    #####:  243:    switch (e->event) {
    #####:  244:        case LOGGER_TEXT_ENTRY:
    #####:  245:            total = snprintf(scratch, LOGGER_PARSE_SCRATCH, "ts=%d.%d gid=%llu %s\n",
    #####:  246:                        (int)e->tv.tv_sec, (int)e->tv.tv_usec,
    #####:  247:                        (unsigned long long) e->gid, (char *) e->data);
    #####:  248:            break;
    #####:  249:        case LOGGER_EVICTION_ENTRY:
    #####:  250:            total = _logger_thread_parse_ee(e, scratch);
    #####:  251:            break;
        -:  252:#ifdef EXTSTORE
        -:  253:        case LOGGER_EXT_WRITE_ENTRY:
        -:  254:            total = _logger_thread_parse_extw(e, scratch);
        -:  255:            break;
        -:  256:#endif
    #####:  257:        case LOGGER_ITEM_GET_ENTRY:
    #####:  258:            total = _logger_thread_parse_ige(e, scratch);
    #####:  259:            break;
    #####:  260:        case LOGGER_ITEM_STORE_ENTRY:
    #####:  261:            total = _logger_thread_parse_ise(e, scratch);
    #####:  262:            break;
        -:  263:
        -:  264:    }
        -:  265:
    #####:  266:    if (total >= LOGGER_PARSE_SCRATCH || total <= 0) {
    #####:  267:        L_DEBUG("LOGGER: Failed to flatten log entry!\n");
    #####:  268:        return LOGGER_PARSE_ENTRY_FAILED;
        -:  269:    } else {
    #####:  270:        *scratch_len = total;
        -:  271:    }
        -:  272:
    #####:  273:    return LOGGER_PARSE_ENTRY_OK;
        -:  274:}
------------------
        -:  275:
        -:  276:/* Writes flattened entry to available watchers */
    #####:  277:static void logger_thread_write_entry(logentry *e, struct logger_stats *ls,
        -:  278:        char *scratch, int scratch_len) {
    #####:  279:    int x, total;
        -:  280:    /* Write the line into available watchers with matching flags */
    #####:  281:    for (x = 0; x < WATCHER_LIMIT; x++) {
    #####:  282:        logger_watcher *w = watchers[x];
    #####:  283:        char *skip_scr = NULL;
    #####:  284:        if (w == NULL || (e->eflags & w->eflags) == 0)
    #####:  285:            continue;
        -:  286:
        -:  287:         /* Avoid poll()'ing constantly when buffer is full by resetting a
        -:  288:         * flag periodically.
        -:  289:         */
    #####:  290:        while (!w->failed_flush &&
    #####:  291:                (skip_scr = (char *) bipbuf_request(w->buf, scratch_len + 128)) == NULL) {
    #####:  292:            if (logger_thread_poll_watchers(0, x) <= 0) {
    #####:  293:                L_DEBUG("LOGGER: Watcher had no free space for line of size (%d)\n", scratch_len + 128);
    #####:  294:                w->failed_flush = true;
        -:  295:            }
        -:  296:        }
        -:  297:
    #####:  298:        if (w->failed_flush) {
    #####:  299:            L_DEBUG("LOGGER: Fast skipped for watcher [%d] due to failed_flush\n", w->sfd);
    #####:  300:            w->skipped++;
    #####:  301:            ls->watcher_skipped++;
    #####:  302:            continue;
        -:  303:        }
        -:  304:
    #####:  305:        if (w->skipped > 0) {
    #####:  306:            total = snprintf(skip_scr, 128, "skipped=%llu\n", (unsigned long long) w->skipped);
    #####:  307:            if (total >= 128 || total <= 0) {
    #####:  308:                L_DEBUG("LOGGER: Failed to flatten skipped message into watcher [%d]\n", w->sfd);
    #####:  309:                w->skipped++;
    #####:  310:                ls->watcher_skipped++;
    #####:  311:                continue;
        -:  312:            }
    #####:  313:            bipbuf_push(w->buf, total);
    #####:  314:            w->skipped = 0;
        -:  315:        }
        -:  316:        /* Can't fail because bipbuf_request succeeded. */
    #####:  317:        bipbuf_offer(w->buf, (unsigned char *) scratch, scratch_len);
    #####:  318:        ls->watcher_sent++;
        -:  319:    }
    #####:  320:}
------------------
logger_thread_write_entry:
    #####:  277:static void logger_thread_write_entry(logentry *e, struct logger_stats *ls,
        -:  278:        char *scratch, int scratch_len) {
    #####:  279:    int x, total;
        -:  280:    /* Write the line into available watchers with matching flags */
    #####:  281:    for (x = 0; x < WATCHER_LIMIT; x++) {
    #####:  282:        logger_watcher *w = watchers[x];
    #####:  283:        char *skip_scr = NULL;
    #####:  284:        if (w == NULL || (e->eflags & w->eflags) == 0)
    #####:  285:            continue;
        -:  286:
        -:  287:         /* Avoid poll()'ing constantly when buffer is full by resetting a
        -:  288:         * flag periodically.
        -:  289:         */
    #####:  290:        while (!w->failed_flush &&
    #####:  291:                (skip_scr = (char *) bipbuf_request(w->buf, scratch_len + 128)) == NULL) {
    #####:  292:            if (logger_thread_poll_watchers(0, x) <= 0) {
    #####:  293:                L_DEBUG("LOGGER: Watcher had no free space for line of size (%d)\n", scratch_len + 128);
    #####:  294:                w->failed_flush = true;
        -:  295:            }
        -:  296:        }
        -:  297:
    #####:  298:        if (w->failed_flush) {
    #####:  299:            L_DEBUG("LOGGER: Fast skipped for watcher [%d] due to failed_flush\n", w->sfd);
    #####:  300:            w->skipped++;
    #####:  301:            ls->watcher_skipped++;
    #####:  302:            continue;
        -:  303:        }
        -:  304:
    #####:  305:        if (w->skipped > 0) {
    #####:  306:            total = snprintf(skip_scr, 128, "skipped=%llu\n", (unsigned long long) w->skipped);
    #####:  307:            if (total >= 128 || total <= 0) {
    #####:  308:                L_DEBUG("LOGGER: Failed to flatten skipped message into watcher [%d]\n", w->sfd);
    #####:  309:                w->skipped++;
    #####:  310:                ls->watcher_skipped++;
    #####:  311:                continue;
        -:  312:            }
    #####:  313:            bipbuf_push(w->buf, total);
    #####:  314:            w->skipped = 0;
        -:  315:        }
        -:  316:        /* Can't fail because bipbuf_request succeeded. */
    #####:  317:        bipbuf_offer(w->buf, (unsigned char *) scratch, scratch_len);
    #####:  318:        ls->watcher_sent++;
        -:  319:    }
    #####:  320:}
------------------
logger_thread_write_entry:
    #####:  277:static void logger_thread_write_entry(logentry *e, struct logger_stats *ls,
        -:  278:        char *scratch, int scratch_len) {
    #####:  279:    int x, total;
        -:  280:    /* Write the line into available watchers with matching flags */
    #####:  281:    for (x = 0; x < WATCHER_LIMIT; x++) {
    #####:  282:        logger_watcher *w = watchers[x];
    #####:  283:        char *skip_scr = NULL;
    #####:  284:        if (w == NULL || (e->eflags & w->eflags) == 0)
    #####:  285:            continue;
        -:  286:
        -:  287:         /* Avoid poll()'ing constantly when buffer is full by resetting a
        -:  288:         * flag periodically.
        -:  289:         */
    #####:  290:        while (!w->failed_flush &&
    #####:  291:                (skip_scr = (char *) bipbuf_request(w->buf, scratch_len + 128)) == NULL) {
    #####:  292:            if (logger_thread_poll_watchers(0, x) <= 0) {
    #####:  293:                L_DEBUG("LOGGER: Watcher had no free space for line of size (%d)\n", scratch_len + 128);
    #####:  294:                w->failed_flush = true;
        -:  295:            }
        -:  296:        }
        -:  297:
    #####:  298:        if (w->failed_flush) {
    #####:  299:            L_DEBUG("LOGGER: Fast skipped for watcher [%d] due to failed_flush\n", w->sfd);
    #####:  300:            w->skipped++;
    #####:  301:            ls->watcher_skipped++;
    #####:  302:            continue;
        -:  303:        }
        -:  304:
    #####:  305:        if (w->skipped > 0) {
    #####:  306:            total = snprintf(skip_scr, 128, "skipped=%llu\n", (unsigned long long) w->skipped);
    #####:  307:            if (total >= 128 || total <= 0) {
    #####:  308:                L_DEBUG("LOGGER: Failed to flatten skipped message into watcher [%d]\n", w->sfd);
    #####:  309:                w->skipped++;
    #####:  310:                ls->watcher_skipped++;
    #####:  311:                continue;
        -:  312:            }
    #####:  313:            bipbuf_push(w->buf, total);
    #####:  314:            w->skipped = 0;
        -:  315:        }
        -:  316:        /* Can't fail because bipbuf_request succeeded. */
    #####:  317:        bipbuf_offer(w->buf, (unsigned char *) scratch, scratch_len);
    #####:  318:        ls->watcher_sent++;
        -:  319:    }
    #####:  320:}
------------------
logger_thread_write_entry:
    #####:  277:static void logger_thread_write_entry(logentry *e, struct logger_stats *ls,
        -:  278:        char *scratch, int scratch_len) {
    #####:  279:    int x, total;
        -:  280:    /* Write the line into available watchers with matching flags */
    #####:  281:    for (x = 0; x < WATCHER_LIMIT; x++) {
    #####:  282:        logger_watcher *w = watchers[x];
    #####:  283:        char *skip_scr = NULL;
    #####:  284:        if (w == NULL || (e->eflags & w->eflags) == 0)
    #####:  285:            continue;
        -:  286:
        -:  287:         /* Avoid poll()'ing constantly when buffer is full by resetting a
        -:  288:         * flag periodically.
        -:  289:         */
    #####:  290:        while (!w->failed_flush &&
    #####:  291:                (skip_scr = (char *) bipbuf_request(w->buf, scratch_len + 128)) == NULL) {
    #####:  292:            if (logger_thread_poll_watchers(0, x) <= 0) {
    #####:  293:                L_DEBUG("LOGGER: Watcher had no free space for line of size (%d)\n", scratch_len + 128);
    #####:  294:                w->failed_flush = true;
        -:  295:            }
        -:  296:        }
        -:  297:
    #####:  298:        if (w->failed_flush) {
    #####:  299:            L_DEBUG("LOGGER: Fast skipped for watcher [%d] due to failed_flush\n", w->sfd);
    #####:  300:            w->skipped++;
    #####:  301:            ls->watcher_skipped++;
    #####:  302:            continue;
        -:  303:        }
        -:  304:
    #####:  305:        if (w->skipped > 0) {
    #####:  306:            total = snprintf(skip_scr, 128, "skipped=%llu\n", (unsigned long long) w->skipped);
    #####:  307:            if (total >= 128 || total <= 0) {
    #####:  308:                L_DEBUG("LOGGER: Failed to flatten skipped message into watcher [%d]\n", w->sfd);
    #####:  309:                w->skipped++;
    #####:  310:                ls->watcher_skipped++;
    #####:  311:                continue;
        -:  312:            }
    #####:  313:            bipbuf_push(w->buf, total);
    #####:  314:            w->skipped = 0;
        -:  315:        }
        -:  316:        /* Can't fail because bipbuf_request succeeded. */
    #####:  317:        bipbuf_offer(w->buf, (unsigned char *) scratch, scratch_len);
    #####:  318:        ls->watcher_sent++;
        -:  319:    }
    #####:  320:}
------------------
        -:  321:
        -:  322:/* Called with logger stack locked.
        -:  323: * Releases every chunk associated with a watcher and closes the connection.
        -:  324: * We can't presently send a connection back to the worker for further
        -:  325: * processing.
        -:  326: */
        6:  327:static void logger_thread_close_watcher(logger_watcher *w) {
        6:  328:    L_DEBUG("LOGGER: Closing dead watcher\n");
        6:  329:    watchers[w->id] = NULL;
        6:  330:    sidethread_conn_close(w->c);
        6:  331:    watcher_count--;
        6:  332:    bipbuf_free(w->buf);
        6:  333:    free(w);
        6:  334:    logger_set_flags();
        6:  335:}
------------------
logger_thread_close_watcher:
        2:  327:static void logger_thread_close_watcher(logger_watcher *w) {
        2:  328:    L_DEBUG("LOGGER: Closing dead watcher\n");
        2:  329:    watchers[w->id] = NULL;
        2:  330:    sidethread_conn_close(w->c);
        2:  331:    watcher_count--;
        2:  332:    bipbuf_free(w->buf);
        2:  333:    free(w);
        2:  334:    logger_set_flags();
        2:  335:}
------------------
logger_thread_close_watcher:
        2:  327:static void logger_thread_close_watcher(logger_watcher *w) {
        2:  328:    L_DEBUG("LOGGER: Closing dead watcher\n");
        2:  329:    watchers[w->id] = NULL;
        2:  330:    sidethread_conn_close(w->c);
        2:  331:    watcher_count--;
        2:  332:    bipbuf_free(w->buf);
        2:  333:    free(w);
        2:  334:    logger_set_flags();
        2:  335:}
------------------
logger_thread_close_watcher:
        2:  327:static void logger_thread_close_watcher(logger_watcher *w) {
        2:  328:    L_DEBUG("LOGGER: Closing dead watcher\n");
        2:  329:    watchers[w->id] = NULL;
        2:  330:    sidethread_conn_close(w->c);
        2:  331:    watcher_count--;
        2:  332:    bipbuf_free(w->buf);
        2:  333:    free(w);
        2:  334:    logger_set_flags();
        2:  335:}
------------------
        -:  336:
        -:  337:/* Reads a particular worker thread's available bipbuf bytes. Parses each log
        -:  338: * entry into the watcher buffers.
        -:  339: */
   106548:  340:static int logger_thread_read(logger *l, struct logger_stats *ls) {
   106548:  341:    unsigned int size;
   106548:  342:    unsigned int pos = 0;
   106548:  343:    unsigned char *data;
   106548:  344:    char scratch[LOGGER_PARSE_SCRATCH];
   106548:  345:    logentry *e;
   106548:  346:    pthread_mutex_lock(&l->mutex);
   106548:  347:    data = bipbuf_peek_all(l->buf, &size);
   106548:  348:    pthread_mutex_unlock(&l->mutex);
        -:  349:
   106548:  350:    if (data == NULL) {
        -:  351:        return 0;
        -:  352:    }
        -:  353:    L_DEBUG("LOGGER: Got %d bytes from bipbuffer\n", size);
        -:  354:
        -:  355:    /* parse buffer */
   225183:  356:    while (pos < size && watcher_count > 0) {
   220038:  357:        enum logger_parse_entry_ret ret;
   220038:  358:        int scratch_len = 0;
   220038:  359:        e = (logentry *) (data + pos);
   220038:  360:        ret = logger_thread_parse_entry(e, ls, scratch, &scratch_len);
   220038:  361:        if (ret != LOGGER_PARSE_ENTRY_OK) {
        -:  362:            /* TODO: stats counter */
    #####:  363:            fprintf(stderr, "LOGGER: Failed to parse log entry\n");
        -:  364:        } else {
   220038:  365:            logger_thread_write_entry(e, ls, scratch, scratch_len);
        -:  366:        }
   220038:  367:        pos += sizeof(logentry) + e->size + e->pad;
        -:  368:    }
    5145*:  369:    assert(pos <= size);
        -:  370:
     5145:  371:    pthread_mutex_lock(&l->mutex);
     5145:  372:    data = bipbuf_poll(l->buf, size);
     5145:  373:    ls->worker_written += l->written;
     5145:  374:    ls->worker_dropped += l->dropped;
     5145:  375:    l->written = 0;
     5145:  376:    l->dropped = 0;
     5145:  377:    pthread_mutex_unlock(&l->mutex);
     5145:  378:    if (data == NULL) {
    #####:  379:        fprintf(stderr, "LOGGER: unexpectedly couldn't advance buf pointer\n");
    #####:  380:        assert(0);
        -:  381:    }
     5145:  382:    return size; /* maybe the count of objects iterated? */
        -:  383:}
------------------
logger_thread_read:
    35516:  340:static int logger_thread_read(logger *l, struct logger_stats *ls) {
    35516:  341:    unsigned int size;
    35516:  342:    unsigned int pos = 0;
    35516:  343:    unsigned char *data;
    35516:  344:    char scratch[LOGGER_PARSE_SCRATCH];
    35516:  345:    logentry *e;
    35516:  346:    pthread_mutex_lock(&l->mutex);
    35516:  347:    data = bipbuf_peek_all(l->buf, &size);
    35516:  348:    pthread_mutex_unlock(&l->mutex);
        -:  349:
    35516:  350:    if (data == NULL) {
        -:  351:        return 0;
        -:  352:    }
        -:  353:    L_DEBUG("LOGGER: Got %d bytes from bipbuffer\n", size);
        -:  354:
        -:  355:    /* parse buffer */
    75061:  356:    while (pos < size && watcher_count > 0) {
    73346:  357:        enum logger_parse_entry_ret ret;
    73346:  358:        int scratch_len = 0;
    73346:  359:        e = (logentry *) (data + pos);
    73346:  360:        ret = logger_thread_parse_entry(e, ls, scratch, &scratch_len);
    73346:  361:        if (ret != LOGGER_PARSE_ENTRY_OK) {
        -:  362:            /* TODO: stats counter */
    #####:  363:            fprintf(stderr, "LOGGER: Failed to parse log entry\n");
        -:  364:        } else {
    73346:  365:            logger_thread_write_entry(e, ls, scratch, scratch_len);
        -:  366:        }
    73346:  367:        pos += sizeof(logentry) + e->size + e->pad;
        -:  368:    }
    1715*:  369:    assert(pos <= size);
        -:  370:
     1715:  371:    pthread_mutex_lock(&l->mutex);
     1715:  372:    data = bipbuf_poll(l->buf, size);
     1715:  373:    ls->worker_written += l->written;
     1715:  374:    ls->worker_dropped += l->dropped;
     1715:  375:    l->written = 0;
     1715:  376:    l->dropped = 0;
     1715:  377:    pthread_mutex_unlock(&l->mutex);
     1715:  378:    if (data == NULL) {
    #####:  379:        fprintf(stderr, "LOGGER: unexpectedly couldn't advance buf pointer\n");
    #####:  380:        assert(0);
        -:  381:    }
     1715:  382:    return size; /* maybe the count of objects iterated? */
        -:  383:}
------------------
logger_thread_read:
    35516:  340:static int logger_thread_read(logger *l, struct logger_stats *ls) {
    35516:  341:    unsigned int size;
    35516:  342:    unsigned int pos = 0;
    35516:  343:    unsigned char *data;
    35516:  344:    char scratch[LOGGER_PARSE_SCRATCH];
    35516:  345:    logentry *e;
    35516:  346:    pthread_mutex_lock(&l->mutex);
    35516:  347:    data = bipbuf_peek_all(l->buf, &size);
    35516:  348:    pthread_mutex_unlock(&l->mutex);
        -:  349:
    35516:  350:    if (data == NULL) {
        -:  351:        return 0;
        -:  352:    }
        -:  353:    L_DEBUG("LOGGER: Got %d bytes from bipbuffer\n", size);
        -:  354:
        -:  355:    /* parse buffer */
    75061:  356:    while (pos < size && watcher_count > 0) {
    73346:  357:        enum logger_parse_entry_ret ret;
    73346:  358:        int scratch_len = 0;
    73346:  359:        e = (logentry *) (data + pos);
    73346:  360:        ret = logger_thread_parse_entry(e, ls, scratch, &scratch_len);
    73346:  361:        if (ret != LOGGER_PARSE_ENTRY_OK) {
        -:  362:            /* TODO: stats counter */
    #####:  363:            fprintf(stderr, "LOGGER: Failed to parse log entry\n");
        -:  364:        } else {
    73346:  365:            logger_thread_write_entry(e, ls, scratch, scratch_len);
        -:  366:        }
    73346:  367:        pos += sizeof(logentry) + e->size + e->pad;
        -:  368:    }
    1715*:  369:    assert(pos <= size);
        -:  370:
     1715:  371:    pthread_mutex_lock(&l->mutex);
     1715:  372:    data = bipbuf_poll(l->buf, size);
     1715:  373:    ls->worker_written += l->written;
     1715:  374:    ls->worker_dropped += l->dropped;
     1715:  375:    l->written = 0;
     1715:  376:    l->dropped = 0;
     1715:  377:    pthread_mutex_unlock(&l->mutex);
     1715:  378:    if (data == NULL) {
    #####:  379:        fprintf(stderr, "LOGGER: unexpectedly couldn't advance buf pointer\n");
    #####:  380:        assert(0);
        -:  381:    }
     1715:  382:    return size; /* maybe the count of objects iterated? */
        -:  383:}
------------------
logger_thread_read:
    35516:  340:static int logger_thread_read(logger *l, struct logger_stats *ls) {
    35516:  341:    unsigned int size;
    35516:  342:    unsigned int pos = 0;
    35516:  343:    unsigned char *data;
    35516:  344:    char scratch[LOGGER_PARSE_SCRATCH];
    35516:  345:    logentry *e;
    35516:  346:    pthread_mutex_lock(&l->mutex);
    35516:  347:    data = bipbuf_peek_all(l->buf, &size);
    35516:  348:    pthread_mutex_unlock(&l->mutex);
        -:  349:
    35516:  350:    if (data == NULL) {
        -:  351:        return 0;
        -:  352:    }
        -:  353:    L_DEBUG("LOGGER: Got %d bytes from bipbuffer\n", size);
        -:  354:
        -:  355:    /* parse buffer */
    75061:  356:    while (pos < size && watcher_count > 0) {
    73346:  357:        enum logger_parse_entry_ret ret;
    73346:  358:        int scratch_len = 0;
    73346:  359:        e = (logentry *) (data + pos);
    73346:  360:        ret = logger_thread_parse_entry(e, ls, scratch, &scratch_len);
    73346:  361:        if (ret != LOGGER_PARSE_ENTRY_OK) {
        -:  362:            /* TODO: stats counter */
    #####:  363:            fprintf(stderr, "LOGGER: Failed to parse log entry\n");
        -:  364:        } else {
    73346:  365:            logger_thread_write_entry(e, ls, scratch, scratch_len);
        -:  366:        }
    73346:  367:        pos += sizeof(logentry) + e->size + e->pad;
        -:  368:    }
    1715*:  369:    assert(pos <= size);
        -:  370:
     1715:  371:    pthread_mutex_lock(&l->mutex);
     1715:  372:    data = bipbuf_poll(l->buf, size);
     1715:  373:    ls->worker_written += l->written;
     1715:  374:    ls->worker_dropped += l->dropped;
     1715:  375:    l->written = 0;
     1715:  376:    l->dropped = 0;
     1715:  377:    pthread_mutex_unlock(&l->mutex);
     1715:  378:    if (data == NULL) {
    #####:  379:        fprintf(stderr, "LOGGER: unexpectedly couldn't advance buf pointer\n");
    #####:  380:        assert(0);
        -:  381:    }
     1715:  382:    return size; /* maybe the count of objects iterated? */
        -:  383:}
------------------
        -:  384:
        -:  385:/* Since the event loop code isn't reusable without a refactor, and we have a
        -:  386: * limited number of potential watchers, we run our own poll loop.
        -:  387: * This calls poll() unnecessarily during write flushes, should be possible to
        -:  388: * micro-optimize later.
        -:  389: *
        -:  390: * This flushes buffers attached to watchers, iterating through the bytes set
        -:  391: * to each worker. Also checks for readability in case client connection was
        -:  392: * closed.
        -:  393: *
        -:  394: * Allows a specific watcher to be flushed (if buf full)
        -:  395: */
    27096:  396:static int logger_thread_poll_watchers(int force_poll, int watcher) {
    27096:  397:    int x;
    27096:  398:    int nfd = 0;
    27096:  399:    unsigned char *data;
    27096:  400:    unsigned int data_size = 0;
    27096:  401:    int flushed = 0;
        -:  402:
   569016:  403:    for (x = 0; x < WATCHER_LIMIT; x++) {
   541920:  404:        logger_watcher *w = watchers[x];
   541920:  405:        if (w == NULL || (watcher != WATCHER_ALL && x != watcher))
        -:  406:            continue;
        -:  407:
    15546:  408:        data = bipbuf_peek_all(w->buf, &data_size);
    15546:  409:        if (data != NULL) {
    15543:  410:            watchers_pollfds[nfd].fd = w->sfd;
    15543:  411:            watchers_pollfds[nfd].events = POLLOUT;
    15543:  412:            nfd++;
        3:  413:        } else if (force_poll) {
        3:  414:            watchers_pollfds[nfd].fd = w->sfd;
        3:  415:            watchers_pollfds[nfd].events = POLLIN;
        3:  416:            nfd++;
        -:  417:        }
        -:  418:        /* This gets set after a call to poll, and should be used to gate on
        -:  419:         * calling poll again.
        -:  420:         */
    15546:  421:        w->failed_flush = false;
        -:  422:    }
        -:  423:
    27096:  424:    if (nfd == 0)
        -:  425:        return 0;
        -:  426:
        -:  427:    //L_DEBUG("LOGGER: calling poll() [data_size: %d]\n", data_size);
    15534:  428:    int ret = poll(watchers_pollfds, nfd, 0);
        -:  429:
    15534:  430:    if (ret < 0) {
    #####:  431:        perror("something failed with logger thread watcher fd polling");
    #####:  432:        return -1;
        -:  433:    }
        -:  434:
        -:  435:    nfd = 0;
   326214:  436:    for (x = 0; x < WATCHER_LIMIT; x++) {
   310680:  437:        logger_watcher *w = watchers[x];
   310680:  438:        if (w == NULL)
        -:  439:            continue;
        -:  440:
    15549:  441:        data_size = 0;
        -:  442:        /* Early detection of a disconnect. Otherwise we have to wait until
        -:  443:         * the next write
        -:  444:         */
    15549:  445:        if (watchers_pollfds[nfd].revents & POLLIN) {
    #####:  446:            char buf[1];
    #####:  447:            int res = ((conn*)w->c)->read(w->c, buf, 1);
    #####:  448:            if (res == 0 || (res == -1 && (errno != EAGAIN && errno != EWOULDBLOCK))) {
    #####:  449:                L_DEBUG("LOGGER: watcher closed remotely\n");
    #####:  450:                logger_thread_close_watcher(w);
    #####:  451:                nfd++;
    #####:  452:                continue;
        -:  453:            }
        -:  454:        }
    15549:  455:        if ((data = bipbuf_peek_all(w->buf, &data_size)) != NULL) {
    15546:  456:            if (watchers_pollfds[nfd].revents & (POLLHUP|POLLERR)) {
        3:  457:                L_DEBUG("LOGGER: watcher closed during poll() call\n");
        3:  458:                logger_thread_close_watcher(w);
    15543:  459:            } else if (watchers_pollfds[nfd].revents & POLLOUT) {
       54:  460:                int total = 0;
        -:  461:
        -:  462:                /* We can write a bit. */
       54:  463:                switch (w->t) {
    #####:  464:                    case LOGGER_WATCHER_STDERR:
    #####:  465:                        total = fwrite(data, 1, data_size, stderr);
    #####:  466:                        break;
       54:  467:                    case LOGGER_WATCHER_CLIENT:
       54:  468:                        total = ((conn*)w->c)->write(w->c, data, data_size);
       54:  469:                        break;
        -:  470:                }
        -:  471:
        -:  472:                L_DEBUG("LOGGER: poll() wrote %d to %d (data_size: %d) (bipbuf_used: %d)\n", total, w->sfd,
       54:  473:                        data_size, bipbuf_used(w->buf));
       54:  474:                if (total == -1) {
        3:  475:                    if (errno != EAGAIN && errno != EWOULDBLOCK) {
        3:  476:                        logger_thread_close_watcher(w);
        -:  477:                    }
        -:  478:                    L_DEBUG("LOGGER: watcher hit EAGAIN\n");
       51:  479:                } else if (total == 0) {
    #####:  480:                    logger_thread_close_watcher(w);
        -:  481:                } else {
       51:  482:                    bipbuf_poll(w->buf, total);
       51:  483:                    flushed += total;
        -:  484:                }
        -:  485:            }
        -:  486:        }
    15549:  487:        nfd++;
        -:  488:    }
        -:  489:    return flushed;
        -:  490:}
------------------
logger_thread_poll_watchers:
     9032:  396:static int logger_thread_poll_watchers(int force_poll, int watcher) {
     9032:  397:    int x;
     9032:  398:    int nfd = 0;
     9032:  399:    unsigned char *data;
     9032:  400:    unsigned int data_size = 0;
     9032:  401:    int flushed = 0;
        -:  402:
   189672:  403:    for (x = 0; x < WATCHER_LIMIT; x++) {
   180640:  404:        logger_watcher *w = watchers[x];
   180640:  405:        if (w == NULL || (watcher != WATCHER_ALL && x != watcher))
        -:  406:            continue;
        -:  407:
     5182:  408:        data = bipbuf_peek_all(w->buf, &data_size);
     5182:  409:        if (data != NULL) {
     5181:  410:            watchers_pollfds[nfd].fd = w->sfd;
     5181:  411:            watchers_pollfds[nfd].events = POLLOUT;
     5181:  412:            nfd++;
        1:  413:        } else if (force_poll) {
        1:  414:            watchers_pollfds[nfd].fd = w->sfd;
        1:  415:            watchers_pollfds[nfd].events = POLLIN;
        1:  416:            nfd++;
        -:  417:        }
        -:  418:        /* This gets set after a call to poll, and should be used to gate on
        -:  419:         * calling poll again.
        -:  420:         */
     5182:  421:        w->failed_flush = false;
        -:  422:    }
        -:  423:
     9032:  424:    if (nfd == 0)
        -:  425:        return 0;
        -:  426:
        -:  427:    //L_DEBUG("LOGGER: calling poll() [data_size: %d]\n", data_size);
     5178:  428:    int ret = poll(watchers_pollfds, nfd, 0);
        -:  429:
     5178:  430:    if (ret < 0) {
    #####:  431:        perror("something failed with logger thread watcher fd polling");
    #####:  432:        return -1;
        -:  433:    }
        -:  434:
        -:  435:    nfd = 0;
   108738:  436:    for (x = 0; x < WATCHER_LIMIT; x++) {
   103560:  437:        logger_watcher *w = watchers[x];
   103560:  438:        if (w == NULL)
        -:  439:            continue;
        -:  440:
     5183:  441:        data_size = 0;
        -:  442:        /* Early detection of a disconnect. Otherwise we have to wait until
        -:  443:         * the next write
        -:  444:         */
     5183:  445:        if (watchers_pollfds[nfd].revents & POLLIN) {
    #####:  446:            char buf[1];
    #####:  447:            int res = ((conn*)w->c)->read(w->c, buf, 1);
    #####:  448:            if (res == 0 || (res == -1 && (errno != EAGAIN && errno != EWOULDBLOCK))) {
    #####:  449:                L_DEBUG("LOGGER: watcher closed remotely\n");
    #####:  450:                logger_thread_close_watcher(w);
    #####:  451:                nfd++;
    #####:  452:                continue;
        -:  453:            }
        -:  454:        }
     5183:  455:        if ((data = bipbuf_peek_all(w->buf, &data_size)) != NULL) {
     5182:  456:            if (watchers_pollfds[nfd].revents & (POLLHUP|POLLERR)) {
        1:  457:                L_DEBUG("LOGGER: watcher closed during poll() call\n");
        1:  458:                logger_thread_close_watcher(w);
     5181:  459:            } else if (watchers_pollfds[nfd].revents & POLLOUT) {
       18:  460:                int total = 0;
        -:  461:
        -:  462:                /* We can write a bit. */
       18:  463:                switch (w->t) {
    #####:  464:                    case LOGGER_WATCHER_STDERR:
    #####:  465:                        total = fwrite(data, 1, data_size, stderr);
    #####:  466:                        break;
       18:  467:                    case LOGGER_WATCHER_CLIENT:
       18:  468:                        total = ((conn*)w->c)->write(w->c, data, data_size);
       18:  469:                        break;
        -:  470:                }
        -:  471:
        -:  472:                L_DEBUG("LOGGER: poll() wrote %d to %d (data_size: %d) (bipbuf_used: %d)\n", total, w->sfd,
       18:  473:                        data_size, bipbuf_used(w->buf));
       18:  474:                if (total == -1) {
        1:  475:                    if (errno != EAGAIN && errno != EWOULDBLOCK) {
        1:  476:                        logger_thread_close_watcher(w);
        -:  477:                    }
        -:  478:                    L_DEBUG("LOGGER: watcher hit EAGAIN\n");
       17:  479:                } else if (total == 0) {
    #####:  480:                    logger_thread_close_watcher(w);
        -:  481:                } else {
       17:  482:                    bipbuf_poll(w->buf, total);
       17:  483:                    flushed += total;
        -:  484:                }
        -:  485:            }
        -:  486:        }
     5183:  487:        nfd++;
        -:  488:    }
        -:  489:    return flushed;
        -:  490:}
------------------
logger_thread_poll_watchers:
     9032:  396:static int logger_thread_poll_watchers(int force_poll, int watcher) {
     9032:  397:    int x;
     9032:  398:    int nfd = 0;
     9032:  399:    unsigned char *data;
     9032:  400:    unsigned int data_size = 0;
     9032:  401:    int flushed = 0;
        -:  402:
   189672:  403:    for (x = 0; x < WATCHER_LIMIT; x++) {
   180640:  404:        logger_watcher *w = watchers[x];
   180640:  405:        if (w == NULL || (watcher != WATCHER_ALL && x != watcher))
        -:  406:            continue;
        -:  407:
     5182:  408:        data = bipbuf_peek_all(w->buf, &data_size);
     5182:  409:        if (data != NULL) {
     5181:  410:            watchers_pollfds[nfd].fd = w->sfd;
     5181:  411:            watchers_pollfds[nfd].events = POLLOUT;
     5181:  412:            nfd++;
        1:  413:        } else if (force_poll) {
        1:  414:            watchers_pollfds[nfd].fd = w->sfd;
        1:  415:            watchers_pollfds[nfd].events = POLLIN;
        1:  416:            nfd++;
        -:  417:        }
        -:  418:        /* This gets set after a call to poll, and should be used to gate on
        -:  419:         * calling poll again.
        -:  420:         */
     5182:  421:        w->failed_flush = false;
        -:  422:    }
        -:  423:
     9032:  424:    if (nfd == 0)
        -:  425:        return 0;
        -:  426:
        -:  427:    //L_DEBUG("LOGGER: calling poll() [data_size: %d]\n", data_size);
     5178:  428:    int ret = poll(watchers_pollfds, nfd, 0);
        -:  429:
     5178:  430:    if (ret < 0) {
    #####:  431:        perror("something failed with logger thread watcher fd polling");
    #####:  432:        return -1;
        -:  433:    }
        -:  434:
        -:  435:    nfd = 0;
   108738:  436:    for (x = 0; x < WATCHER_LIMIT; x++) {
   103560:  437:        logger_watcher *w = watchers[x];
   103560:  438:        if (w == NULL)
        -:  439:            continue;
        -:  440:
     5183:  441:        data_size = 0;
        -:  442:        /* Early detection of a disconnect. Otherwise we have to wait until
        -:  443:         * the next write
        -:  444:         */
     5183:  445:        if (watchers_pollfds[nfd].revents & POLLIN) {
    #####:  446:            char buf[1];
    #####:  447:            int res = ((conn*)w->c)->read(w->c, buf, 1);
    #####:  448:            if (res == 0 || (res == -1 && (errno != EAGAIN && errno != EWOULDBLOCK))) {
    #####:  449:                L_DEBUG("LOGGER: watcher closed remotely\n");
    #####:  450:                logger_thread_close_watcher(w);
    #####:  451:                nfd++;
    #####:  452:                continue;
        -:  453:            }
        -:  454:        }
     5183:  455:        if ((data = bipbuf_peek_all(w->buf, &data_size)) != NULL) {
     5182:  456:            if (watchers_pollfds[nfd].revents & (POLLHUP|POLLERR)) {
        1:  457:                L_DEBUG("LOGGER: watcher closed during poll() call\n");
        1:  458:                logger_thread_close_watcher(w);
     5181:  459:            } else if (watchers_pollfds[nfd].revents & POLLOUT) {
       18:  460:                int total = 0;
        -:  461:
        -:  462:                /* We can write a bit. */
       18:  463:                switch (w->t) {
    #####:  464:                    case LOGGER_WATCHER_STDERR:
    #####:  465:                        total = fwrite(data, 1, data_size, stderr);
    #####:  466:                        break;
       18:  467:                    case LOGGER_WATCHER_CLIENT:
       18:  468:                        total = ((conn*)w->c)->write(w->c, data, data_size);
       18:  469:                        break;
        -:  470:                }
        -:  471:
        -:  472:                L_DEBUG("LOGGER: poll() wrote %d to %d (data_size: %d) (bipbuf_used: %d)\n", total, w->sfd,
       18:  473:                        data_size, bipbuf_used(w->buf));
       18:  474:                if (total == -1) {
        1:  475:                    if (errno != EAGAIN && errno != EWOULDBLOCK) {
        1:  476:                        logger_thread_close_watcher(w);
        -:  477:                    }
        -:  478:                    L_DEBUG("LOGGER: watcher hit EAGAIN\n");
       17:  479:                } else if (total == 0) {
    #####:  480:                    logger_thread_close_watcher(w);
        -:  481:                } else {
       17:  482:                    bipbuf_poll(w->buf, total);
       17:  483:                    flushed += total;
        -:  484:                }
        -:  485:            }
        -:  486:        }
     5183:  487:        nfd++;
        -:  488:    }
        -:  489:    return flushed;
        -:  490:}
------------------
logger_thread_poll_watchers:
     9032:  396:static int logger_thread_poll_watchers(int force_poll, int watcher) {
     9032:  397:    int x;
     9032:  398:    int nfd = 0;
     9032:  399:    unsigned char *data;
     9032:  400:    unsigned int data_size = 0;
     9032:  401:    int flushed = 0;
        -:  402:
   189672:  403:    for (x = 0; x < WATCHER_LIMIT; x++) {
   180640:  404:        logger_watcher *w = watchers[x];
   180640:  405:        if (w == NULL || (watcher != WATCHER_ALL && x != watcher))
        -:  406:            continue;
        -:  407:
     5182:  408:        data = bipbuf_peek_all(w->buf, &data_size);
     5182:  409:        if (data != NULL) {
     5181:  410:            watchers_pollfds[nfd].fd = w->sfd;
     5181:  411:            watchers_pollfds[nfd].events = POLLOUT;
     5181:  412:            nfd++;
        1:  413:        } else if (force_poll) {
        1:  414:            watchers_pollfds[nfd].fd = w->sfd;
        1:  415:            watchers_pollfds[nfd].events = POLLIN;
        1:  416:            nfd++;
        -:  417:        }
        -:  418:        /* This gets set after a call to poll, and should be used to gate on
        -:  419:         * calling poll again.
        -:  420:         */
     5182:  421:        w->failed_flush = false;
        -:  422:    }
        -:  423:
     9032:  424:    if (nfd == 0)
        -:  425:        return 0;
        -:  426:
        -:  427:    //L_DEBUG("LOGGER: calling poll() [data_size: %d]\n", data_size);
     5178:  428:    int ret = poll(watchers_pollfds, nfd, 0);
        -:  429:
     5178:  430:    if (ret < 0) {
    #####:  431:        perror("something failed with logger thread watcher fd polling");
    #####:  432:        return -1;
        -:  433:    }
        -:  434:
        -:  435:    nfd = 0;
   108738:  436:    for (x = 0; x < WATCHER_LIMIT; x++) {
   103560:  437:        logger_watcher *w = watchers[x];
   103560:  438:        if (w == NULL)
        -:  439:            continue;
        -:  440:
     5183:  441:        data_size = 0;
        -:  442:        /* Early detection of a disconnect. Otherwise we have to wait until
        -:  443:         * the next write
        -:  444:         */
     5183:  445:        if (watchers_pollfds[nfd].revents & POLLIN) {
    #####:  446:            char buf[1];
    #####:  447:            int res = ((conn*)w->c)->read(w->c, buf, 1);
    #####:  448:            if (res == 0 || (res == -1 && (errno != EAGAIN && errno != EWOULDBLOCK))) {
    #####:  449:                L_DEBUG("LOGGER: watcher closed remotely\n");
    #####:  450:                logger_thread_close_watcher(w);
    #####:  451:                nfd++;
    #####:  452:                continue;
        -:  453:            }
        -:  454:        }
     5183:  455:        if ((data = bipbuf_peek_all(w->buf, &data_size)) != NULL) {
     5182:  456:            if (watchers_pollfds[nfd].revents & (POLLHUP|POLLERR)) {
        1:  457:                L_DEBUG("LOGGER: watcher closed during poll() call\n");
        1:  458:                logger_thread_close_watcher(w);
     5181:  459:            } else if (watchers_pollfds[nfd].revents & POLLOUT) {
       18:  460:                int total = 0;
        -:  461:
        -:  462:                /* We can write a bit. */
       18:  463:                switch (w->t) {
    #####:  464:                    case LOGGER_WATCHER_STDERR:
    #####:  465:                        total = fwrite(data, 1, data_size, stderr);
    #####:  466:                        break;
       18:  467:                    case LOGGER_WATCHER_CLIENT:
       18:  468:                        total = ((conn*)w->c)->write(w->c, data, data_size);
       18:  469:                        break;
        -:  470:                }
        -:  471:
        -:  472:                L_DEBUG("LOGGER: poll() wrote %d to %d (data_size: %d) (bipbuf_used: %d)\n", total, w->sfd,
       18:  473:                        data_size, bipbuf_used(w->buf));
       18:  474:                if (total == -1) {
        1:  475:                    if (errno != EAGAIN && errno != EWOULDBLOCK) {
        1:  476:                        logger_thread_close_watcher(w);
        -:  477:                    }
        -:  478:                    L_DEBUG("LOGGER: watcher hit EAGAIN\n");
       17:  479:                } else if (total == 0) {
    #####:  480:                    logger_thread_close_watcher(w);
        -:  481:                } else {
       17:  482:                    bipbuf_poll(w->buf, total);
       17:  483:                    flushed += total;
        -:  484:                }
        -:  485:            }
        -:  486:        }
     5183:  487:        nfd++;
        -:  488:    }
        -:  489:    return flushed;
        -:  490:}
------------------
        -:  491:
    21942:  492:static void logger_thread_sum_stats(struct logger_stats *ls) {
    21942:  493:    STATS_LOCK();
    21942:  494:    stats.log_worker_dropped  += ls->worker_dropped;
    21942:  495:    stats.log_worker_written  += ls->worker_written;
    21942:  496:    stats.log_watcher_skipped += ls->watcher_skipped;
    21942:  497:    stats.log_watcher_sent    += ls->watcher_sent;
    21942:  498:    STATS_UNLOCK();
    21942:  499:}
------------------
logger_thread_sum_stats:
     7314:  492:static void logger_thread_sum_stats(struct logger_stats *ls) {
     7314:  493:    STATS_LOCK();
     7314:  494:    stats.log_worker_dropped  += ls->worker_dropped;
     7314:  495:    stats.log_worker_written  += ls->worker_written;
     7314:  496:    stats.log_watcher_skipped += ls->watcher_skipped;
     7314:  497:    stats.log_watcher_sent    += ls->watcher_sent;
     7314:  498:    STATS_UNLOCK();
     7314:  499:}
------------------
logger_thread_sum_stats:
     7314:  492:static void logger_thread_sum_stats(struct logger_stats *ls) {
     7314:  493:    STATS_LOCK();
     7314:  494:    stats.log_worker_dropped  += ls->worker_dropped;
     7314:  495:    stats.log_worker_written  += ls->worker_written;
     7314:  496:    stats.log_watcher_skipped += ls->watcher_skipped;
     7314:  497:    stats.log_watcher_sent    += ls->watcher_sent;
     7314:  498:    STATS_UNLOCK();
     7314:  499:}
------------------
logger_thread_sum_stats:
     7314:  492:static void logger_thread_sum_stats(struct logger_stats *ls) {
     7314:  493:    STATS_LOCK();
     7314:  494:    stats.log_worker_dropped  += ls->worker_dropped;
     7314:  495:    stats.log_worker_written  += ls->worker_written;
     7314:  496:    stats.log_watcher_skipped += ls->watcher_skipped;
     7314:  497:    stats.log_watcher_sent    += ls->watcher_sent;
     7314:  498:    STATS_UNLOCK();
     7314:  499:}
------------------
        -:  500:
        -:  501:#define MAX_LOGGER_SLEEP 1000000
        -:  502:#define MIN_LOGGER_SLEEP 1000
        -:  503:
        -:  504:/* Primary logger thread routine */
      285:  505:static void *logger_thread(void *arg) {
      285:  506:    useconds_t to_sleep = MIN_LOGGER_SLEEP;
      285:  507:    L_DEBUG("LOGGER: Starting logger thread\n");
    22227:  508:    while (do_run_logger_thread) {
    22227:  509:        int found_logs = 0;
    22227:  510:        logger *l;
    22227:  511:        struct logger_stats ls;
    22227:  512:        memset(&ls, 0, sizeof(struct logger_stats));
        -:  513:
        -:  514:        /* only sleep if we're *above* the minimum */
    22227:  515:        if (to_sleep > MIN_LOGGER_SLEEP)
    16833:  516:            usleep(to_sleep);
        -:  517:
        -:  518:        /* Call function to iterate each logger. */
    21942:  519:        pthread_mutex_lock(&logger_stack_lock);
   128490:  520:        for (l = logger_stack_head; l != NULL; l=l->next) {
        -:  521:            /* lock logger, call function to manipulate it */
   106548:  522:            found_logs += logger_thread_read(l, &ls);
        -:  523:        }
        -:  524:
    21942:  525:        logger_thread_poll_watchers(1, WATCHER_ALL);
    21942:  526:        pthread_mutex_unlock(&logger_stack_lock);
        -:  527:
        -:  528:        /* TODO: abstract into a function and share with lru_crawler */
    21942:  529:        if (!found_logs) {
    16797:  530:            if (to_sleep < MAX_LOGGER_SLEEP)
    16743:  531:                to_sleep += to_sleep / 8;
    16797:  532:            if (to_sleep > MAX_LOGGER_SLEEP)
       12:  533:                to_sleep = MAX_LOGGER_SLEEP;
        -:  534:        } else {
     5145:  535:            to_sleep /= 2;
     5145:  536:            if (to_sleep < MIN_LOGGER_SLEEP)
     5109:  537:                to_sleep = MIN_LOGGER_SLEEP;
        -:  538:        }
    21942:  539:        logger_thread_sum_stats(&ls);
        -:  540:    }
        -:  541:
    #####:  542:    return NULL;
        -:  543:}
------------------
logger_thread:
       95:  505:static void *logger_thread(void *arg) {
       95:  506:    useconds_t to_sleep = MIN_LOGGER_SLEEP;
       95:  507:    L_DEBUG("LOGGER: Starting logger thread\n");
     7409:  508:    while (do_run_logger_thread) {
     7409:  509:        int found_logs = 0;
     7409:  510:        logger *l;
     7409:  511:        struct logger_stats ls;
     7409:  512:        memset(&ls, 0, sizeof(struct logger_stats));
        -:  513:
        -:  514:        /* only sleep if we're *above* the minimum */
     7409:  515:        if (to_sleep > MIN_LOGGER_SLEEP)
     5611:  516:            usleep(to_sleep);
        -:  517:
        -:  518:        /* Call function to iterate each logger. */
     7314:  519:        pthread_mutex_lock(&logger_stack_lock);
    42830:  520:        for (l = logger_stack_head; l != NULL; l=l->next) {
        -:  521:            /* lock logger, call function to manipulate it */
    35516:  522:            found_logs += logger_thread_read(l, &ls);
        -:  523:        }
        -:  524:
     7314:  525:        logger_thread_poll_watchers(1, WATCHER_ALL);
     7314:  526:        pthread_mutex_unlock(&logger_stack_lock);
        -:  527:
        -:  528:        /* TODO: abstract into a function and share with lru_crawler */
     7314:  529:        if (!found_logs) {
     5599:  530:            if (to_sleep < MAX_LOGGER_SLEEP)
     5581:  531:                to_sleep += to_sleep / 8;
     5599:  532:            if (to_sleep > MAX_LOGGER_SLEEP)
        4:  533:                to_sleep = MAX_LOGGER_SLEEP;
        -:  534:        } else {
     1715:  535:            to_sleep /= 2;
     1715:  536:            if (to_sleep < MIN_LOGGER_SLEEP)
     1703:  537:                to_sleep = MIN_LOGGER_SLEEP;
        -:  538:        }
     7314:  539:        logger_thread_sum_stats(&ls);
        -:  540:    }
        -:  541:
    #####:  542:    return NULL;
        -:  543:}
------------------
logger_thread:
       95:  505:static void *logger_thread(void *arg) {
       95:  506:    useconds_t to_sleep = MIN_LOGGER_SLEEP;
       95:  507:    L_DEBUG("LOGGER: Starting logger thread\n");
     7409:  508:    while (do_run_logger_thread) {
     7409:  509:        int found_logs = 0;
     7409:  510:        logger *l;
     7409:  511:        struct logger_stats ls;
     7409:  512:        memset(&ls, 0, sizeof(struct logger_stats));
[...]
        3:  728:            _logger_log_evictions(e, (item *)entry);
        3:  729:            break;
        -:  730:#ifdef EXTSTORE
        -:  731:        case LOGGER_EXT_WRITE_ENTRY:
        -:  732:            va_start(ap, entry);
        -:  733:            int ew_bucket = va_arg(ap, int);
        -:  734:            va_end(ap);
        -:  735:            _logger_log_ext_write(e, (item *)entry, ew_bucket);
        -:  736:            break;
        -:  737:#endif
   220653:  738:        case LOGGER_ITEM_GET_ENTRY:
   220653:  739:            va_start(ap, entry);
   220653:  740:            int was_found = va_arg(ap, int);
   220653:  741:            char *key = va_arg(ap, char *);
   220653:  742:            size_t nkey = va_arg(ap, size_t);
   220653:  743:            uint8_t gclsid = va_arg(ap, int);
   220653:  744:            _logger_log_item_get(e, was_found, key, nkey, gclsid);
   220653:  745:            va_end(ap);
   220653:  746:            break;
     1134:  747:        case LOGGER_ITEM_STORE_ENTRY:
     1134:  748:            va_start(ap, entry);
     1134:  749:            enum store_item_type status = va_arg(ap, enum store_item_type);
     1134:  750:            int comm = va_arg(ap, int);
     1134:  751:            char *skey = va_arg(ap, char *);
     1134:  752:            size_t snkey = va_arg(ap, size_t);
     1134:  753:            rel_time_t sttl = va_arg(ap, rel_time_t);
     1134:  754:            uint8_t sclsid = va_arg(ap, int);
     1134:  755:            _logger_log_item_store(e, status, comm, skey, snkey, sttl, sclsid);
     1134:  756:            va_end(ap);
     1134:  757:            break;
        -:  758:    }
        -:  759:
        -:  760:#ifdef NEED_ALIGN
        -:  761:    /* Need to ensure *next* request is aligned. */
        -:  762:    if (sizeof(logentry) + e->size % 8 != 0) {
        -:  763:        e->pad = 8 - (sizeof(logentry) + e->size % 8);
        -:  764:    }
        -:  765:#endif
        -:  766:
        -:  767:    /* Push pointer forward by the actual amount required */
   221790:  768:    if (bipbuf_push(buf, (sizeof(logentry) + e->size + e->pad)) == 0) {
    #####:  769:        fprintf(stderr, "LOGGER: Failed to bipbuf push a text entry\n");
    #####:  770:        pthread_mutex_unlock(&l->mutex);
    #####:  771:        return LOGGER_RET_ERR;
        -:  772:    }
   221790:  773:    l->written++;
        -:  774:    L_DEBUG("LOGGER: Requested %d bytes, wrote %lu bytes\n", reqlen,
   221790:  775:            (sizeof(logentry) + e->size));
        -:  776:
   221790:  777:    pthread_mutex_unlock(&l->mutex);
        -:  778:
   221790:  779:    if (nospace) {
        -:  780:        return LOGGER_RET_NOSPACE;
        -:  781:    } else {
   221790:  782:        return LOGGER_RET_OK;
        -:  783:    }
        -:  784:}
------------------
logger_log:
    80761:  685:enum logger_ret_type logger_log(logger *l, const enum log_entry_type event, const void *entry, ...) {
    80761:  686:    bipbuf_t *buf = l->buf;
    80761:  687:    bool nospace = false;
    80761:  688:    va_list ap;
    80761:  689:    int total = 0;
    80761:  690:    logentry *e;
        -:  691:
    80761:  692:    const entry_details *d = &l->entry_map[event];
    80761:  693:    int reqlen = d->reqlen;
        -:  694:
    80761:  695:    pthread_mutex_lock(&l->mutex);
        -:  696:    /* Request a maximum length of data to write to */
    80761:  697:    e = (logentry *) bipbuf_request(buf, (sizeof(logentry) + reqlen));
    80761:  698:    if (e == NULL) {
     6831:  699:        pthread_mutex_unlock(&l->mutex);
     6831:  700:        l->dropped++;
     6831:  701:        return LOGGER_RET_NOSPACE;
        -:  702:    }
    73930:  703:    e->event = d->subtype;
    73930:  704:    e->pad = 0;
   147860:  705:    e->gid = logger_get_gid();
        -:  706:    /* TODO: Could pass this down as an argument now that we're using
        -:  707:     * LOGGER_LOG() macro.
        -:  708:     */
    73930:  709:    e->eflags = d->eflags;
        -:  710:    /* Noting time isn't optional. A feature may be added to avoid rendering
        -:  711:     * time and/or gid to a logger.
        -:  712:     */
    73930:  713:    gettimeofday(&e->tv, NULL);
        -:  714:
    73930:  715:    switch (d->subtype) {
    #####:  716:        case LOGGER_TEXT_ENTRY:
    #####:  717:            va_start(ap, entry);
    #####:  718:            total = vsnprintf((char *) e->data, reqlen, d->format, ap);
    #####:  719:            va_end(ap);
    #####:  720:            if (total >= reqlen || total <= 0) {
    #####:  721:                fprintf(stderr, "LOGGER: Failed to vsnprintf a text entry: (total) %d\n", total);
        -:  722:                break;
        -:  723:            }
    #####:  724:            e->size = total + 1; /* null byte */
        -:  725:
    #####:  726:            break;
        1:  727:        case LOGGER_EVICTION_ENTRY:
        1:  728:            _logger_log_evictions(e, (item *)entry);
        1:  729:            break;
        -:  730:#ifdef EXTSTORE
        -:  731:        case LOGGER_EXT_WRITE_ENTRY:
        -:  732:            va_start(ap, entry);
        -:  733:            int ew_bucket = va_arg(ap, int);
        -:  734:            va_end(ap);
        -:  735:            _logger_log_ext_write(e, (item *)entry, ew_bucket);
        -:  736:            break;
        -:  737:#endif
    73551:  738:        case LOGGER_ITEM_GET_ENTRY:
    73551:  739:            va_start(ap, entry);
    73551:  740:            int was_found = va_arg(ap, int);
    73551:  741:            char *key = va_arg(ap, char *);
    73551:  742:            size_t nkey = va_arg(ap, size_t);
    73551:  743:            uint8_t gclsid = va_arg(ap, int);
    73551:  744:            _logger_log_item_get(e, was_found, key, nkey, gclsid);
    73551:  745:            va_end(ap);
    73551:  746:            break;
      378:  747:        case LOGGER_ITEM_STORE_ENTRY:
      378:  748:            va_start(ap, entry);
      378:  749:            enum store_item_type status = va_arg(ap, enum store_item_type);
      378:  750:            int comm = va_arg(ap, int);
      378:  751:            char *skey = va_arg(ap, char *);
      378:  752:            size_t snkey = va_arg(ap, size_t);
      378:  753:            rel_time_t sttl = va_arg(ap, rel_time_t);
      378:  754:            uint8_t sclsid = va_arg(ap, int);
      378:  755:            _logger_log_item_store(e, status, comm, skey, snkey, sttl, sclsid);
      378:  756:            va_end(ap);
      378:  757:            break;
        -:  758:    }
        -:  759:
        -:  760:#ifdef NEED_ALIGN
        -:  761:    /* Need to ensure *next* request is aligned. */
        -:  762:    if (sizeof(logentry) + e->size % 8 != 0) {
        -:  763:        e->pad = 8 - (sizeof(logentry) + e->size % 8);
        -:  764:    }
        -:  765:#endif
        -:  766:
        -:  767:    /* Push pointer forward by the actual amount required */
    73930:  768:    if (bipbuf_push(buf, (sizeof(logentry) + e->size + e->pad)) == 0) {
    #####:  769:        fprintf(stderr, "LOGGER: Failed to bipbuf push a text entry\n");
    #####:  770:        pthread_mutex_unlock(&l->mutex);
    #####:  771:        return LOGGER_RET_ERR;
        -:  772:    }
    73930:  773:    l->written++;
        -:  774:    L_DEBUG("LOGGER: Requested %d bytes, wrote %lu bytes\n", reqlen,
    73930:  775:            (sizeof(logentry) + e->size));
        -:  776:
    73930:  777:    pthread_mutex_unlock(&l->mutex);
        -:  778:
    73930:  779:    if (nospace) {
        -:  780:        return LOGGER_RET_NOSPACE;
        -:  781:    } else {
    73930:  782:        return LOGGER_RET_OK;
        -:  783:    }
        -:  784:}
------------------
logger_log:
    80761:  685:enum logger_ret_type logger_log(logger *l, const enum log_entry_type event, const void *entry, ...) {
    80761:  686:    bipbuf_t *buf = l->buf;
    80761:  687:    bool nospace = false;
    80761:  688:    va_list ap;
    80761:  689:    int total = 0;
    80761:  690:    logentry *e;
        -:  691:
    80761:  692:    const entry_details *d = &l->entry_map[event];
    80761:  693:    int reqlen = d->reqlen;
        -:  694:
    80761:  695:    pthread_mutex_lock(&l->mutex);
        -:  696:    /* Request a maximum length of data to write to */
    80761:  697:    e = (logentry *) bipbuf_request(buf, (sizeof(logentry) + reqlen));
    80761:  698:    if (e == NULL) {
     6831:  699:        pthread_mutex_unlock(&l->mutex);
     6831:  700:        l->dropped++;
     6831:  701:        return LOGGER_RET_NOSPACE;
        -:  702:    }
    73930:  703:    e->event = d->subtype;
    73930:  704:    e->pad = 0;
   147860:  705:    e->gid = logger_get_gid();
        -:  706:    /* TODO: Could pass this down as an argument now that we're using
        -:  707:     * LOGGER_LOG() macro.
        -:  708:     */
    73930:  709:    e->eflags = d->eflags;
        -:  710:    /* Noting time isn't optional. A feature may be added to avoid rendering
        -:  711:     * time and/or gid to a logger.
        -:  712:     */
    73930:  713:    gettimeofday(&e->tv, NULL);
        -:  714:
    73930:  715:    switch (d->subtype) {
    #####:  716:        case LOGGER_TEXT_ENTRY:
    #####:  717:            va_start(ap, entry);
    #####:  718:            total = vsnprintf((char *) e->data, reqlen, d->format, ap);
    #####:  719:            va_end(ap);
    #####:  720:            if (total >= reqlen || total <= 0) {
    #####:  721:                fprintf(stderr, "LOGGER: Failed to vsnprintf a text entry: (total) %d\n", total);
        -:  722:                break;
        -:  723:            }
    #####:  724:            e->size = total + 1; /* null byte */
        -:  725:
    #####:  726:            break;
        1:  727:        case LOGGER_EVICTION_ENTRY:
        1:  728:            _logger_log_evictions(e, (item *)entry);
        1:  729:            break;
        -:  730:#ifdef EXTSTORE
        -:  731:        case LOGGER_EXT_WRITE_ENTRY:
        -:  732:            va_start(ap, entry);
        -:  733:            int ew_bucket = va_arg(ap, int);
        -:  734:            va_end(ap);
        -:  735:            _logger_log_ext_write(e, (item *)entry, ew_bucket);
        -:  736:            break;
        -:  737:#endif
    73551:  738:        case LOGGER_ITEM_GET_ENTRY:
    73551:  739:            va_start(ap, entry);
    73551:  740:            int was_found = va_arg(ap, int);
    73551:  741:            char *key = va_arg(ap, char *);
    73551:  742:            size_t nkey = va_arg(ap, size_t);
    73551:  743:            uint8_t gclsid = va_arg(ap, int);
    73551:  744:            _logger_log_item_get(e, was_found, key, nkey, gclsid);
    73551:  745:            va_end(ap);
    73551:  746:            break;
      378:  747:        case LOGGER_ITEM_STORE_ENTRY:
      378:  748:            va_start(ap, entry);
      378:  749:            enum store_item_type status = va_arg(ap, enum store_item_type);
      378:  750:            int comm = va_arg(ap, int);
      378:  751:            char *skey = va_arg(ap, char *);
      378:  752:            size_t snkey = va_arg(ap, size_t);
      378:  753:            rel_time_t sttl = va_arg(ap, rel_time_t);
      378:  754:            uint8_t sclsid = va_arg(ap, int);
      378:  755:            _logger_log_item_store(e, status, comm, skey, snkey, sttl, sclsid);
      378:  756:            va_end(ap);
      378:  757:            break;
        -:  758:    }
        -:  759:
        -:  760:#ifdef NEED_ALIGN
        -:  761:    /* Need to ensure *next* request is aligned. */
        -:  762:    if (sizeof(logentry) + e->size % 8 != 0) {
        -:  763:        e->pad = 8 - (sizeof(logentry) + e->size % 8);
        -:  764:    }
        -:  765:#endif
        -:  766:
        -:  767:    /* Push pointer forward by the actual amount required */
    73930:  768:    if (bipbuf_push(buf, (sizeof(logentry) + e->size + e->pad)) == 0) {
    #####:  769:        fprintf(stderr, "LOGGER: Failed to bipbuf push a text entry\n");
    #####:  770:        pthread_mutex_unlock(&l->mutex);
    #####:  771:        return LOGGER_RET_ERR;
        -:  772:    }
    73930:  773:    l->written++;
        -:  774:    L_DEBUG("LOGGER: Requested %d bytes, wrote %lu bytes\n", reqlen,
    73930:  775:            (sizeof(logentry) + e->size));
        -:  776:
    73930:  777:    pthread_mutex_unlock(&l->mutex);
        -:  778:
    73930:  779:    if (nospace) {
        -:  780:        return LOGGER_RET_NOSPACE;
        -:  781:    } else {
    73930:  782:        return LOGGER_RET_OK;
        -:  783:    }
        -:  784:}
------------------
logger_log:
    80761:  685:enum logger_ret_type logger_log(logger *l, const enum log_entry_type event, const void *entry, ...) {
    80761:  686:    bipbuf_t *buf = l->buf;
    80761:  687:    bool nospace = false;
    80761:  688:    va_list ap;
    80761:  689:    int total = 0;
    80761:  690:    logentry *e;
        -:  691:
    80761:  692:    const entry_details *d = &l->entry_map[event];
    80761:  693:    int reqlen = d->reqlen;
        -:  694:
    80761:  695:    pthread_mutex_lock(&l->mutex);
        -:  696:    /* Request a maximum length of data to write to */
    80761:  697:    e = (logentry *) bipbuf_request(buf, (sizeof(logentry) + reqlen));
    80761:  698:    if (e == NULL) {
     6831:  699:        pthread_mutex_unlock(&l->mutex);
     6831:  700:        l->dropped++;
     6831:  701:        return LOGGER_RET_NOSPACE;
        -:  702:    }
    73930:  703:    e->event = d->subtype;
    73930:  704:    e->pad = 0;
   147860:  705:    e->gid = logger_get_gid();
        -:  706:    /* TODO: Could pass this down as an argument now that we're using
        -:  707:     * LOGGER_LOG() macro.
        -:  708:     */
    73930:  709:    e->eflags = d->eflags;
        -:  710:    /* Noting time isn't optional. A feature may be added to avoid rendering
        -:  711:     * time and/or gid to a logger.
        -:  712:     */
    73930:  713:    gettimeofday(&e->tv, NULL);
        -:  714:
    73930:  715:    switch (d->subtype) {
    #####:  716:        case LOGGER_TEXT_ENTRY:
    #####:  717:            va_start(ap, entry);
    #####:  718:            total = vsnprintf((char *) e->data, reqlen, d->format, ap);
    #####:  719:            va_end(ap);
    #####:  720:            if (total >= reqlen || total <= 0) {
    #####:  721:                fprintf(stderr, "LOGGER: Failed to vsnprintf a text entry: (total) %d\n", total);
        -:  722:                break;
        -:  723:            }
    #####:  724:            e->size = total + 1; /* null byte */
        -:  725:
    #####:  726:            break;
        1:  727:        case LOGGER_EVICTION_ENTRY:
        1:  728:            _logger_log_evictions(e, (item *)entry);
        1:  729:            break;
        -:  730:#ifdef EXTSTORE
        -:  731:        case LOGGER_EXT_WRITE_ENTRY:
        -:  732:            va_start(ap, entry);
        -:  733:            int ew_bucket = va_arg(ap, int);
        -:  734:            va_end(ap);
        -:  735:            _logger_log_ext_write(e, (item *)entry, ew_bucket);
        -:  736:            break;
        -:  737:#endif
    73551:  738:        case LOGGER_ITEM_GET_ENTRY:
    73551:  739:            va_start(ap, entry);
    73551:  740:            int was_found = va_arg(ap, int);
    73551:  741:            char *key = va_arg(ap, char *);
    73551:  742:            size_t nkey = va_arg(ap, size_t);
    73551:  743:            uint8_t gclsid = va_arg(ap, int);
    73551:  744:            _logger_log_item_get(e, was_found, key, nkey, gclsid);
    73551:  745:            va_end(ap);
    73551:  746:            break;
      378:  747:        case LOGGER_ITEM_STORE_ENTRY:
      378:  748:            va_start(ap, entry);
      378:  749:            enum store_item_type status = va_arg(ap, enum store_item_type);
      378:  750:            int comm = va_arg(ap, int);
      378:  751:            char *skey = va_arg(ap, char *);
      378:  752:            size_t snkey = va_arg(ap, size_t);
      378:  753:            rel_time_t sttl = va_arg(ap, rel_time_t);
      378:  754:            uint8_t sclsid = va_arg(ap, int);
      378:  755:            _logger_log_item_store(e, status, comm, skey, snkey, sttl, sclsid);
      378:  756:            va_end(ap);
      378:  757:            break;
        -:  758:    }
        -:  759:
        -:  760:#ifdef NEED_ALIGN
        -:  761:    /* Need to ensure *next* request is aligned. */
        -:  762:    if (sizeof(logentry) + e->size % 8 != 0) {
        -:  763:        e->pad = 8 - (sizeof(logentry) + e->size % 8);
        -:  764:    }
        -:  765:#endif
        -:  766:
        -:  767:    /* Push pointer forward by the actual amount required */
    73930:  768:    if (bipbuf_push(buf, (sizeof(logentry) + e->size + e->pad)) == 0) {
    #####:  769:        fprintf(stderr, "LOGGER: Failed to bipbuf push a text entry\n");
    #####:  770:        pthread_mutex_unlock(&l->mutex);
    #####:  771:        return LOGGER_RET_ERR;
        -:  772:    }
    73930:  773:    l->written++;
        -:  774:    L_DEBUG("LOGGER: Requested %d bytes, wrote %lu bytes\n", reqlen,
    73930:  775:            (sizeof(logentry) + e->size));
        -:  776:
    73930:  777:    pthread_mutex_unlock(&l->mutex);
        -:  778:
    73930:  779:    if (nospace) {
        -:  780:        return LOGGER_RET_NOSPACE;
        -:  781:    } else {
    73930:  782:        return LOGGER_RET_OK;
        -:  783:    }
        -:  784:}
------------------
        -:  785:
        -:  786:/* Passes a client connection socket from a primary worker thread to the
        -:  787: * logger thread. Caller *must* event_del() the client before handing it over.
        -:  788: * Presently there's no way to hand the client back to the worker thread.
        -:  789: */
       12:  790:enum logger_add_watcher_ret logger_add_watcher(void *c, const int sfd, uint16_t f) {
       12:  791:    int x;
       12:  792:    logger_watcher *w = NULL;
       12:  793:    pthread_mutex_lock(&logger_stack_lock);
       12:  794:    if (watcher_count >= WATCHER_LIMIT) {
        -:  795:        return LOGGER_ADD_WATCHER_TOO_MANY;
        -:  796:    }
        -:  797:
       18:  798:    for (x = 0; x < WATCHER_LIMIT-1; x++) {
       18:  799:        if (watchers[x] == NULL)
        -:  800:            break;
        -:  801:    }
        -:  802:
       12:  803:    w = calloc(1, sizeof(logger_watcher));
       12:  804:    if (w == NULL) {
    #####:  805:        pthread_mutex_unlock(&logger_stack_lock);
    #####:  806:        return LOGGER_ADD_WATCHER_FAILED;
        -:  807:    }
       12:  808:    w->c = c;
       12:  809:    w->sfd = sfd;
       12:  810:    if (sfd == 0 && c == NULL) {
    #####:  811:        w->t = LOGGER_WATCHER_STDERR;
        -:  812:    } else {
       12:  813:        w->t = LOGGER_WATCHER_CLIENT;
        -:  814:    }
       12:  815:    w->id = x;
       12:  816:    w->eflags = f;
       12:  817:    w->buf = bipbuf_new(settings.logger_watcher_buf_size);
       12:  818:    if (w->buf == NULL) {
    #####:  819:        free(w);
    #####:  820:        pthread_mutex_unlock(&logger_stack_lock);
    #####:  821:        return LOGGER_ADD_WATCHER_FAILED;
        -:  822:    }
       12:  823:    bipbuf_offer(w->buf, (unsigned char *) "OK\r\n", 4);
        -:  824:
       12:  825:    watchers[x] = w;
       12:  826:    watcher_count++;
        -:  827:    /* Update what flags the global logs will watch */
       12:  828:    logger_set_flags();
        -:  829:
       12:  830:    pthread_mutex_unlock(&logger_stack_lock);
       12:  831:    return LOGGER_ADD_WATCHER_OK;
        -:  832:}
