        -:    0:Source:items.c
        -:    0:Programs:72
        -:    1:/* -*- Mode: C; tab-width: 4; c-basic-offset: 4; indent-tabs-mode: nil -*- */
        -:    2:#include "memcached.h"
        -:    3:#include "bipbuffer.h"
        -:    4:#include "slab_automove.h"
        -:    5:#ifdef EXTSTORE
        -:    6:#include "storage.h"
        -:    7:#include "slab_automove_extstore.h"
        -:    8:#endif
        -:    9:#include <sys/stat.h>
        -:   10:#include <sys/socket.h>
        -:   11:#include <sys/resource.h>
        -:   12:#include <fcntl.h>
        -:   13:#include <netinet/in.h>
        -:   14:#include <errno.h>
        -:   15:#include <stdlib.h>
        -:   16:#include <stdio.h>
        -:   17:#include <signal.h>
        -:   18:#include <string.h>
        -:   19:#include <time.h>
        -:   20:#include <assert.h>
        -:   21:#include <unistd.h>
        -:   22:#include <poll.h>
        -:   23:
        -:   24:/* Forward Declarations */
        -:   25:static void item_link_q(item *it);
        -:   26:static void item_unlink_q(item *it);
        -:   27:
        -:   28:static unsigned int lru_type_map[4] = {HOT_LRU, WARM_LRU, COLD_LRU, TEMP_LRU};
        -:   29:
        -:   30:#define LARGEST_ID POWER_LARGEST
        -:   31:typedef struct {
        -:   32:    uint64_t evicted;
        -:   33:    uint64_t evicted_nonzero;
        -:   34:    uint64_t reclaimed;
        -:   35:    uint64_t outofmemory;
        -:   36:    uint64_t tailrepairs;
        -:   37:    uint64_t expired_unfetched; /* items reclaimed but never touched */
        -:   38:    uint64_t evicted_unfetched; /* items evicted but never touched */
        -:   39:    uint64_t evicted_active; /* items evicted that should have been shuffled */
        -:   40:    uint64_t crawler_reclaimed;
        -:   41:    uint64_t crawler_items_checked;
        -:   42:    uint64_t lrutail_reflocked;
        -:   43:    uint64_t moves_to_cold;
        -:   44:    uint64_t moves_to_warm;
        -:   45:    uint64_t moves_within_lru;
        -:   46:    uint64_t direct_reclaims;
        -:   47:    uint64_t hits_to_hot;
        -:   48:    uint64_t hits_to_warm;
        -:   49:    uint64_t hits_to_cold;
        -:   50:    uint64_t hits_to_temp;
        -:   51:    rel_time_t evicted_time;
        -:   52:} itemstats_t;
        -:   53:
        -:   54:static item *heads[LARGEST_ID];
        -:   55:static item *tails[LARGEST_ID];
        -:   56:static itemstats_t itemstats[LARGEST_ID];
        -:   57:static unsigned int sizes[LARGEST_ID];
        -:   58:static uint64_t sizes_bytes[LARGEST_ID];
        -:   59:static unsigned int *stats_sizes_hist = NULL;
        -:   60:static uint64_t stats_sizes_cas_min = 0;
        -:   61:static int stats_sizes_buckets = 0;
        -:   62:
        -:   63:static volatile int do_run_lru_maintainer_thread = 0;
        -:   64:static int lru_maintainer_initialized = 0;
        -:   65:static pthread_mutex_t lru_maintainer_lock = PTHREAD_MUTEX_INITIALIZER;
        -:   66:static pthread_mutex_t cas_id_lock = PTHREAD_MUTEX_INITIALIZER;
        -:   67:static pthread_mutex_t stats_sizes_lock = PTHREAD_MUTEX_INITIALIZER;
        -:   68:
       12:   69:void item_stats_reset(void) {
       12:   70:    int i;
     3084:   71:    for (i = 0; i < LARGEST_ID; i++) {
     3072:   72:        pthread_mutex_lock(&lru_locks[i]);
     3072:   73:        memset(&itemstats[i], 0, sizeof(itemstats_t));
     3072:   74:        pthread_mutex_unlock(&lru_locks[i]);
        -:   75:    }
       12:   76:}
------------------
item_stats_reset:
        3:   69:void item_stats_reset(void) {
        3:   70:    int i;
      771:   71:    for (i = 0; i < LARGEST_ID; i++) {
      768:   72:        pthread_mutex_lock(&lru_locks[i]);
      768:   73:        memset(&itemstats[i], 0, sizeof(itemstats_t));
      768:   74:        pthread_mutex_unlock(&lru_locks[i]);
        -:   75:    }
        3:   76:}
------------------
item_stats_reset:
        3:   69:void item_stats_reset(void) {
        3:   70:    int i;
      771:   71:    for (i = 0; i < LARGEST_ID; i++) {
      768:   72:        pthread_mutex_lock(&lru_locks[i]);
      768:   73:        memset(&itemstats[i], 0, sizeof(itemstats_t));
      768:   74:        pthread_mutex_unlock(&lru_locks[i]);
        -:   75:    }
        3:   76:}
------------------
item_stats_reset:
        3:   69:void item_stats_reset(void) {
        3:   70:    int i;
      771:   71:    for (i = 0; i < LARGEST_ID; i++) {
      768:   72:        pthread_mutex_lock(&lru_locks[i]);
      768:   73:        memset(&itemstats[i], 0, sizeof(itemstats_t));
      768:   74:        pthread_mutex_unlock(&lru_locks[i]);
        -:   75:    }
        3:   76:}
------------------
item_stats_reset:
        3:   69:void item_stats_reset(void) {
        3:   70:    int i;
      771:   71:    for (i = 0; i < LARGEST_ID; i++) {
      768:   72:        pthread_mutex_lock(&lru_locks[i]);
      768:   73:        memset(&itemstats[i], 0, sizeof(itemstats_t));
      768:   74:        pthread_mutex_unlock(&lru_locks[i]);
        -:   75:    }
        3:   76:}
------------------
        -:   77:
        -:   78:/* called with class lru lock held */
    89792:   79:void do_item_stats_add_crawl(const int i, const uint64_t reclaimed,
        -:   80:        const uint64_t unfetched, const uint64_t checked) {
    89792:   81:    itemstats[i].crawler_reclaimed += reclaimed;
    89792:   82:    itemstats[i].expired_unfetched += unfetched;
    89792:   83:    itemstats[i].crawler_items_checked += checked;
    89792:   84:}
------------------
do_item_stats_add_crawl:
    22448:   79:void do_item_stats_add_crawl(const int i, const uint64_t reclaimed,
        -:   80:        const uint64_t unfetched, const uint64_t checked) {
    22448:   81:    itemstats[i].crawler_reclaimed += reclaimed;
    22448:   82:    itemstats[i].expired_unfetched += unfetched;
    22448:   83:    itemstats[i].crawler_items_checked += checked;
    22448:   84:}
------------------
do_item_stats_add_crawl:
    22448:   79:void do_item_stats_add_crawl(const int i, const uint64_t reclaimed,
        -:   80:        const uint64_t unfetched, const uint64_t checked) {
    22448:   81:    itemstats[i].crawler_reclaimed += reclaimed;
    22448:   82:    itemstats[i].expired_unfetched += unfetched;
    22448:   83:    itemstats[i].crawler_items_checked += checked;
    22448:   84:}
------------------
do_item_stats_add_crawl:
    22448:   79:void do_item_stats_add_crawl(const int i, const uint64_t reclaimed,
        -:   80:        const uint64_t unfetched, const uint64_t checked) {
    22448:   81:    itemstats[i].crawler_reclaimed += reclaimed;
    22448:   82:    itemstats[i].expired_unfetched += unfetched;
    22448:   83:    itemstats[i].crawler_items_checked += checked;
    22448:   84:}
------------------
do_item_stats_add_crawl:
    22448:   79:void do_item_stats_add_crawl(const int i, const uint64_t reclaimed,
        -:   80:        const uint64_t unfetched, const uint64_t checked) {
    22448:   81:    itemstats[i].crawler_reclaimed += reclaimed;
    22448:   82:    itemstats[i].expired_unfetched += unfetched;
    22448:   83:    itemstats[i].crawler_items_checked += checked;
    22448:   84:}
------------------
        -:   85:
        -:   86:typedef struct _lru_bump_buf {
        -:   87:    struct _lru_bump_buf *prev;
        -:   88:    struct _lru_bump_buf *next;
        -:   89:    pthread_mutex_t mutex;
        -:   90:    bipbuf_t *buf;
        -:   91:    uint64_t dropped;
        -:   92:} lru_bump_buf;
        -:   93:
        -:   94:typedef struct {
        -:   95:    item *it;
        -:   96:    uint32_t hv;
        -:   97:} lru_bump_entry;
        -:   98:
        -:   99:static lru_bump_buf *bump_buf_head = NULL;
        -:  100:static lru_bump_buf *bump_buf_tail = NULL;
        -:  101:static pthread_mutex_t bump_buf_lock = PTHREAD_MUTEX_INITIALIZER;
        -:  102:/* TODO: tunable? Need bench results */
        -:  103:#define LRU_BUMP_BUF_SIZE 8192
        -:  104:
        -:  105:static bool lru_bump_async(lru_bump_buf *b, item *it, uint32_t hv);
        -:  106:static uint64_t lru_total_bumps_dropped(void);
        -:  107:
        -:  108:/* Get the next CAS id for a new item. */
        -:  109:/* TODO: refactor some atomics for this. */
   417320:  110:uint64_t get_cas_id(void) {
   417320:  111:    static uint64_t cas_id = 0;
   417320:  112:    pthread_mutex_lock(&cas_id_lock);
   417320:  113:    uint64_t next_id = ++cas_id;
   417320:  114:    pthread_mutex_unlock(&cas_id_lock);
   417320:  115:    return next_id;
        -:  116:}
------------------
get_cas_id:
   104330:  110:uint64_t get_cas_id(void) {
   104330:  111:    static uint64_t cas_id = 0;
   104330:  112:    pthread_mutex_lock(&cas_id_lock);
   104330:  113:    uint64_t next_id = ++cas_id;
   104330:  114:    pthread_mutex_unlock(&cas_id_lock);
   104330:  115:    return next_id;
        -:  116:}
------------------
get_cas_id:
   104330:  110:uint64_t get_cas_id(void) {
   104330:  111:    static uint64_t cas_id = 0;
   104330:  112:    pthread_mutex_lock(&cas_id_lock);
   104330:  113:    uint64_t next_id = ++cas_id;
   104330:  114:    pthread_mutex_unlock(&cas_id_lock);
   104330:  115:    return next_id;
        -:  116:}
------------------
get_cas_id:
   104330:  110:uint64_t get_cas_id(void) {
   104330:  111:    static uint64_t cas_id = 0;
   104330:  112:    pthread_mutex_lock(&cas_id_lock);
   104330:  113:    uint64_t next_id = ++cas_id;
   104330:  114:    pthread_mutex_unlock(&cas_id_lock);
   104330:  115:    return next_id;
        -:  116:}
------------------
get_cas_id:
   104330:  110:uint64_t get_cas_id(void) {
   104330:  111:    static uint64_t cas_id = 0;
   104330:  112:    pthread_mutex_lock(&cas_id_lock);
   104330:  113:    uint64_t next_id = ++cas_id;
   104330:  114:    pthread_mutex_unlock(&cas_id_lock);
   104330:  115:    return next_id;
        -:  116:}
------------------
        -:  117:
   761504:  118:int item_is_flushed(item *it) {
   761504:  119:    rel_time_t oldest_live = settings.oldest_live;
   761504:  120:    uint64_t cas = ITEM_get_cas(it);
   761504:  121:    uint64_t oldest_cas = settings.oldest_cas;
   761504:  122:    if (oldest_live == 0 || oldest_live > current_time)
        -:  123:        return 0;
   247040:  124:    if ((it->time <= oldest_live)
   219304:  125:            || (oldest_cas != 0 && cas != 0 && cas < oldest_cas)) {
    28032:  126:        return 1;
        -:  127:    }
        -:  128:    return 0;
        -:  129:}
------------------
item_is_flushed:
   190376:  118:int item_is_flushed(item *it) {
   190376:  119:    rel_time_t oldest_live = settings.oldest_live;
   190376:  120:    uint64_t cas = ITEM_get_cas(it);
   190376:  121:    uint64_t oldest_cas = settings.oldest_cas;
   190376:  122:    if (oldest_live == 0 || oldest_live > current_time)
        -:  123:        return 0;
    61760:  124:    if ((it->time <= oldest_live)
    54826:  125:            || (oldest_cas != 0 && cas != 0 && cas < oldest_cas)) {
     7008:  126:        return 1;
        -:  127:    }
        -:  128:    return 0;
        -:  129:}
------------------
item_is_flushed:
   190376:  118:int item_is_flushed(item *it) {
   190376:  119:    rel_time_t oldest_live = settings.oldest_live;
   190376:  120:    uint64_t cas = ITEM_get_cas(it);
   190376:  121:    uint64_t oldest_cas = settings.oldest_cas;
   190376:  122:    if (oldest_live == 0 || oldest_live > current_time)
        -:  123:        return 0;
    61760:  124:    if ((it->time <= oldest_live)
    54826:  125:            || (oldest_cas != 0 && cas != 0 && cas < oldest_cas)) {
     7008:  126:        return 1;
        -:  127:    }
        -:  128:    return 0;
        -:  129:}
------------------
item_is_flushed:
   190376:  118:int item_is_flushed(item *it) {
   190376:  119:    rel_time_t oldest_live = settings.oldest_live;
   190376:  120:    uint64_t cas = ITEM_get_cas(it);
   190376:  121:    uint64_t oldest_cas = settings.oldest_cas;
   190376:  122:    if (oldest_live == 0 || oldest_live > current_time)
        -:  123:        return 0;
    61760:  124:    if ((it->time <= oldest_live)
    54826:  125:            || (oldest_cas != 0 && cas != 0 && cas < oldest_cas)) {
     7008:  126:        return 1;
        -:  127:    }
        -:  128:    return 0;
        -:  129:}
------------------
item_is_flushed:
   190376:  118:int item_is_flushed(item *it) {
   190376:  119:    rel_time_t oldest_live = settings.oldest_live;
   190376:  120:    uint64_t cas = ITEM_get_cas(it);
   190376:  121:    uint64_t oldest_cas = settings.oldest_cas;
   190376:  122:    if (oldest_live == 0 || oldest_live > current_time)
        -:  123:        return 0;
    61760:  124:    if ((it->time <= oldest_live)
    54826:  125:            || (oldest_cas != 0 && cas != 0 && cas < oldest_cas)) {
     7008:  126:        return 1;
        -:  127:    }
        -:  128:    return 0;
        -:  129:}
------------------
        -:  130:
        -:  131:static unsigned int temp_lru_size(int slabs_clsid) {
    11564:  132:    int id = CLEAR_LRU(slabs_clsid);
    11564:  133:    id |= TEMP_LRU;
    11564:  134:    unsigned int ret;
    11564:  135:    pthread_mutex_lock(&lru_locks[id]);
    11564:  136:    ret = sizes_bytes[id];
    11564:  137:    pthread_mutex_unlock(&lru_locks[id]);
    11564:  138:    return ret;
        -:  139:}
        -:  140:
        -:  141:/* must be locked before call */
     1020:  142:unsigned int do_get_lru_size(uint32_t id) {
     1020:  143:    return sizes[id];
        -:  144:}
------------------
do_get_lru_size:
      255:  142:unsigned int do_get_lru_size(uint32_t id) {
      255:  143:    return sizes[id];
        -:  144:}
------------------
do_get_lru_size:
      255:  142:unsigned int do_get_lru_size(uint32_t id) {
      255:  143:    return sizes[id];
        -:  144:}
------------------
do_get_lru_size:
      255:  142:unsigned int do_get_lru_size(uint32_t id) {
      255:  143:    return sizes[id];
        -:  144:}
------------------
do_get_lru_size:
      255:  142:unsigned int do_get_lru_size(uint32_t id) {
      255:  143:    return sizes[id];
        -:  144:}
------------------
        -:  145:
        -:  146:/* Enable this for reference-count debugging. */
        -:  147:#if 0
        -:  148:# define DEBUG_REFCNT(it,op) \
        -:  149:                fprintf(stderr, "item %x refcnt(%c) %d %c%c%c\n", \
        -:  150:                        it, op, it->refcount, \
        -:  151:                        (it->it_flags & ITEM_LINKED) ? 'L' : ' ', \
        -:  152:                        (it->it_flags & ITEM_SLABBED) ? 'S' : ' ')
        -:  153:#else
        -:  154:# define DEBUG_REFCNT(it,op) while(0)
        -:  155:#endif
        -:  156:
        -:  157:/**
        -:  158: * Generates the variable-sized part of the header for an object.
        -:  159: *
        -:  160: * key     - The key
        -:  161: * nkey    - The length of the key
        -:  162: * flags   - key flags
        -:  163: * nbytes  - Number of bytes to hold value and addition CRLF terminator
        -:  164: * suffix  - Buffer for the "VALUE" line suffix (flags, size).
        -:  165: * nsuffix - The length of the suffix is stored here.
        -:  166: *
        -:  167: * Returns the total size of the header.
        -:  168: */
        -:  169:static size_t item_make_header(const uint8_t nkey, const unsigned int flags, const int nbytes,
        -:  170:                     char *suffix, uint8_t *nsuffix) {
   476816:  171:    if (flags == 0) {
        -:  172:        *nsuffix = 0;
        -:  173:    } else {
    79564:  174:        *nsuffix = sizeof(flags);
        -:  175:    }
   476816:  176:    return sizeof(item) + nkey + *nsuffix + nbytes;
        -:  177:}
        -:  178:
  1021448:  179:item *do_item_alloc_pull(const size_t ntotal, const unsigned int id) {
  1021448:  180:    item *it = NULL;
  1021448:  181:    int i;
        -:  182:    /* If no memory is available, attempt a direct LRU juggle/eviction */
        -:  183:    /* This is a race in order to simplify lru_pull_tail; in cases where
        -:  184:     * locked items are on the tail, you want them to fall out and cause
        -:  185:     * occasional OOM's, rather than internally work around them.
        -:  186:     * This also gives one fewer code path for slab alloc/free
        -:  187:     */
  1134900:  188:    for (i = 0; i < 10; i++) {
  1134880:  189:        uint64_t total_bytes;
        -:  190:        /* Try to reclaim memory first */
  1134880:  191:        if (!settings.lru_segmented) {
    83572:  192:            lru_pull_tail(id, COLD_LRU, 0, 0, 0, NULL);
        -:  193:        }
  1134880:  194:        it = slabs_alloc(ntotal, id, &total_bytes, 0);
        -:  195:
  1134880:  196:        if (settings.temp_lru)
     1960:  197:            total_bytes -= temp_lru_size(id);
        -:  198:
  1134880:  199:        if (it == NULL) {
   113452:  200:            if (lru_pull_tail(id, COLD_LRU, total_bytes, LRU_PULL_EVICT, 0, NULL) <= 0) {
    43260:  201:                if (settings.lru_segmented) {
    43260:  202:                    lru_pull_tail(id, HOT_LRU, total_bytes, 0, 0, NULL);
        -:  203:                } else {
        -:  204:                    break;
        -:  205:                }
        -:  206:            }
        -:  207:        } else {
        -:  208:            break;
        -:  209:        }
        -:  210:    }
        -:  211:
  1021448:  212:    if (i > 0) {
    70212:  213:        pthread_mutex_lock(&lru_locks[id]);
    70212:  214:        itemstats[id].direct_reclaims += i;
    70212:  215:        pthread_mutex_unlock(&lru_locks[id]);
        -:  216:    }
        -:  217:
  1021448:  218:    return it;
        -:  219:}
------------------
do_item_alloc_pull:
   255362:  179:item *do_item_alloc_pull(const size_t ntotal, const unsigned int id) {
   255362:  180:    item *it = NULL;
   255362:  181:    int i;
        -:  182:    /* If no memory is available, attempt a direct LRU juggle/eviction */
        -:  183:    /* This is a race in order to simplify lru_pull_tail; in cases where
        -:  184:     * locked items are on the tail, you want them to fall out and cause
        -:  185:     * occasional OOM's, rather than internally work around them.
        -:  186:     * This also gives one fewer code path for slab alloc/free
        -:  187:     */
   283725:  188:    for (i = 0; i < 10; i++) {
   283720:  189:        uint64_t total_bytes;
        -:  190:        /* Try to reclaim memory first */
   283720:  191:        if (!settings.lru_segmented) {
    20893:  192:            lru_pull_tail(id, COLD_LRU, 0, 0, 0, NULL);
        -:  193:        }
   283720:  194:        it = slabs_alloc(ntotal, id, &total_bytes, 0);
        -:  195:
   283720:  196:        if (settings.temp_lru)
      490:  197:            total_bytes -= temp_lru_size(id);
        -:  198:
   283720:  199:        if (it == NULL) {
    28363:  200:            if (lru_pull_tail(id, COLD_LRU, total_bytes, LRU_PULL_EVICT, 0, NULL) <= 0) {
    10815:  201:                if (settings.lru_segmented) {
    10815:  202:                    lru_pull_tail(id, HOT_LRU, total_bytes, 0, 0, NULL);
        -:  203:                } else {
        -:  204:                    break;
        -:  205:                }
        -:  206:            }
        -:  207:        } else {
        -:  208:            break;
        -:  209:        }
        -:  210:    }
        -:  211:
   255362:  212:    if (i > 0) {
    17553:  213:        pthread_mutex_lock(&lru_locks[id]);
    17553:  214:        itemstats[id].direct_reclaims += i;
    17553:  215:        pthread_mutex_unlock(&lru_locks[id]);
        -:  216:    }
        -:  217:
   255362:  218:    return it;
        -:  219:}
------------------
do_item_alloc_pull:
   255362:  179:item *do_item_alloc_pull(const size_t ntotal, const unsigned int id) {
   255362:  180:    item *it = NULL;
   255362:  181:    int i;
        -:  182:    /* If no memory is available, attempt a direct LRU juggle/eviction */
        -:  183:    /* This is a race in order to simplify lru_pull_tail; in cases where
        -:  184:     * locked items are on the tail, you want them to fall out and cause
        -:  185:     * occasional OOM's, rather than internally work around them.
        -:  186:     * This also gives one fewer code path for slab alloc/free
        -:  187:     */
   283725:  188:    for (i = 0; i < 10; i++) {
   283720:  189:        uint64_t total_bytes;
        -:  190:        /* Try to reclaim memory first */
   283720:  191:        if (!settings.lru_segmented) {
    20893:  192:            lru_pull_tail(id, COLD_LRU, 0, 0, 0, NULL);
        -:  193:        }
   283720:  194:        it = slabs_alloc(ntotal, id, &total_bytes, 0);
        -:  195:
   283720:  196:        if (settings.temp_lru)
      490:  197:            total_bytes -= temp_lru_size(id);
        -:  198:
   283720:  199:        if (it == NULL) {
    28363:  200:            if (lru_pull_tail(id, COLD_LRU, total_bytes, LRU_PULL_EVICT, 0, NULL) <= 0) {
    10815:  201:                if (settings.lru_segmented) {
    10815:  202:                    lru_pull_tail(id, HOT_LRU, total_bytes, 0, 0, NULL);
        -:  203:                } else {
        -:  204:                    break;
        -:  205:                }
        -:  206:            }
        -:  207:        } else {
        -:  208:            break;
        -:  209:        }
        -:  210:    }
        -:  211:
   255362:  212:    if (i > 0) {
    17553:  213:        pthread_mutex_lock(&lru_locks[id]);
    17553:  214:        itemstats[id].direct_reclaims += i;
    17553:  215:        pthread_mutex_unlock(&lru_locks[id]);
        -:  216:    }
        -:  217:
   255362:  218:    return it;
        -:  219:}
------------------
do_item_alloc_pull:
   255362:  179:item *do_item_alloc_pull(const size_t ntotal, const unsigned int id) {
   255362:  180:    item *it = NULL;
   255362:  181:    int i;
        -:  182:    /* If no memory is available, attempt a direct LRU juggle/eviction */
        -:  183:    /* This is a race in order to simplify lru_pull_tail; in cases where
        -:  184:     * locked items are on the tail, you want them to fall out and cause
        -:  185:     * occasional OOM's, rather than internally work around them.
        -:  186:     * This also gives one fewer code path for slab alloc/free
        -:  187:     */
   283725:  188:    for (i = 0; i < 10; i++) {
   283720:  189:        uint64_t total_bytes;
        -:  190:        /* Try to reclaim memory first */
   283720:  191:        if (!settings.lru_segmented) {
    20893:  192:            lru_pull_tail(id, COLD_LRU, 0, 0, 0, NULL);
        -:  193:        }
   283720:  194:        it = slabs_alloc(ntotal, id, &total_bytes, 0);
        -:  195:
   283720:  196:        if (settings.temp_lru)
      490:  197:            total_bytes -= temp_lru_size(id);
        -:  198:
   283720:  199:        if (it == NULL) {
    28363:  200:            if (lru_pull_tail(id, COLD_LRU, total_bytes, LRU_PULL_EVICT, 0, NULL) <= 0) {
    10815:  201:                if (settings.lru_segmented) {
    10815:  202:                    lru_pull_tail(id, HOT_LRU, total_bytes, 0, 0, NULL);
        -:  203:                } else {
        -:  204:                    break;
        -:  205:                }
        -:  206:            }
        -:  207:        } else {
        -:  208:            break;
        -:  209:        }
        -:  210:    }
        -:  211:
   255362:  212:    if (i > 0) {
    17553:  213:        pthread_mutex_lock(&lru_locks[id]);
    17553:  214:        itemstats[id].direct_reclaims += i;
    17553:  215:        pthread_mutex_unlock(&lru_locks[id]);
        -:  216:    }
        -:  217:
   255362:  218:    return it;
        -:  219:}
------------------
do_item_alloc_pull:
   255362:  179:item *do_item_alloc_pull(const size_t ntotal, const unsigned int id) {
   255362:  180:    item *it = NULL;
   255362:  181:    int i;
        -:  182:    /* If no memory is available, attempt a direct LRU juggle/eviction */
        -:  183:    /* This is a race in order to simplify lru_pull_tail; in cases where
        -:  184:     * locked items are on the tail, you want them to fall out and cause
        -:  185:     * occasional OOM's, rather than internally work around them.
        -:  186:     * This also gives one fewer code path for slab alloc/free
        -:  187:     */
   283725:  188:    for (i = 0; i < 10; i++) {
   283720:  189:        uint64_t total_bytes;
        -:  190:        /* Try to reclaim memory first */
   283720:  191:        if (!settings.lru_segmented) {
    20893:  192:            lru_pull_tail(id, COLD_LRU, 0, 0, 0, NULL);
        -:  193:        }
   283720:  194:        it = slabs_alloc(ntotal, id, &total_bytes, 0);
        -:  195:
   283720:  196:        if (settings.temp_lru)
      490:  197:            total_bytes -= temp_lru_size(id);
        -:  198:
   283720:  199:        if (it == NULL) {
    28363:  200:            if (lru_pull_tail(id, COLD_LRU, total_bytes, LRU_PULL_EVICT, 0, NULL) <= 0) {
    10815:  201:                if (settings.lru_segmented) {
    10815:  202:                    lru_pull_tail(id, HOT_LRU, total_bytes, 0, 0, NULL);
        -:  203:                } else {
        -:  204:                    break;
        -:  205:                }
        -:  206:            }
        -:  207:        } else {
        -:  208:            break;
        -:  209:        }
        -:  210:    }
        -:  211:
   255362:  212:    if (i > 0) {
    17553:  213:        pthread_mutex_lock(&lru_locks[id]);
    17553:  214:        itemstats[id].direct_reclaims += i;
    17553:  215:        pthread_mutex_unlock(&lru_locks[id]);
        -:  216:    }
        -:  217:
   255362:  218:    return it;
        -:  219:}
------------------
        -:  220:
        -:  221:/* Chain another chunk onto this chunk. */
        -:  222:/* slab mover: if it finds a chunk without ITEM_CHUNK flag, and no ITEM_LINKED
        -:  223: * flag, it counts as busy and skips.
        -:  224: * I think it might still not be safe to do linking outside of the slab lock
        -:  225: */
   544684:  226:item_chunk *do_item_alloc_chunk(item_chunk *ch, const size_t bytes_remain) {
        -:  227:    // TODO: Should be a cleaner way of finding real size with slabber calls
   544684:  228:    size_t size = bytes_remain + sizeof(item_chunk);
   544684:  229:    if (size > settings.slab_chunk_size_max)
   303960:  230:        size = settings.slab_chunk_size_max;
   544684:  231:    unsigned int id = slabs_clsid(size);
        -:  232:
   544684:  233:    item_chunk *nch = (item_chunk *) do_item_alloc_pull(size, id);
   544684:  234:    if (nch == NULL)
        -:  235:        return NULL;
        -:  236:
        -:  237:    // link in.
        -:  238:    // ITEM_CHUNK[ED] bits need to be protected by the slabs lock.
   544684:  239:    slabs_mlock();
   544684:  240:    nch->head = ch->head;
   544684:  241:    ch->next = nch;
   544684:  242:    nch->prev = ch;
   544684:  243:    nch->next = 0;
   544684:  244:    nch->used = 0;
   544684:  245:    nch->slabs_clsid = id;
   544684:  246:    nch->size = size - sizeof(item_chunk);
   544684:  247:    nch->it_flags |= ITEM_CHUNK;
   544684:  248:    slabs_munlock();
   544684:  249:    return nch;
        -:  250:}
------------------
do_item_alloc_chunk:
   136171:  226:item_chunk *do_item_alloc_chunk(item_chunk *ch, const size_t bytes_remain) {
        -:  227:    // TODO: Should be a cleaner way of finding real size with slabber calls
   136171:  228:    size_t size = bytes_remain + sizeof(item_chunk);
   136171:  229:    if (size > settings.slab_chunk_size_max)
    75990:  230:        size = settings.slab_chunk_size_max;
   136171:  231:    unsigned int id = slabs_clsid(size);
        -:  232:
   136171:  233:    item_chunk *nch = (item_chunk *) do_item_alloc_pull(size, id);
   136171:  234:    if (nch == NULL)
        -:  235:        return NULL;
        -:  236:
        -:  237:    // link in.
        -:  238:    // ITEM_CHUNK[ED] bits need to be protected by the slabs lock.
   136171:  239:    slabs_mlock();
   136171:  240:    nch->head = ch->head;
   136171:  241:    ch->next = nch;
   136171:  242:    nch->prev = ch;
   136171:  243:    nch->next = 0;
   136171:  244:    nch->used = 0;
   136171:  245:    nch->slabs_clsid = id;
   136171:  246:    nch->size = size - sizeof(item_chunk);
   136171:  247:    nch->it_flags |= ITEM_CHUNK;
   136171:  248:    slabs_munlock();
   136171:  249:    return nch;
        -:  250:}
------------------
do_item_alloc_chunk:
   136171:  226:item_chunk *do_item_alloc_chunk(item_chunk *ch, const size_t bytes_remain) {
        -:  227:    // TODO: Should be a cleaner way of finding real size with slabber calls
   136171:  228:    size_t size = bytes_remain + sizeof(item_chunk);
   136171:  229:    if (size > settings.slab_chunk_size_max)
    75990:  230:        size = settings.slab_chunk_size_max;
   136171:  231:    unsigned int id = slabs_clsid(size);
        -:  232:
   136171:  233:    item_chunk *nch = (item_chunk *) do_item_alloc_pull(size, id);
   136171:  234:    if (nch == NULL)
        -:  235:        return NULL;
        -:  236:
        -:  237:    // link in.
        -:  238:    // ITEM_CHUNK[ED] bits need to be protected by the slabs lock.
   136171:  239:    slabs_mlock();
   136171:  240:    nch->head = ch->head;
   136171:  241:    ch->next = nch;
   136171:  242:    nch->prev = ch;
   136171:  243:    nch->next = 0;
   136171:  244:    nch->used = 0;
   136171:  245:    nch->slabs_clsid = id;
   136171:  246:    nch->size = size - sizeof(item_chunk);
   136171:  247:    nch->it_flags |= ITEM_CHUNK;
   136171:  248:    slabs_munlock();
   136171:  249:    return nch;
        -:  250:}
------------------
do_item_alloc_chunk:
   136171:  226:item_chunk *do_item_alloc_chunk(item_chunk *ch, const size_t bytes_remain) {
        -:  227:    // TODO: Should be a cleaner way of finding real size with slabber calls
   136171:  228:    size_t size = bytes_remain + sizeof(item_chunk);
   136171:  229:    if (size > settings.slab_chunk_size_max)
    75990:  230:        size = settings.slab_chunk_size_max;
   136171:  231:    unsigned int id = slabs_clsid(size);
        -:  232:
   136171:  233:    item_chunk *nch = (item_chunk *) do_item_alloc_pull(size, id);
   136171:  234:    if (nch == NULL)
        -:  235:        return NULL;
        -:  236:
        -:  237:    // link in.
        -:  238:    // ITEM_CHUNK[ED] bits need to be protected by the slabs lock.
   136171:  239:    slabs_mlock();
   136171:  240:    nch->head = ch->head;
   136171:  241:    ch->next = nch;
   136171:  242:    nch->prev = ch;
   136171:  243:    nch->next = 0;
   136171:  244:    nch->used = 0;
   136171:  245:    nch->slabs_clsid = id;
   136171:  246:    nch->size = size - sizeof(item_chunk);
   136171:  247:    nch->it_flags |= ITEM_CHUNK;
   136171:  248:    slabs_munlock();
   136171:  249:    return nch;
        -:  250:}
------------------
do_item_alloc_chunk:
   136171:  226:item_chunk *do_item_alloc_chunk(item_chunk *ch, const size_t bytes_remain) {
        -:  227:    // TODO: Should be a cleaner way of finding real size with slabber calls
   136171:  228:    size_t size = bytes_remain + sizeof(item_chunk);
   136171:  229:    if (size > settings.slab_chunk_size_max)
    75990:  230:        size = settings.slab_chunk_size_max;
   136171:  231:    unsigned int id = slabs_clsid(size);
        -:  232:
   136171:  233:    item_chunk *nch = (item_chunk *) do_item_alloc_pull(size, id);
   136171:  234:    if (nch == NULL)
        -:  235:        return NULL;
        -:  236:
        -:  237:    // link in.
        -:  238:    // ITEM_CHUNK[ED] bits need to be protected by the slabs lock.
   136171:  239:    slabs_mlock();
   136171:  240:    nch->head = ch->head;
   136171:  241:    ch->next = nch;
   136171:  242:    nch->prev = ch;
   136171:  243:    nch->next = 0;
   136171:  244:    nch->used = 0;
   136171:  245:    nch->slabs_clsid = id;
   136171:  246:    nch->size = size - sizeof(item_chunk);
   136171:  247:    nch->it_flags |= ITEM_CHUNK;
   136171:  248:    slabs_munlock();
   136171:  249:    return nch;
        -:  250:}
------------------
        -:  251:
   476784:  252:item *do_item_alloc(char *key, const size_t nkey, const unsigned int flags,
        -:  253:                    const rel_time_t exptime, const int nbytes) {
   476784:  254:    uint8_t nsuffix;
   476784:  255:    item *it = NULL;
   476784:  256:    char suffix[40];
        -:  257:    // Avoid potential underflows.
   476784:  258:    if (nbytes < 2)
        -:  259:        return 0;
        -:  260:
   476780:  261:    size_t ntotal = item_make_header(nkey + 1, flags, nbytes, suffix, &nsuffix);
   476780:  262:    if (settings.use_cas) {
   476776:  263:        ntotal += sizeof(uint64_t);
        -:  264:    }
        -:  265:
   476780:  266:    unsigned int id = slabs_clsid(ntotal);
   476780:  267:    unsigned int hdr_id = 0;
   476780:  268:    if (id == 0)
        -:  269:        return 0;
        -:  270:
        -:  271:    /* This is a large item. Allocate a header object now, lazily allocate
        -:  272:     *  chunks while reading the upload.
        -:  273:     */
   476764:  274:    if (ntotal > settings.slab_chunk_size_max) {
        -:  275:        /* We still link this item into the LRU for the larger slab class, but
        -:  276:         * we're pulling a header from an entirely different slab class. The
        -:  277:         * free routines handle large items specifically.
        -:  278:         */
    78532:  279:        int htotal = nkey + 1 + nsuffix + sizeof(item) + sizeof(item_chunk);
    78532:  280:        if (settings.use_cas) {
    78532:  281:            htotal += sizeof(uint64_t);
        -:  282:        }
        -:  283:#ifdef NEED_ALIGN
        -:  284:        // header chunk needs to be padded on some systems
        -:  285:        int remain = htotal % 8;
        -:  286:        if (remain != 0) {
        -:  287:            htotal += 8 - remain;
        -:  288:        }
        -:  289:#endif
    78532:  290:        hdr_id = slabs_clsid(htotal);
    78532:  291:        it = do_item_alloc_pull(htotal, hdr_id);
        -:  292:        /* setting ITEM_CHUNKED is fine here because we aren't LINKED yet. */
    78532:  293:        if (it != NULL)
    78532:  294:            it->it_flags |= ITEM_CHUNKED;
        -:  295:    } else {
   398232:  296:        it = do_item_alloc_pull(ntotal, id);
        -:  297:    }
        -:  298:
   476764:  299:    if (it == NULL) {
       20:  300:        pthread_mutex_lock(&lru_locks[id]);
       20:  301:        itemstats[id].outofmemory++;
       20:  302:        pthread_mutex_unlock(&lru_locks[id]);
       20:  303:        return NULL;
        -:  304:    }
        -:  305:
  476744*:  306:    assert(it->slabs_clsid == 0);
        -:  307:    //assert(it != heads[id]);
        -:  308:
        -:  309:    /* Refcount is seeded to 1 by slabs_alloc() */
   476744:  310:    it->next = it->prev = 0;
        -:  311:
        -:  312:    /* Items are initially loaded into the HOT_LRU. This is '0' but I want at
        -:  313:     * least a note here. Compiler (hopefully?) optimizes this out.
        -:  314:     */
   476744:  315:    if (settings.temp_lru &&
      404:  316:            exptime - current_time <= settings.temporary_ttl) {
        4:  317:        id |= TEMP_LRU;
   476740:  318:    } else if (settings.lru_segmented) {
        -:  319:        id |= HOT_LRU;
        -:  320:    } else {
        -:  321:        /* There is only COLD in compat-mode */
    81780:  322:        id |= COLD_LRU;
        -:  323:    }
   476744:  324:    it->slabs_clsid = id;
        -:  325:
   476744:  326:    DEBUG_REFCNT(it, '*');
   476744:  327:    it->it_flags |= settings.use_cas ? ITEM_CAS : 0;
   476744:  328:    it->it_flags |= nsuffix != 0 ? ITEM_CFLAGS : 0;
   476744:  329:    it->nkey = nkey;
   476744:  330:    it->nbytes = nbytes;
   476744:  331:    memcpy(ITEM_key(it), key, nkey);
   476744:  332:    it->exptime = exptime;
   476744:  333:    if (nsuffix > 0) {
    79556:  334:        memcpy(ITEM_suffix(it), &flags, sizeof(flags));
        -:  335:    }
        -:  336:
        -:  337:    /* Initialize internal chunk. */
   476744:  338:    if (it->it_flags & ITEM_CHUNKED) {
    78532:  339:        item_chunk *chunk = (item_chunk *) ITEM_schunk(it);
        -:  340:
    78532:  341:        chunk->next = 0;
    78532:  342:        chunk->prev = 0;
    78532:  343:        chunk->used = 0;
    78532:  344:        chunk->size = 0;
    78532:  345:        chunk->head = it;
    78532:  346:        chunk->orig_clsid = hdr_id;
        -:  347:    }
   476744:  348:    it->h_next = 0;
        -:  349:
   476744:  350:    return it;
        -:  351:}
------------------
do_item_alloc:
   119196:  252:item *do_item_alloc(char *key, const size_t nkey, const unsigned int flags,
        -:  253:                    const rel_time_t exptime, const int nbytes) {
   119196:  254:    uint8_t nsuffix;
   119196:  255:    item *it = NULL;
   119196:  256:    char suffix[40];
        -:  257:    // Avoid potential underflows.
   119196:  258:    if (nbytes < 2)
        -:  259:        return 0;
        -:  260:
   119195:  261:    size_t ntotal = item_make_header(nkey + 1, flags, nbytes, suffix, &nsuffix);
   119195:  262:    if (settings.use_cas) {
   119194:  263:        ntotal += sizeof(uint64_t);
        -:  264:    }
        -:  265:
   119195:  266:    unsigned int id = slabs_clsid(ntotal);
   119195:  267:    unsigned int hdr_id = 0;
   119195:  268:    if (id == 0)
        -:  269:        return 0;
        -:  270:
        -:  271:    /* This is a large item. Allocate a header object now, lazily allocate
        -:  272:     *  chunks while reading the upload.
        -:  273:     */
   119191:  274:    if (ntotal > settings.slab_chunk_size_max) {
        -:  275:        /* We still link this item into the LRU for the larger slab class, but
        -:  276:         * we're pulling a header from an entirely different slab class. The
        -:  277:         * free routines handle large items specifically.
        -:  278:         */
    19633:  279:        int htotal = nkey + 1 + nsuffix + sizeof(item) + sizeof(item_chunk);
    19633:  280:        if (settings.use_cas) {
    19633:  281:            htotal += sizeof(uint64_t);
        -:  282:        }
        -:  283:#ifdef NEED_ALIGN
        -:  284:        // header chunk needs to be padded on some systems
        -:  285:        int remain = htotal % 8;
        -:  286:        if (remain != 0) {
        -:  287:            htotal += 8 - remain;
        -:  288:        }
        -:  289:#endif
    19633:  290:        hdr_id = slabs_clsid(htotal);
    19633:  291:        it = do_item_alloc_pull(htotal, hdr_id);
        -:  292:        /* setting ITEM_CHUNKED is fine here because we aren't LINKED yet. */
    19633:  293:        if (it != NULL)
    19633:  294:            it->it_flags |= ITEM_CHUNKED;
        -:  295:    } else {
    99558:  296:        it = do_item_alloc_pull(ntotal, id);
        -:  297:    }
        -:  298:
   119191:  299:    if (it == NULL) {
        5:  300:        pthread_mutex_lock(&lru_locks[id]);
        5:  301:        itemstats[id].outofmemory++;
        5:  302:        pthread_mutex_unlock(&lru_locks[id]);
        5:  303:        return NULL;
        -:  304:    }
        -:  305:
  119186*:  306:    assert(it->slabs_clsid == 0);
        -:  307:    //assert(it != heads[id]);
        -:  308:
        -:  309:    /* Refcount is seeded to 1 by slabs_alloc() */
   119186:  310:    it->next = it->prev = 0;
        -:  311:
        -:  312:    /* Items are initially loaded into the HOT_LRU. This is '0' but I want at
        -:  313:     * least a note here. Compiler (hopefully?) optimizes this out.
        -:  314:     */
   119186:  315:    if (settings.temp_lru &&
      101:  316:            exptime - current_time <= settings.temporary_ttl) {
        1:  317:        id |= TEMP_LRU;
   119185:  318:    } else if (settings.lru_segmented) {
        -:  319:        id |= HOT_LRU;
        -:  320:    } else {
        -:  321:        /* There is only COLD in compat-mode */
    20445:  322:        id |= COLD_LRU;
        -:  323:    }
   119186:  324:    it->slabs_clsid = id;
        -:  325:
   119186:  326:    DEBUG_REFCNT(it, '*');
   119186:  327:    it->it_flags |= settings.use_cas ? ITEM_CAS : 0;
   119186:  328:    it->it_flags |= nsuffix != 0 ? ITEM_CFLAGS : 0;
   119186:  329:    it->nkey = nkey;
   119186:  330:    it->nbytes = nbytes;
   119186:  331:    memcpy(ITEM_key(it), key, nkey);
   119186:  332:    it->exptime = exptime;
   119186:  333:    if (nsuffix > 0) {
    19889:  334:        memcpy(ITEM_suffix(it), &flags, sizeof(flags));
        -:  335:    }
        -:  336:
        -:  337:    /* Initialize internal chunk. */
   119186:  338:    if (it->it_flags & ITEM_CHUNKED) {
    19633:  339:        item_chunk *chunk = (item_chunk *) ITEM_schunk(it);
        -:  340:
    19633:  341:        chunk->next = 0;
    19633:  342:        chunk->prev = 0;
    19633:  343:        chunk->used = 0;
    19633:  344:        chunk->size = 0;
    19633:  345:        chunk->head = it;
    19633:  346:        chunk->orig_clsid = hdr_id;
        -:  347:    }
   119186:  348:    it->h_next = 0;
        -:  349:
   119186:  350:    return it;
        -:  351:}
------------------
do_item_alloc:
   119196:  252:item *do_item_alloc(char *key, const size_t nkey, const unsigned int flags,
        -:  253:                    const rel_time_t exptime, const int nbytes) {
   119196:  254:    uint8_t nsuffix;
   119196:  255:    item *it = NULL;
   119196:  256:    char suffix[40];
        -:  257:    // Avoid potential underflows.
   119196:  258:    if (nbytes < 2)
        -:  259:        return 0;
        -:  260:
   119195:  261:    size_t ntotal = item_make_header(nkey + 1, flags, nbytes, suffix, &nsuffix);
   119195:  262:    if (settings.use_cas) {
   119194:  263:        ntotal += sizeof(uint64_t);
        -:  264:    }
        -:  265:
   119195:  266:    unsigned int id = slabs_clsid(ntotal);
   119195:  267:    unsigned int hdr_id = 0;
   119195:  268:    if (id == 0)
        -:  269:        return 0;
        -:  270:
        -:  271:    /* This is a large item. Allocate a header object now, lazily allocate
        -:  272:     *  chunks while reading the upload.
        -:  273:     */
   119191:  274:    if (ntotal > settings.slab_chunk_size_max) {
        -:  275:        /* We still link this item into the LRU for the larger slab class, but
        -:  276:         * we're pulling a header from an entirely different slab class. The
        -:  277:         * free routines handle large items specifically.
        -:  278:         */
    19633:  279:        int htotal = nkey + 1 + nsuffix + sizeof(item) + sizeof(item_chunk);
    19633:  280:        if (settings.use_cas) {
    19633:  281:            htotal += sizeof(uint64_t);
        -:  282:        }
        -:  283:#ifdef NEED_ALIGN
        -:  284:        // header chunk needs to be padded on some systems
        -:  285:        int remain = htotal % 8;
        -:  286:        if (remain != 0) {
        -:  287:            htotal += 8 - remain;
        -:  288:        }
        -:  289:#endif
    19633:  290:        hdr_id = slabs_clsid(htotal);
    19633:  291:        it = do_item_alloc_pull(htotal, hdr_id);
        -:  292:        /* setting ITEM_CHUNKED is fine here because we aren't LINKED yet. */
    19633:  293:        if (it != NULL)
    19633:  294:            it->it_flags |= ITEM_CHUNKED;
        -:  295:    } else {
    99558:  296:        it = do_item_alloc_pull(ntotal, id);
        -:  297:    }
        -:  298:
   119191:  299:    if (it == NULL) {
        5:  300:        pthread_mutex_lock(&lru_locks[id]);
        5:  301:        itemstats[id].outofmemory++;
        5:  302:        pthread_mutex_unlock(&lru_locks[id]);
        5:  303:        return NULL;
        -:  304:    }
        -:  305:
  119186*:  306:    assert(it->slabs_clsid == 0);
        -:  307:    //assert(it != heads[id]);
        -:  308:
        -:  309:    /* Refcount is seeded to 1 by slabs_alloc() */
   119186:  310:    it->next = it->prev = 0;
        -:  311:
        -:  312:    /* Items are initially loaded into the HOT_LRU. This is '0' but I want at
        -:  313:     * least a note here. Compiler (hopefully?) optimizes this out.
        -:  314:     */
   119186:  315:    if (settings.temp_lru &&
      101:  316:            exptime - current_time <= settings.temporary_ttl) {
        1:  317:        id |= TEMP_LRU;
   119185:  318:    } else if (settings.lru_segmented) {
        -:  319:        id |= HOT_LRU;
        -:  320:    } else {
        -:  321:        /* There is only COLD in compat-mode */
    20445:  322:        id |= COLD_LRU;
        -:  323:    }
   119186:  324:    it->slabs_clsid = id;
        -:  325:
   119186:  326:    DEBUG_REFCNT(it, '*');
   119186:  327:    it->it_flags |= settings.use_cas ? ITEM_CAS : 0;
   119186:  328:    it->it_flags |= nsuffix != 0 ? ITEM_CFLAGS : 0;
   119186:  329:    it->nkey = nkey;
   119186:  330:    it->nbytes = nbytes;
   119186:  331:    memcpy(ITEM_key(it), key, nkey);
   119186:  332:    it->exptime = exptime;
   119186:  333:    if (nsuffix > 0) {
    19889:  334:        memcpy(ITEM_suffix(it), &flags, sizeof(flags));
        -:  335:    }
        -:  336:
        -:  337:    /* Initialize internal chunk. */
   119186:  338:    if (it->it_flags & ITEM_CHUNKED) {
    19633:  339:        item_chunk *chunk = (item_chunk *) ITEM_schunk(it);
        -:  340:
    19633:  341:        chunk->next = 0;
    19633:  342:        chunk->prev = 0;
    19633:  343:        chunk->used = 0;
    19633:  344:        chunk->size = 0;
    19633:  345:        chunk->head = it;
    19633:  346:        chunk->orig_clsid = hdr_id;
        -:  347:    }
   119186:  348:    it->h_next = 0;
        -:  349:
   119186:  350:    return it;
        -:  351:}
------------------
do_item_alloc:
   119196:  252:item *do_item_alloc(char *key, const size_t nkey, const unsigned int flags,
        -:  253:                    const rel_time_t exptime, const int nbytes) {
   119196:  254:    uint8_t nsuffix;
   119196:  255:    item *it = NULL;
   119196:  256:    char suffix[40];
        -:  257:    // Avoid potential underflows.
   119196:  258:    if (nbytes < 2)
        -:  259:        return 0;
        -:  260:
   119195:  261:    size_t ntotal = item_make_header(nkey + 1, flags, nbytes, suffix, &nsuffix);
   119195:  262:    if (settings.use_cas) {
   119194:  263:        ntotal += sizeof(uint64_t);
        -:  264:    }
        -:  265:
   119195:  266:    unsigned int id = slabs_clsid(ntotal);
   119195:  267:    unsigned int hdr_id = 0;
   119195:  268:    if (id == 0)
        -:  269:        return 0;
        -:  270:
        -:  271:    /* This is a large item. Allocate a header object now, lazily allocate
        -:  272:     *  chunks while reading the upload.
        -:  273:     */
   119191:  274:    if (ntotal > settings.slab_chunk_size_max) {
        -:  275:        /* We still link this item into the LRU for the larger slab class, but
        -:  276:         * we're pulling a header from an entirely different slab class. The
        -:  277:         * free routines handle large items specifically.
        -:  278:         */
    19633:  279:        int htotal = nkey + 1 + nsuffix + sizeof(item) + sizeof(item_chunk);
    19633:  280:        if (settings.use_cas) {
    19633:  281:            htotal += sizeof(uint64_t);
        -:  282:        }
        -:  283:#ifdef NEED_ALIGN
        -:  284:        // header chunk needs to be padded on some systems
        -:  285:        int remain = htotal % 8;
        -:  286:        if (remain != 0) {
        -:  287:            htotal += 8 - remain;
        -:  288:        }
        -:  289:#endif
    19633:  290:        hdr_id = slabs_clsid(htotal);
    19633:  291:        it = do_item_alloc_pull(htotal, hdr_id);
        -:  292:        /* setting ITEM_CHUNKED is fine here because we aren't LINKED yet. */
    19633:  293:        if (it != NULL)
    19633:  294:            it->it_flags |= ITEM_CHUNKED;
        -:  295:    } else {
    99558:  296:        it = do_item_alloc_pull(ntotal, id);
        -:  297:    }
        -:  298:
   119191:  299:    if (it == NULL) {
        5:  300:        pthread_mutex_lock(&lru_locks[id]);
        5:  301:        itemstats[id].outofmemory++;
        5:  302:        pthread_mutex_unlock(&lru_locks[id]);
        5:  303:        return NULL;
        -:  304:    }
        -:  305:
  119186*:  306:    assert(it->slabs_clsid == 0);
        -:  307:    //assert(it != heads[id]);
        -:  308:
        -:  309:    /* Refcount is seeded to 1 by slabs_alloc() */
   119186:  310:    it->next = it->prev = 0;
        -:  311:
        -:  312:    /* Items are initially loaded into the HOT_LRU. This is '0' but I want at
        -:  313:     * least a note here. Compiler (hopefully?) optimizes this out.
        -:  314:     */
   119186:  315:    if (settings.temp_lru &&
      101:  316:            exptime - current_time <= settings.temporary_ttl) {
        1:  317:        id |= TEMP_LRU;
   119185:  318:    } else if (settings.lru_segmented) {
        -:  319:        id |= HOT_LRU;
        -:  320:    } else {
        -:  321:        /* There is only COLD in compat-mode */
    20445:  322:        id |= COLD_LRU;
        -:  323:    }
   119186:  324:    it->slabs_clsid = id;
        -:  325:
   119186:  326:    DEBUG_REFCNT(it, '*');
   119186:  327:    it->it_flags |= settings.use_cas ? ITEM_CAS : 0;
   119186:  328:    it->it_flags |= nsuffix != 0 ? ITEM_CFLAGS : 0;
   119186:  329:    it->nkey = nkey;
   119186:  330:    it->nbytes = nbytes;
   119186:  331:    memcpy(ITEM_key(it), key, nkey);
   119186:  332:    it->exptime = exptime;
   119186:  333:    if (nsuffix > 0) {
    19889:  334:        memcpy(ITEM_suffix(it), &flags, sizeof(flags));
        -:  335:    }
        -:  336:
        -:  337:    /* Initialize internal chunk. */
   119186:  338:    if (it->it_flags & ITEM_CHUNKED) {
    19633:  339:        item_chunk *chunk = (item_chunk *) ITEM_schunk(it);
        -:  340:
    19633:  341:        chunk->next = 0;
    19633:  342:        chunk->prev = 0;
    19633:  343:        chunk->used = 0;
    19633:  344:        chunk->size = 0;
    19633:  345:        chunk->head = it;
    19633:  346:        chunk->orig_clsid = hdr_id;
        -:  347:    }
   119186:  348:    it->h_next = 0;
        -:  349:
   119186:  350:    return it;
        -:  351:}
------------------
do_item_alloc:
   119196:  252:item *do_item_alloc(char *key, const size_t nkey, const unsigned int flags,
        -:  253:                    const rel_time_t exptime, const int nbytes) {
   119196:  254:    uint8_t nsuffix;
   119196:  255:    item *it = NULL;
   119196:  256:    char suffix[40];
        -:  257:    // Avoid potential underflows.
   119196:  258:    if (nbytes < 2)
        -:  259:        return 0;
        -:  260:
   119195:  261:    size_t ntotal = item_make_header(nkey + 1, flags, nbytes, suffix, &nsuffix);
   119195:  262:    if (settings.use_cas) {
   119194:  263:        ntotal += sizeof(uint64_t);
        -:  264:    }
        -:  265:
   119195:  266:    unsigned int id = slabs_clsid(ntotal);
   119195:  267:    unsigned int hdr_id = 0;
   119195:  268:    if (id == 0)
        -:  269:        return 0;
        -:  270:
        -:  271:    /* This is a large item. Allocate a header object now, lazily allocate
        -:  272:     *  chunks while reading the upload.
        -:  273:     */
   119191:  274:    if (ntotal > settings.slab_chunk_size_max) {
        -:  275:        /* We still link this item into the LRU for the larger slab class, but
        -:  276:         * we're pulling a header from an entirely different slab class. The
        -:  277:         * free routines handle large items specifically.
        -:  278:         */
    19633:  279:        int htotal = nkey + 1 + nsuffix + sizeof(item) + sizeof(item_chunk);
    19633:  280:        if (settings.use_cas) {
    19633:  281:            htotal += sizeof(uint64_t);
        -:  282:        }
        -:  283:#ifdef NEED_ALIGN
        -:  284:        // header chunk needs to be padded on some systems
        -:  285:        int remain = htotal % 8;
        -:  286:        if (remain != 0) {
        -:  287:            htotal += 8 - remain;
        -:  288:        }
        -:  289:#endif
    19633:  290:        hdr_id = slabs_clsid(htotal);
    19633:  291:        it = do_item_alloc_pull(htotal, hdr_id);
        -:  292:        /* setting ITEM_CHUNKED is fine here because we aren't LINKED yet. */
    19633:  293:        if (it != NULL)
    19633:  294:            it->it_flags |= ITEM_CHUNKED;
        -:  295:    } else {
    99558:  296:        it = do_item_alloc_pull(ntotal, id);
        -:  297:    }
        -:  298:
   119191:  299:    if (it == NULL) {
        5:  300:        pthread_mutex_lock(&lru_locks[id]);
        5:  301:        itemstats[id].outofmemory++;
        5:  302:        pthread_mutex_unlock(&lru_locks[id]);
        5:  303:        return NULL;
        -:  304:    }
        -:  305:
  119186*:  306:    assert(it->slabs_clsid == 0);
        -:  307:    //assert(it != heads[id]);
        -:  308:
        -:  309:    /* Refcount is seeded to 1 by slabs_alloc() */
   119186:  310:    it->next = it->prev = 0;
        -:  311:
        -:  312:    /* Items are initially loaded into the HOT_LRU. This is '0' but I want at
        -:  313:     * least a note here. Compiler (hopefully?) optimizes this out.
        -:  314:     */
   119186:  315:    if (settings.temp_lru &&
      101:  316:            exptime - current_time <= settings.temporary_ttl) {
        1:  317:        id |= TEMP_LRU;
   119185:  318:    } else if (settings.lru_segmented) {
        -:  319:        id |= HOT_LRU;
        -:  320:    } else {
        -:  321:        /* There is only COLD in compat-mode */
    20445:  322:        id |= COLD_LRU;
        -:  323:    }
   119186:  324:    it->slabs_clsid = id;
        -:  325:
   119186:  326:    DEBUG_REFCNT(it, '*');
   119186:  327:    it->it_flags |= settings.use_cas ? ITEM_CAS : 0;
   119186:  328:    it->it_flags |= nsuffix != 0 ? ITEM_CFLAGS : 0;
   119186:  329:    it->nkey = nkey;
   119186:  330:    it->nbytes = nbytes;
   119186:  331:    memcpy(ITEM_key(it), key, nkey);
   119186:  332:    it->exptime = exptime;
   119186:  333:    if (nsuffix > 0) {
    19889:  334:        memcpy(ITEM_suffix(it), &flags, sizeof(flags));
        -:  335:    }
        -:  336:
        -:  337:    /* Initialize internal chunk. */
   119186:  338:    if (it->it_flags & ITEM_CHUNKED) {
    19633:  339:        item_chunk *chunk = (item_chunk *) ITEM_schunk(it);
        -:  340:
    19633:  341:        chunk->next = 0;
    19633:  342:        chunk->prev = 0;
    19633:  343:        chunk->used = 0;
    19633:  344:        chunk->size = 0;
    19633:  345:        chunk->head = it;
    19633:  346:        chunk->orig_clsid = hdr_id;
        -:  347:    }
   119186:  348:    it->h_next = 0;
        -:  349:
   119186:  350:    return it;
        -:  351:}
------------------
        -:  352:
   317788:  353:void item_free(item *it) {
   317788:  354:    size_t ntotal = ITEM_ntotal(it);
   317788:  355:    unsigned int clsid;
  317788*:  356:    assert((it->it_flags & ITEM_LINKED) == 0);
  317788*:  357:    assert(it != heads[it->slabs_clsid]);
  317788*:  358:    assert(it != tails[it->slabs_clsid]);
  317788*:  359:    assert(it->refcount == 0);
        -:  360:
        -:  361:    /* so slab size changer can tell later if item is already free or not */
   317788:  362:    clsid = ITEM_clsid(it);
   317788:  363:    DEBUG_REFCNT(it, 'F');
   317788:  364:    slabs_free(it, ntotal, clsid);
   317788:  365:}
------------------
item_free:
    79447:  353:void item_free(item *it) {
    79447:  354:    size_t ntotal = ITEM_ntotal(it);
    79447:  355:    unsigned int clsid;
   79447*:  356:    assert((it->it_flags & ITEM_LINKED) == 0);
   79447*:  357:    assert(it != heads[it->slabs_clsid]);
   79447*:  358:    assert(it != tails[it->slabs_clsid]);
   79447*:  359:    assert(it->refcount == 0);
        -:  360:
        -:  361:    /* so slab size changer can tell later if item is already free or not */
    79447:  362:    clsid = ITEM_clsid(it);
    79447:  363:    DEBUG_REFCNT(it, 'F');
    79447:  364:    slabs_free(it, ntotal, clsid);
    79447:  365:}
------------------
item_free:
    79447:  353:void item_free(item *it) {
    79447:  354:    size_t ntotal = ITEM_ntotal(it);
    79447:  355:    unsigned int clsid;
   79447*:  356:    assert((it->it_flags & ITEM_LINKED) == 0);
   79447*:  357:    assert(it != heads[it->slabs_clsid]);
   79447*:  358:    assert(it != tails[it->slabs_clsid]);
   79447*:  359:    assert(it->refcount == 0);
        -:  360:
        -:  361:    /* so slab size changer can tell later if item is already free or not */
    79447:  362:    clsid = ITEM_clsid(it);
    79447:  363:    DEBUG_REFCNT(it, 'F');
    79447:  364:    slabs_free(it, ntotal, clsid);
    79447:  365:}
------------------
item_free:
    79447:  353:void item_free(item *it) {
    79447:  354:    size_t ntotal = ITEM_ntotal(it);
    79447:  355:    unsigned int clsid;
   79447*:  356:    assert((it->it_flags & ITEM_LINKED) == 0);
   79447*:  357:    assert(it != heads[it->slabs_clsid]);
   79447*:  358:    assert(it != tails[it->slabs_clsid]);
   79447*:  359:    assert(it->refcount == 0);
        -:  360:
        -:  361:    /* so slab size changer can tell later if item is already free or not */
    79447:  362:    clsid = ITEM_clsid(it);
    79447:  363:    DEBUG_REFCNT(it, 'F');
    79447:  364:    slabs_free(it, ntotal, clsid);
    79447:  365:}
------------------
item_free:
    79447:  353:void item_free(item *it) {
    79447:  354:    size_t ntotal = ITEM_ntotal(it);
    79447:  355:    unsigned int clsid;
   79447*:  356:    assert((it->it_flags & ITEM_LINKED) == 0);
   79447*:  357:    assert(it != heads[it->slabs_clsid]);
   79447*:  358:    assert(it != tails[it->slabs_clsid]);
   79447*:  359:    assert(it->refcount == 0);
        -:  360:
        -:  361:    /* so slab size changer can tell later if item is already free or not */
    79447:  362:    clsid = ITEM_clsid(it);
    79447:  363:    DEBUG_REFCNT(it, 'F');
    79447:  364:    slabs_free(it, ntotal, clsid);
    79447:  365:}
------------------
        -:  366:
        -:  367:/**
        -:  368: * Returns true if an item will fit in the cache (its size does not exceed
        -:  369: * the maximum for a cache entry.)
        -:  370: */
       40:  371:bool item_size_ok(const size_t nkey, const int flags, const int nbytes) {
       40:  372:    char prefix[40];
       40:  373:    uint8_t nsuffix;
       40:  374:    if (nbytes < 2)
        -:  375:        return false;
        -:  376:
       36:  377:    size_t ntotal = item_make_header(nkey + 1, flags, nbytes,
        -:  378:                                     prefix, &nsuffix);
       36:  379:    if (settings.use_cas) {
       36:  380:        ntotal += sizeof(uint64_t);
        -:  381:    }
        -:  382:
       36:  383:    return slabs_clsid(ntotal) != 0;
        -:  384:}
------------------
item_size_ok:
       10:  371:bool item_size_ok(const size_t nkey, const int flags, const int nbytes) {
       10:  372:    char prefix[40];
       10:  373:    uint8_t nsuffix;
       10:  374:    if (nbytes < 2)
        -:  375:        return false;
        -:  376:
        9:  377:    size_t ntotal = item_make_header(nkey + 1, flags, nbytes,
        -:  378:                                     prefix, &nsuffix);
        9:  379:    if (settings.use_cas) {
        9:  380:        ntotal += sizeof(uint64_t);
        -:  381:    }
        -:  382:
        9:  383:    return slabs_clsid(ntotal) != 0;
        -:  384:}
------------------
item_size_ok:
       10:  371:bool item_size_ok(const size_t nkey, const int flags, const int nbytes) {
       10:  372:    char prefix[40];
       10:  373:    uint8_t nsuffix;
       10:  374:    if (nbytes < 2)
        -:  375:        return false;
        -:  376:
        9:  377:    size_t ntotal = item_make_header(nkey + 1, flags, nbytes,
        -:  378:                                     prefix, &nsuffix);
        9:  379:    if (settings.use_cas) {
        9:  380:        ntotal += sizeof(uint64_t);
        -:  381:    }
        -:  382:
        9:  383:    return slabs_clsid(ntotal) != 0;
        -:  384:}
------------------
item_size_ok:
       10:  371:bool item_size_ok(const size_t nkey, const int flags, const int nbytes) {
       10:  372:    char prefix[40];
       10:  373:    uint8_t nsuffix;
       10:  374:    if (nbytes < 2)
        -:  375:        return false;
        -:  376:
        9:  377:    size_t ntotal = item_make_header(nkey + 1, flags, nbytes,
        -:  378:                                     prefix, &nsuffix);
        9:  379:    if (settings.use_cas) {
        9:  380:        ntotal += sizeof(uint64_t);
        -:  381:    }
        -:  382:
        9:  383:    return slabs_clsid(ntotal) != 0;
        -:  384:}
------------------
item_size_ok:
       10:  371:bool item_size_ok(const size_t nkey, const int flags, const int nbytes) {
       10:  372:    char prefix[40];
       10:  373:    uint8_t nsuffix;
       10:  374:    if (nbytes < 2)
        -:  375:        return false;
        -:  376:
        9:  377:    size_t ntotal = item_make_header(nkey + 1, flags, nbytes,
        -:  378:                                     prefix, &nsuffix);
        9:  379:    if (settings.use_cas) {
        9:  380:        ntotal += sizeof(uint64_t);
        -:  381:    }
        -:  382:
        9:  383:    return slabs_clsid(ntotal) != 0;
        -:  384:}
------------------
        -:  385:
   572872:  386:static void do_item_link_q(item *it) { /* item is the new head */
   572872:  387:    item **head, **tail;
  572872*:  388:    assert((it->it_flags & ITEM_SLABBED) == 0);
        -:  389:
   572872:  390:    head = &heads[it->slabs_clsid];
   572872:  391:    tail = &tails[it->slabs_clsid];
  572872*:  392:    assert(it != *head);
  572872*:  393:    assert((*head && *tail) || (*head == 0 && *tail == 0));
   572872:  394:    it->prev = 0;
   572872:  395:    it->next = *head;
   572872:  396:    if (it->next) it->next->prev = it;
   572872:  397:    *head = it;
   572872:  398:    if (*tail == 0) *tail = it;
   572872:  399:    sizes[it->slabs_clsid]++;
        -:  400:#ifdef EXTSTORE
        -:  401:    if (it->it_flags & ITEM_HDR) {
        -:  402:        sizes_bytes[it->slabs_clsid] += (ITEM_ntotal(it) - it->nbytes) + sizeof(item_hdr);
        -:  403:    } else {
        -:  404:        sizes_bytes[it->slabs_clsid] += ITEM_ntotal(it);
        -:  405:    }
        -:  406:#else
   572872:  407:    sizes_bytes[it->slabs_clsid] += ITEM_ntotal(it);
        -:  408:#endif
        -:  409:
   572872:  410:    return;
        -:  411:}
------------------
do_item_link_q:
   143218:  386:static void do_item_link_q(item *it) { /* item is the new head */
   143218:  387:    item **head, **tail;
  143218*:  388:    assert((it->it_flags & ITEM_SLABBED) == 0);
        -:  389:
   143218:  390:    head = &heads[it->slabs_clsid];
   143218:  391:    tail = &tails[it->slabs_clsid];
  143218*:  392:    assert(it != *head);
  143218*:  393:    assert((*head && *tail) || (*head == 0 && *tail == 0));
   143218:  394:    it->prev = 0;
   143218:  395:    it->next = *head;
   143218:  396:    if (it->next) it->next->prev = it;
   143218:  397:    *head = it;
   143218:  398:    if (*tail == 0) *tail = it;
   143218:  399:    sizes[it->slabs_clsid]++;
        -:  400:#ifdef EXTSTORE
        -:  401:    if (it->it_flags & ITEM_HDR) {
        -:  402:        sizes_bytes[it->slabs_clsid] += (ITEM_ntotal(it) - it->nbytes) + sizeof(item_hdr);
        -:  403:    } else {
        -:  404:        sizes_bytes[it->slabs_clsid] += ITEM_ntotal(it);
        -:  405:    }
        -:  406:#else
   143218:  407:    sizes_bytes[it->slabs_clsid] += ITEM_ntotal(it);
        -:  408:#endif
        -:  409:
   143218:  410:    return;
        -:  411:}
------------------
do_item_link_q:
   143218:  386:static void do_item_link_q(item *it) { /* item is the new head */
   143218:  387:    item **head, **tail;
  143218*:  388:    assert((it->it_flags & ITEM_SLABBED) == 0);
        -:  389:
   143218:  390:    head = &heads[it->slabs_clsid];
   143218:  391:    tail = &tails[it->slabs_clsid];
  143218*:  392:    assert(it != *head);
  143218*:  393:    assert((*head && *tail) || (*head == 0 && *tail == 0));
   143218:  394:    it->prev = 0;
   143218:  395:    it->next = *head;
   143218:  396:    if (it->next) it->next->prev = it;
   143218:  397:    *head = it;
   143218:  398:    if (*tail == 0) *tail = it;
   143218:  399:    sizes[it->slabs_clsid]++;
        -:  400:#ifdef EXTSTORE
        -:  401:    if (it->it_flags & ITEM_HDR) {
        -:  402:        sizes_bytes[it->slabs_clsid] += (ITEM_ntotal(it) - it->nbytes) + sizeof(item_hdr);
        -:  403:    } else {
        -:  404:        sizes_bytes[it->slabs_clsid] += ITEM_ntotal(it);
        -:  405:    }
        -:  406:#else
   143218:  407:    sizes_bytes[it->slabs_clsid] += ITEM_ntotal(it);
        -:  408:#endif
        -:  409:
   143218:  410:    return;
        -:  411:}
------------------
do_item_link_q:
   143218:  386:static void do_item_link_q(item *it) { /* item is the new head */
   143218:  387:    item **head, **tail;
  143218*:  388:    assert((it->it_flags & ITEM_SLABBED) == 0);
        -:  389:
   143218:  390:    head = &heads[it->slabs_clsid];
   143218:  391:    tail = &tails[it->slabs_clsid];
  143218*:  392:    assert(it != *head);
  143218*:  393:    assert((*head && *tail) || (*head == 0 && *tail == 0));
   143218:  394:    it->prev = 0;
   143218:  395:    it->next = *head;
   143218:  396:    if (it->next) it->next->prev = it;
   143218:  397:    *head = it;
   143218:  398:    if (*tail == 0) *tail = it;
   143218:  399:    sizes[it->slabs_clsid]++;
        -:  400:#ifdef EXTSTORE
        -:  401:    if (it->it_flags & ITEM_HDR) {
        -:  402:        sizes_bytes[it->slabs_clsid] += (ITEM_ntotal(it) - it->nbytes) + sizeof(item_hdr);
        -:  403:    } else {
        -:  404:        sizes_bytes[it->slabs_clsid] += ITEM_ntotal(it);
        -:  405:    }
        -:  406:#else
   143218:  407:    sizes_bytes[it->slabs_clsid] += ITEM_ntotal(it);
        -:  408:#endif
        -:  409:
   143218:  410:    return;
        -:  411:}
------------------
do_item_link_q:
   143218:  386:static void do_item_link_q(item *it) { /* item is the new head */
   143218:  387:    item **head, **tail;
  143218*:  388:    assert((it->it_flags & ITEM_SLABBED) == 0);
        -:  389:
   143218:  390:    head = &heads[it->slabs_clsid];
   143218:  391:    tail = &tails[it->slabs_clsid];
  143218*:  392:    assert(it != *head);
  143218*:  393:    assert((*head && *tail) || (*head == 0 && *tail == 0));
   143218:  394:    it->prev = 0;
   143218:  395:    it->next = *head;
   143218:  396:    if (it->next) it->next->prev = it;
   143218:  397:    *head = it;
   143218:  398:    if (*tail == 0) *tail = it;
   143218:  399:    sizes[it->slabs_clsid]++;
        -:  400:#ifdef EXTSTORE
        -:  401:    if (it->it_flags & ITEM_HDR) {
        -:  402:        sizes_bytes[it->slabs_clsid] += (ITEM_ntotal(it) - it->nbytes) + sizeof(item_hdr);
        -:  403:    } else {
        -:  404:        sizes_bytes[it->slabs_clsid] += ITEM_ntotal(it);
        -:  405:    }
        -:  406:#else
   143218:  407:    sizes_bytes[it->slabs_clsid] += ITEM_ntotal(it);
        -:  408:#endif
        -:  409:
   143218:  410:    return;
        -:  411:}
------------------
        -:  412:
   572868:  413:static void item_link_q(item *it) {
   572868:  414:    pthread_mutex_lock(&lru_locks[it->slabs_clsid]);
   572868:  415:    do_item_link_q(it);
   572868:  416:    pthread_mutex_unlock(&lru_locks[it->slabs_clsid]);
   572868:  417:}
------------------
item_link_q:
   143217:  413:static void item_link_q(item *it) {
   143217:  414:    pthread_mutex_lock(&lru_locks[it->slabs_clsid]);
   143217:  415:    do_item_link_q(it);
   143217:  416:    pthread_mutex_unlock(&lru_locks[it->slabs_clsid]);
   143217:  417:}
------------------
item_link_q:
   143217:  413:static void item_link_q(item *it) {
   143217:  414:    pthread_mutex_lock(&lru_locks[it->slabs_clsid]);
   143217:  415:    do_item_link_q(it);
   143217:  416:    pthread_mutex_unlock(&lru_locks[it->slabs_clsid]);
   143217:  417:}
------------------
item_link_q:
   143217:  413:static void item_link_q(item *it) {
   143217:  414:    pthread_mutex_lock(&lru_locks[it->slabs_clsid]);
   143217:  415:    do_item_link_q(it);
   143217:  416:    pthread_mutex_unlock(&lru_locks[it->slabs_clsid]);
   143217:  417:}
------------------
item_link_q:
   143217:  413:static void item_link_q(item *it) {
   143217:  414:    pthread_mutex_lock(&lru_locks[it->slabs_clsid]);
   143217:  415:    do_item_link_q(it);
   143217:  416:    pthread_mutex_unlock(&lru_locks[it->slabs_clsid]);
   143217:  417:}
------------------
        -:  418:
        4:  419:static void item_link_q_warm(item *it) {
        4:  420:    pthread_mutex_lock(&lru_locks[it->slabs_clsid]);
        4:  421:    do_item_link_q(it);
        4:  422:    itemstats[it->slabs_clsid].moves_to_warm++;
        4:  423:    pthread_mutex_unlock(&lru_locks[it->slabs_clsid]);
        4:  424:}
------------------
item_link_q_warm:
        1:  419:static void item_link_q_warm(item *it) {
        1:  420:    pthread_mutex_lock(&lru_locks[it->slabs_clsid]);
        1:  421:    do_item_link_q(it);
        1:  422:    itemstats[it->slabs_clsid].moves_to_warm++;
        1:  423:    pthread_mutex_unlock(&lru_locks[it->slabs_clsid]);
        1:  424:}
------------------
item_link_q_warm:
        1:  419:static void item_link_q_warm(item *it) {
        1:  420:    pthread_mutex_lock(&lru_locks[it->slabs_clsid]);
        1:  421:    do_item_link_q(it);
        1:  422:    itemstats[it->slabs_clsid].moves_to_warm++;
        1:  423:    pthread_mutex_unlock(&lru_locks[it->slabs_clsid]);
        1:  424:}
------------------
item_link_q_warm:
        1:  419:static void item_link_q_warm(item *it) {
        1:  420:    pthread_mutex_lock(&lru_locks[it->slabs_clsid]);
        1:  421:    do_item_link_q(it);
        1:  422:    itemstats[it->slabs_clsid].moves_to_warm++;
        1:  423:    pthread_mutex_unlock(&lru_locks[it->slabs_clsid]);
        1:  424:}
------------------
item_link_q_warm:
        1:  419:static void item_link_q_warm(item *it) {
        1:  420:    pthread_mutex_lock(&lru_locks[it->slabs_clsid]);
        1:  421:    do_item_link_q(it);
        1:  422:    itemstats[it->slabs_clsid].moves_to_warm++;
        1:  423:    pthread_mutex_unlock(&lru_locks[it->slabs_clsid]);
        1:  424:}
------------------
        -:  425:
   415600:  426:static void do_item_unlink_q(item *it) {
   415600:  427:    item **head, **tail;
   415600:  428:    head = &heads[it->slabs_clsid];
   415600:  429:    tail = &tails[it->slabs_clsid];
        -:  430:
   415600:  431:    if (*head == it) {
  188680*:  432:        assert(it->prev == 0);
   188680:  433:        *head = it->next;
        -:  434:    }
   415600:  435:    if (*tail == it) {
  309372*:  436:        assert(it->next == 0);
   309372:  437:        *tail = it->prev;
        -:  438:    }
  415600*:  439:    assert(it->next != it);
  415600*:  440:    assert(it->prev != it);
        -:  441:
   415600:  442:    if (it->next) it->next->prev = it->prev;
   415600:  443:    if (it->prev) it->prev->next = it->next;
   415600:  444:    sizes[it->slabs_clsid]--;
        -:  445:#ifdef EXTSTORE
        -:  446:    if (it->it_flags & ITEM_HDR) {
        -:  447:        sizes_bytes[it->slabs_clsid] -= (ITEM_ntotal(it) - it->nbytes) + sizeof(item_hdr);
        -:  448:    } else {
        -:  449:        sizes_bytes[it->slabs_clsid] -= ITEM_ntotal(it);
        -:  450:    }
        -:  451:#else
   415600:  452:    sizes_bytes[it->slabs_clsid] -= ITEM_ntotal(it);
        -:  453:#endif
        -:  454:
   415600:  455:    return;
        -:  456:}
------------------
do_item_unlink_q:
   103900:  426:static void do_item_unlink_q(item *it) {
   103900:  427:    item **head, **tail;
   103900:  428:    head = &heads[it->slabs_clsid];
   103900:  429:    tail = &tails[it->slabs_clsid];
        -:  430:
   103900:  431:    if (*head == it) {
   47170*:  432:        assert(it->prev == 0);
    47170:  433:        *head = it->next;
        -:  434:    }
   103900:  435:    if (*tail == it) {
   77343*:  436:        assert(it->next == 0);
    77343:  437:        *tail = it->prev;
        -:  438:    }
  103900*:  439:    assert(it->next != it);
  103900*:  440:    assert(it->prev != it);
        -:  441:
   103900:  442:    if (it->next) it->next->prev = it->prev;
   103900:  443:    if (it->prev) it->prev->next = it->next;
   103900:  444:    sizes[it->slabs_clsid]--;
        -:  445:#ifdef EXTSTORE
        -:  446:    if (it->it_flags & ITEM_HDR) {
        -:  447:        sizes_bytes[it->slabs_clsid] -= (ITEM_ntotal(it) - it->nbytes) + sizeof(item_hdr);
        -:  448:    } else {
        -:  449:        sizes_bytes[it->slabs_clsid] -= ITEM_ntotal(it);
        -:  450:    }
        -:  451:#else
   103900:  452:    sizes_bytes[it->slabs_clsid] -= ITEM_ntotal(it);
        -:  453:#endif
        -:  454:
   103900:  455:    return;
        -:  456:}
------------------
do_item_unlink_q:
   103900:  426:static void do_item_unlink_q(item *it) {
   103900:  427:    item **head, **tail;
   103900:  428:    head = &heads[it->slabs_clsid];
   103900:  429:    tail = &tails[it->slabs_clsid];
        -:  430:
   103900:  431:    if (*head == it) {
   47170*:  432:        assert(it->prev == 0);
    47170:  433:        *head = it->next;
        -:  434:    }
   103900:  435:    if (*tail == it) {
   77343*:  436:        assert(it->next == 0);
    77343:  437:        *tail = it->prev;
        -:  438:    }
  103900*:  439:    assert(it->next != it);
  103900*:  440:    assert(it->prev != it);
        -:  441:
   103900:  442:    if (it->next) it->next->prev = it->prev;
   103900:  443:    if (it->prev) it->prev->next = it->next;
   103900:  444:    sizes[it->slabs_clsid]--;
        -:  445:#ifdef EXTSTORE
        -:  446:    if (it->it_flags & ITEM_HDR) {
        -:  447:        sizes_bytes[it->slabs_clsid] -= (ITEM_ntotal(it) - it->nbytes) + sizeof(item_hdr);
        -:  448:    } else {
        -:  449:        sizes_bytes[it->slabs_clsid] -= ITEM_ntotal(it);
        -:  450:    }
        -:  451:#else
   103900:  452:    sizes_bytes[it->slabs_clsid] -= ITEM_ntotal(it);
        -:  453:#endif
        -:  454:
   103900:  455:    return;
        -:  456:}
------------------
do_item_unlink_q:
   103900:  426:static void do_item_unlink_q(item *it) {
   103900:  427:    item **head, **tail;
   103900:  428:    head = &heads[it->slabs_clsid];
   103900:  429:    tail = &tails[it->slabs_clsid];
        -:  430:
   103900:  431:    if (*head == it) {
   47170*:  432:        assert(it->prev == 0);
    47170:  433:        *head = it->next;
        -:  434:    }
   103900:  435:    if (*tail == it) {
   77343*:  436:        assert(it->next == 0);
    77343:  437:        *tail = it->prev;
        -:  438:    }
  103900*:  439:    assert(it->next != it);
  103900*:  440:    assert(it->prev != it);
        -:  441:
   103900:  442:    if (it->next) it->next->prev = it->prev;
   103900:  443:    if (it->prev) it->prev->next = it->next;
   103900:  444:    sizes[it->slabs_clsid]--;
        -:  445:#ifdef EXTSTORE
        -:  446:    if (it->it_flags & ITEM_HDR) {
        -:  447:        sizes_bytes[it->slabs_clsid] -= (ITEM_ntotal(it) - it->nbytes) + sizeof(item_hdr);
        -:  448:    } else {
        -:  449:        sizes_bytes[it->slabs_clsid] -= ITEM_ntotal(it);
        -:  450:    }
        -:  451:#else
   103900:  452:    sizes_bytes[it->slabs_clsid] -= ITEM_ntotal(it);
        -:  453:#endif
        -:  454:
   103900:  455:    return;
        -:  456:}
------------------
do_item_unlink_q:
   103900:  426:static void do_item_unlink_q(item *it) {
   103900:  427:    item **head, **tail;
   103900:  428:    head = &heads[it->slabs_clsid];
   103900:  429:    tail = &tails[it->slabs_clsid];
        -:  430:
   103900:  431:    if (*head == it) {
   47170*:  432:        assert(it->prev == 0);
    47170:  433:        *head = it->next;
        -:  434:    }
   103900:  435:    if (*tail == it) {
   77343*:  436:        assert(it->next == 0);
    77343:  437:        *tail = it->prev;
        -:  438:    }
  103900*:  439:    assert(it->next != it);
  103900*:  440:    assert(it->prev != it);
        -:  441:
   103900:  442:    if (it->next) it->next->prev = it->prev;
   103900:  443:    if (it->prev) it->prev->next = it->next;
   103900:  444:    sizes[it->slabs_clsid]--;
        -:  445:#ifdef EXTSTORE
        -:  446:    if (it->it_flags & ITEM_HDR) {
        -:  447:        sizes_bytes[it->slabs_clsid] -= (ITEM_ntotal(it) - it->nbytes) + sizeof(item_hdr);
        -:  448:    } else {
        -:  449:        sizes_bytes[it->slabs_clsid] -= ITEM_ntotal(it);
        -:  450:    }
        -:  451:#else
   103900:  452:    sizes_bytes[it->slabs_clsid] -= ITEM_ntotal(it);
        -:  453:#endif
        -:  454:
   103900:  455:    return;
        -:  456:}
------------------
        -:  457:
   161268:  458:static void item_unlink_q(item *it) {
   161268:  459:    pthread_mutex_lock(&lru_locks[it->slabs_clsid]);
   161268:  460:    do_item_unlink_q(it);
   161268:  461:    pthread_mutex_unlock(&lru_locks[it->slabs_clsid]);
   161268:  462:}
------------------
item_unlink_q:
    40317:  458:static void item_unlink_q(item *it) {
    40317:  459:    pthread_mutex_lock(&lru_locks[it->slabs_clsid]);
    40317:  460:    do_item_unlink_q(it);
    40317:  461:    pthread_mutex_unlock(&lru_locks[it->slabs_clsid]);
    40317:  462:}
------------------
item_unlink_q:
    40317:  458:static void item_unlink_q(item *it) {
    40317:  459:    pthread_mutex_lock(&lru_locks[it->slabs_clsid]);
    40317:  460:    do_item_unlink_q(it);
    40317:  461:    pthread_mutex_unlock(&lru_locks[it->slabs_clsid]);
    40317:  462:}
------------------
item_unlink_q:
    40317:  458:static void item_unlink_q(item *it) {
    40317:  459:    pthread_mutex_lock(&lru_locks[it->slabs_clsid]);
    40317:  460:    do_item_unlink_q(it);
    40317:  461:    pthread_mutex_unlock(&lru_locks[it->slabs_clsid]);
    40317:  462:}
------------------
item_unlink_q:
    40317:  458:static void item_unlink_q(item *it) {
    40317:  459:    pthread_mutex_lock(&lru_locks[it->slabs_clsid]);
    40317:  460:    do_item_unlink_q(it);
    40317:  461:    pthread_mutex_unlock(&lru_locks[it->slabs_clsid]);
    40317:  462:}
------------------
        -:  463:
[...]
    #####: 1662:    if ((ret = pthread_join(lru_maintainer_tid, NULL)) != 0) {
    #####: 1663:        fprintf(stderr, "Failed to stop LRU maintainer thread: %s\n", strerror(ret));
    #####: 1664:        return -1;
        -: 1665:    }
    #####: 1666:    settings.lru_maintainer_thread = false;
    #####: 1667:    return 0;
        -: 1668:}
------------------
stop_lru_maintainer_thread:
    #####: 1656:int stop_lru_maintainer_thread(void) {
    #####: 1657:    int ret;
    #####: 1658:    pthread_mutex_lock(&lru_maintainer_lock);
        -: 1659:    /* LRU thread is a sleep loop, will die on its own */
    #####: 1660:    do_run_lru_maintainer_thread = 0;
    #####: 1661:    pthread_mutex_unlock(&lru_maintainer_lock);
    #####: 1662:    if ((ret = pthread_join(lru_maintainer_tid, NULL)) != 0) {
    #####: 1663:        fprintf(stderr, "Failed to stop LRU maintainer thread: %s\n", strerror(ret));
    #####: 1664:        return -1;
        -: 1665:    }
    #####: 1666:    settings.lru_maintainer_thread = false;
    #####: 1667:    return 0;
        -: 1668:}
------------------
        -: 1669:
      348: 1670:int start_lru_maintainer_thread(void *arg) {
      348: 1671:    int ret;
        -: 1672:
      348: 1673:    pthread_mutex_lock(&lru_maintainer_lock);
      348: 1674:    do_run_lru_maintainer_thread = 1;
      348: 1675:    settings.lru_maintainer_thread = true;
      348: 1676:    if ((ret = pthread_create(&lru_maintainer_tid, NULL,
        -: 1677:        lru_maintainer_thread, arg)) != 0) {
    #####: 1678:        fprintf(stderr, "Can't create LRU maintainer thread: %s\n",
        -: 1679:            strerror(ret));
    #####: 1680:        pthread_mutex_unlock(&lru_maintainer_lock);
    #####: 1681:        return -1;
        -: 1682:    }
      348: 1683:    pthread_mutex_unlock(&lru_maintainer_lock);
        -: 1684:
      348: 1685:    return 0;
        -: 1686:}
------------------
start_lru_maintainer_thread:
       87: 1670:int start_lru_maintainer_thread(void *arg) {
       87: 1671:    int ret;
        -: 1672:
       87: 1673:    pthread_mutex_lock(&lru_maintainer_lock);
       87: 1674:    do_run_lru_maintainer_thread = 1;
       87: 1675:    settings.lru_maintainer_thread = true;
       87: 1676:    if ((ret = pthread_create(&lru_maintainer_tid, NULL,
        -: 1677:        lru_maintainer_thread, arg)) != 0) {
    #####: 1678:        fprintf(stderr, "Can't create LRU maintainer thread: %s\n",
        -: 1679:            strerror(ret));
    #####: 1680:        pthread_mutex_unlock(&lru_maintainer_lock);
    #####: 1681:        return -1;
        -: 1682:    }
       87: 1683:    pthread_mutex_unlock(&lru_maintainer_lock);
        -: 1684:
       87: 1685:    return 0;
        -: 1686:}
------------------
start_lru_maintainer_thread:
       87: 1670:int start_lru_maintainer_thread(void *arg) {
       87: 1671:    int ret;
        -: 1672:
       87: 1673:    pthread_mutex_lock(&lru_maintainer_lock);
       87: 1674:    do_run_lru_maintainer_thread = 1;
       87: 1675:    settings.lru_maintainer_thread = true;
       87: 1676:    if ((ret = pthread_create(&lru_maintainer_tid, NULL,
        -: 1677:        lru_maintainer_thread, arg)) != 0) {
    #####: 1678:        fprintf(stderr, "Can't create LRU maintainer thread: %s\n",
        -: 1679:            strerror(ret));
    #####: 1680:        pthread_mutex_unlock(&lru_maintainer_lock);
    #####: 1681:        return -1;
        -: 1682:    }
       87: 1683:    pthread_mutex_unlock(&lru_maintainer_lock);
        -: 1684:
       87: 1685:    return 0;
        -: 1686:}
------------------
start_lru_maintainer_thread:
       87: 1670:int start_lru_maintainer_thread(void *arg) {
       87: 1671:    int ret;
        -: 1672:
       87: 1673:    pthread_mutex_lock(&lru_maintainer_lock);
       87: 1674:    do_run_lru_maintainer_thread = 1;
       87: 1675:    settings.lru_maintainer_thread = true;
       87: 1676:    if ((ret = pthread_create(&lru_maintainer_tid, NULL,
        -: 1677:        lru_maintainer_thread, arg)) != 0) {
    #####: 1678:        fprintf(stderr, "Can't create LRU maintainer thread: %s\n",
        -: 1679:            strerror(ret));
    #####: 1680:        pthread_mutex_unlock(&lru_maintainer_lock);
    #####: 1681:        return -1;
        -: 1682:    }
       87: 1683:    pthread_mutex_unlock(&lru_maintainer_lock);
        -: 1684:
       87: 1685:    return 0;
        -: 1686:}
------------------
start_lru_maintainer_thread:
       87: 1670:int start_lru_maintainer_thread(void *arg) {
       87: 1671:    int ret;
        -: 1672:
       87: 1673:    pthread_mutex_lock(&lru_maintainer_lock);
       87: 1674:    do_run_lru_maintainer_thread = 1;
       87: 1675:    settings.lru_maintainer_thread = true;
       87: 1676:    if ((ret = pthread_create(&lru_maintainer_tid, NULL,
        -: 1677:        lru_maintainer_thread, arg)) != 0) {
    #####: 1678:        fprintf(stderr, "Can't create LRU maintainer thread: %s\n",
        -: 1679:            strerror(ret));
    #####: 1680:        pthread_mutex_unlock(&lru_maintainer_lock);
    #####: 1681:        return -1;
        -: 1682:    }
       87: 1683:    pthread_mutex_unlock(&lru_maintainer_lock);
        -: 1684:
       87: 1685:    return 0;
        -: 1686:}
------------------
        -: 1687:
        -: 1688:/* If we hold this lock, crawler can't wake up or move */
    #####: 1689:void lru_maintainer_pause(void) {
    #####: 1690:    pthread_mutex_lock(&lru_maintainer_lock);
    #####: 1691:}
------------------
lru_maintainer_pause:
    #####: 1689:void lru_maintainer_pause(void) {
    #####: 1690:    pthread_mutex_lock(&lru_maintainer_lock);
    #####: 1691:}
------------------
lru_maintainer_pause:
    #####: 1689:void lru_maintainer_pause(void) {
    #####: 1690:    pthread_mutex_lock(&lru_maintainer_lock);
    #####: 1691:}
------------------
lru_maintainer_pause:
    #####: 1689:void lru_maintainer_pause(void) {
    #####: 1690:    pthread_mutex_lock(&lru_maintainer_lock);
    #####: 1691:}
------------------
lru_maintainer_pause:
    #####: 1689:void lru_maintainer_pause(void) {
    #####: 1690:    pthread_mutex_lock(&lru_maintainer_lock);
    #####: 1691:}
------------------
        -: 1692:
    #####: 1693:void lru_maintainer_resume(void) {
    #####: 1694:    pthread_mutex_unlock(&lru_maintainer_lock);
    #####: 1695:}
------------------
lru_maintainer_resume:
    #####: 1693:void lru_maintainer_resume(void) {
    #####: 1694:    pthread_mutex_unlock(&lru_maintainer_lock);
    #####: 1695:}
------------------
lru_maintainer_resume:
    #####: 1693:void lru_maintainer_resume(void) {
    #####: 1694:    pthread_mutex_unlock(&lru_maintainer_lock);
    #####: 1695:}
------------------
lru_maintainer_resume:
    #####: 1693:void lru_maintainer_resume(void) {
    #####: 1694:    pthread_mutex_unlock(&lru_maintainer_lock);
    #####: 1695:}
------------------
lru_maintainer_resume:
    #####: 1693:void lru_maintainer_resume(void) {
    #####: 1694:    pthread_mutex_unlock(&lru_maintainer_lock);
    #####: 1695:}
------------------
        -: 1696:
      936: 1697:int init_lru_maintainer(void) {
      936: 1698:    if (lru_maintainer_initialized == 0) {
      936: 1699:        pthread_mutex_init(&lru_maintainer_lock, NULL);
      936: 1700:        lru_maintainer_initialized = 1;
        -: 1701:    }
      936: 1702:    return 0;
        -: 1703:}
------------------
init_lru_maintainer:
      234: 1697:int init_lru_maintainer(void) {
      234: 1698:    if (lru_maintainer_initialized == 0) {
      234: 1699:        pthread_mutex_init(&lru_maintainer_lock, NULL);
      234: 1700:        lru_maintainer_initialized = 1;
        -: 1701:    }
      234: 1702:    return 0;
        -: 1703:}
------------------
init_lru_maintainer:
      234: 1697:int init_lru_maintainer(void) {
      234: 1698:    if (lru_maintainer_initialized == 0) {
      234: 1699:        pthread_mutex_init(&lru_maintainer_lock, NULL);
      234: 1700:        lru_maintainer_initialized = 1;
        -: 1701:    }
      234: 1702:    return 0;
        -: 1703:}
------------------
init_lru_maintainer:
      234: 1697:int init_lru_maintainer(void) {
      234: 1698:    if (lru_maintainer_initialized == 0) {
      234: 1699:        pthread_mutex_init(&lru_maintainer_lock, NULL);
      234: 1700:        lru_maintainer_initialized = 1;
        -: 1701:    }
      234: 1702:    return 0;
        -: 1703:}
------------------
init_lru_maintainer:
      234: 1697:int init_lru_maintainer(void) {
      234: 1698:    if (lru_maintainer_initialized == 0) {
      234: 1699:        pthread_mutex_init(&lru_maintainer_lock, NULL);
      234: 1700:        lru_maintainer_initialized = 1;
        -: 1701:    }
      234: 1702:    return 0;
        -: 1703:}
------------------
        -: 1704:
        -: 1705:/* Tail linkers and crawler for the LRU crawler. */
    89792: 1706:void do_item_linktail_q(item *it) { /* item is the new tail */
    89792: 1707:    item **head, **tail;
   89792*: 1708:    assert(it->it_flags == 1);
   89792*: 1709:    assert(it->nbytes == 0);
        -: 1710:
    89792: 1711:    head = &heads[it->slabs_clsid];
    89792: 1712:    tail = &tails[it->slabs_clsid];
        -: 1713:    //assert(*tail != 0);
   89792*: 1714:    assert(it != *tail);
   89792*: 1715:    assert((*head && *tail) || (*head == 0 && *tail == 0));
    89792: 1716:    it->prev = *tail;
    89792: 1717:    it->next = 0;
    89792: 1718:    if (it->prev) {
      12*: 1719:        assert(it->prev->next == 0);
       12: 1720:        it->prev->next = it;
        -: 1721:    }
    89792: 1722:    *tail = it;
    89792: 1723:    if (*head == 0) *head = it;
    89792: 1724:    return;
        -: 1725:}
------------------
do_item_linktail_q:
    22448: 1706:void do_item_linktail_q(item *it) { /* item is the new tail */
    22448: 1707:    item **head, **tail;
   22448*: 1708:    assert(it->it_flags == 1);
   22448*: 1709:    assert(it->nbytes == 0);
        -: 1710:
    22448: 1711:    head = &heads[it->slabs_clsid];
    22448: 1712:    tail = &tails[it->slabs_clsid];
        -: 1713:    //assert(*tail != 0);
   22448*: 1714:    assert(it != *tail);
   22448*: 1715:    assert((*head && *tail) || (*head == 0 && *tail == 0));
    22448: 1716:    it->prev = *tail;
    22448: 1717:    it->next = 0;
    22448: 1718:    if (it->prev) {
       3*: 1719:        assert(it->prev->next == 0);
        3: 1720:        it->prev->next = it;
        -: 1721:    }
    22448: 1722:    *tail = it;
    22448: 1723:    if (*head == 0) *head = it;
    22448: 1724:    return;
        -: 1725:}
------------------
do_item_linktail_q:
    22448: 1706:void do_item_linktail_q(item *it) { /* item is the new tail */
    22448: 1707:    item **head, **tail;
   22448*: 1708:    assert(it->it_flags == 1);
   22448*: 1709:    assert(it->nbytes == 0);
        -: 1710:
    22448: 1711:    head = &heads[it->slabs_clsid];
    22448: 1712:    tail = &tails[it->slabs_clsid];
        -: 1713:    //assert(*tail != 0);
   22448*: 1714:    assert(it != *tail);
   22448*: 1715:    assert((*head && *tail) || (*head == 0 && *tail == 0));
    22448: 1716:    it->prev = *tail;
    22448: 1717:    it->next = 0;
    22448: 1718:    if (it->prev) {
       3*: 1719:        assert(it->prev->next == 0);
        3: 1720:        it->prev->next = it;
        -: 1721:    }
    22448: 1722:    *tail = it;
    22448: 1723:    if (*head == 0) *head = it;
    22448: 1724:    return;
        -: 1725:}
------------------
do_item_linktail_q:
    22448: 1706:void do_item_linktail_q(item *it) { /* item is the new tail */
    22448: 1707:    item **head, **tail;
   22448*: 1708:    assert(it->it_flags == 1);
   22448*: 1709:    assert(it->nbytes == 0);
        -: 1710:
    22448: 1711:    head = &heads[it->slabs_clsid];
    22448: 1712:    tail = &tails[it->slabs_clsid];
        -: 1713:    //assert(*tail != 0);
   22448*: 1714:    assert(it != *tail);
   22448*: 1715:    assert((*head && *tail) || (*head == 0 && *tail == 0));
    22448: 1716:    it->prev = *tail;
    22448: 1717:    it->next = 0;
    22448: 1718:    if (it->prev) {
       3*: 1719:        assert(it->prev->next == 0);
        3: 1720:        it->prev->next = it;
        -: 1721:    }
    22448: 1722:    *tail = it;
    22448: 1723:    if (*head == 0) *head = it;
    22448: 1724:    return;
        -: 1725:}
------------------
do_item_linktail_q:
    22448: 1706:void do_item_linktail_q(item *it) { /* item is the new tail */
    22448: 1707:    item **head, **tail;
   22448*: 1708:    assert(it->it_flags == 1);
   22448*: 1709:    assert(it->nbytes == 0);
        -: 1710:
    22448: 1711:    head = &heads[it->slabs_clsid];
    22448: 1712:    tail = &tails[it->slabs_clsid];
        -: 1713:    //assert(*tail != 0);
   22448*: 1714:    assert(it != *tail);
   22448*: 1715:    assert((*head && *tail) || (*head == 0 && *tail == 0));
    22448: 1716:    it->prev = *tail;
    22448: 1717:    it->next = 0;
    22448: 1718:    if (it->prev) {
       3*: 1719:        assert(it->prev->next == 0);
        3: 1720:        it->prev->next = it;
        -: 1721:    }
    22448: 1722:    *tail = it;
    22448: 1723:    if (*head == 0) *head = it;
    22448: 1724:    return;
        -: 1725:}
------------------
        -: 1726:
    89792: 1727:void do_item_unlinktail_q(item *it) {
    89792: 1728:    item **head, **tail;
    89792: 1729:    head = &heads[it->slabs_clsid];
    89792: 1730:    tail = &tails[it->slabs_clsid];
        -: 1731:
    89792: 1732:    if (*head == it) {
   89784*: 1733:        assert(it->prev == 0);
    89784: 1734:        *head = it->next;
        -: 1735:    }
    89792: 1736:    if (*tail == it) {
   89784*: 1737:        assert(it->next == 0);
    89784: 1738:        *tail = it->prev;
        -: 1739:    }
   89792*: 1740:    assert(it->next != it);
   89792*: 1741:    assert(it->prev != it);
        -: 1742:
    89792: 1743:    if (it->next) it->next->prev = it->prev;
   89792*: 1744:    if (it->prev) it->prev->next = it->next;
    89792: 1745:    return;
        -: 1746:}
------------------
do_item_unlinktail_q:
    22448: 1727:void do_item_unlinktail_q(item *it) {
    22448: 1728:    item **head, **tail;
    22448: 1729:    head = &heads[it->slabs_clsid];
    22448: 1730:    tail = &tails[it->slabs_clsid];
        -: 1731:
    22448: 1732:    if (*head == it) {
   22446*: 1733:        assert(it->prev == 0);
    22446: 1734:        *head = it->next;
        -: 1735:    }
    22448: 1736:    if (*tail == it) {
   22446*: 1737:        assert(it->next == 0);
    22446: 1738:        *tail = it->prev;
        -: 1739:    }
   22448*: 1740:    assert(it->next != it);
   22448*: 1741:    assert(it->prev != it);
        -: 1742:
    22448: 1743:    if (it->next) it->next->prev = it->prev;
   22448*: 1744:    if (it->prev) it->prev->next = it->next;
    22448: 1745:    return;
        -: 1746:}
------------------
do_item_unlinktail_q:
    22448: 1727:void do_item_unlinktail_q(item *it) {
    22448: 1728:    item **head, **tail;
    22448: 1729:    head = &heads[it->slabs_clsid];
    22448: 1730:    tail = &tails[it->slabs_clsid];
        -: 1731:
    22448: 1732:    if (*head == it) {
   22446*: 1733:        assert(it->prev == 0);
    22446: 1734:        *head = it->next;
        -: 1735:    }
    22448: 1736:    if (*tail == it) {
   22446*: 1737:        assert(it->next == 0);
    22446: 1738:        *tail = it->prev;
        -: 1739:    }
   22448*: 1740:    assert(it->next != it);
   22448*: 1741:    assert(it->prev != it);
        -: 1742:
    22448: 1743:    if (it->next) it->next->prev = it->prev;
   22448*: 1744:    if (it->prev) it->prev->next = it->next;
    22448: 1745:    return;
        -: 1746:}
------------------
do_item_unlinktail_q:
    22448: 1727:void do_item_unlinktail_q(item *it) {
    22448: 1728:    item **head, **tail;
    22448: 1729:    head = &heads[it->slabs_clsid];
    22448: 1730:    tail = &tails[it->slabs_clsid];
        -: 1731:
    22448: 1732:    if (*head == it) {
   22446*: 1733:        assert(it->prev == 0);
    22446: 1734:        *head = it->next;
        -: 1735:    }
    22448: 1736:    if (*tail == it) {
   22446*: 1737:        assert(it->next == 0);
    22446: 1738:        *tail = it->prev;
        -: 1739:    }
   22448*: 1740:    assert(it->next != it);
   22448*: 1741:    assert(it->prev != it);
        -: 1742:
    22448: 1743:    if (it->next) it->next->prev = it->prev;
   22448*: 1744:    if (it->prev) it->prev->next = it->next;
    22448: 1745:    return;
        -: 1746:}
------------------
do_item_unlinktail_q:
    22448: 1727:void do_item_unlinktail_q(item *it) {
    22448: 1728:    item **head, **tail;
    22448: 1729:    head = &heads[it->slabs_clsid];
    22448: 1730:    tail = &tails[it->slabs_clsid];
        -: 1731:
    22448: 1732:    if (*head == it) {
   22446*: 1733:        assert(it->prev == 0);
    22446: 1734:        *head = it->next;
        -: 1735:    }
    22448: 1736:    if (*tail == it) {
   22446*: 1737:        assert(it->next == 0);
    22446: 1738:        *tail = it->prev;
        -: 1739:    }
   22448*: 1740:    assert(it->next != it);
   22448*: 1741:    assert(it->prev != it);
        -: 1742:
    22448: 1743:    if (it->next) it->next->prev = it->prev;
   22448*: 1744:    if (it->prev) it->prev->next = it->next;
    22448: 1745:    return;
        -: 1746:}
------------------
        -: 1747:
        -: 1748:/* This is too convoluted, but it's a difficult shuffle. Try to rewrite it
        -: 1749: * more clearly. */
    90512: 1750:item *do_item_crawl_q(item *it) {
    90512: 1751:    item **head, **tail;
   90512*: 1752:    assert(it->it_flags == 1);
   90512*: 1753:    assert(it->nbytes == 0);
    90512: 1754:    head = &heads[it->slabs_clsid];
    90512: 1755:    tail = &tails[it->slabs_clsid];
        -: 1756:
        -: 1757:    /* We've hit the head, pop off */
    90512: 1758:    if (it->prev == 0) {
   89792*: 1759:        assert(*head == it);
    89792: 1760:        if (it->next) {
        8: 1761:            *head = it->next;
       8*: 1762:            assert(it->next->prev == it);
        8: 1763:            it->next->prev = 0;
        -: 1764:        }
    89792: 1765:        return NULL; /* Done */
        -: 1766:    }
        -: 1767:
        -: 1768:    /* Swing ourselves in front of the next item */
        -: 1769:    /* NB: If there is a prev, we can't be the head */
     720*: 1770:    assert(it->prev != it);
      720: 1771:    if (it->prev) {
      720: 1772:        if (*head == it->prev) {
        -: 1773:            /* Prev was the head, now we're the head */
       12: 1774:            *head = it;
        -: 1775:        }
      720: 1776:        if (*tail == it) {
        -: 1777:            /* We are the tail, now they are the tail */
      128: 1778:            *tail = it->prev;
        -: 1779:        }
     720*: 1780:        assert(it->next != it);
      720: 1781:        if (it->next) {
     592*: 1782:            assert(it->prev->next == it);
      592: 1783:            it->prev->next = it->next;
      592: 1784:            it->next->prev = it->prev;
        -: 1785:        } else {
        -: 1786:            /* Tail. Move this above? */
      128: 1787:            it->prev->next = 0;
        -: 1788:        }
        -: 1789:        /* prev->prev's next is it->prev */
      720: 1790:        it->next = it->prev;
      720: 1791:        it->prev = it->next->prev;
      720: 1792:        it->next->prev = it;
        -: 1793:        /* New it->prev now, if we're not at the head. */
      720: 1794:        if (it->prev) {
      708: 1795:            it->prev->next = it;
        -: 1796:        }
        -: 1797:    }
     720*: 1798:    assert(it->next != it);
     720*: 1799:    assert(it->prev != it);
        -: 1800:
        -: 1801:    return it->next; /* success */
        -: 1802:}
