        -:    0:Source:slabs.c
        -:    0:Programs:72
        -:    1:/* -*- Mode: C; tab-width: 4; c-basic-offset: 4; indent-tabs-mode: nil -*- */
        -:    2:/*
        -:    3: * Slabs memory allocation, based on powers-of-N. Slabs are up to 1MB in size
        -:    4: * and are divided into chunks. The chunk sizes start off at the size of the
        -:    5: * "item" structure plus space for a small key and value. They increase by
        -:    6: * a multiplier factor from there, up to half the maximum slab size. The last
        -:    7: * slab size is always 1MB, since that's the maximum item size allowed by the
        -:    8: * memcached protocol.
        -:    9: */
        -:   10:#include "memcached.h"
        -:   11:#include <sys/mman.h>
        -:   12:#include <sys/stat.h>
        -:   13:#include <sys/socket.h>
        -:   14:#include <sys/resource.h>
        -:   15:#include <fcntl.h>
        -:   16:#include <netinet/in.h>
        -:   17:#include <errno.h>
        -:   18:#include <stdlib.h>
        -:   19:#include <stdio.h>
        -:   20:#include <string.h>
        -:   21:#include <signal.h>
        -:   22:#include <assert.h>
        -:   23:#include <pthread.h>
        -:   24:
        -:   25://#define DEBUG_SLAB_MOVER
        -:   26:/* powers-of-N allocation structures */
        -:   27:
        -:   28:typedef struct {
        -:   29:    unsigned int size;      /* sizes of items */
        -:   30:    unsigned int perslab;   /* how many items per slab */
        -:   31:
        -:   32:    void *slots;           /* list of item ptrs */
        -:   33:    unsigned int sl_curr;   /* total free items in list */
        -:   34:
        -:   35:    unsigned int slabs;     /* how many slabs were allocated for this class */
        -:   36:
        -:   37:    void **slab_list;       /* array of slab pointers */
        -:   38:    unsigned int list_size; /* size of prev array */
        -:   39:
        -:   40:    size_t requested; /* The number of requested bytes */
        -:   41:} slabclass_t;
        -:   42:
        -:   43:static slabclass_t slabclass[MAX_NUMBER_OF_SLAB_CLASSES];
        -:   44:static size_t mem_limit = 0;
        -:   45:static size_t mem_malloced = 0;
        -:   46:/* If the memory limit has been hit once. Used as a hint to decide when to
        -:   47: * early-wake the LRU maintenance thread */
        -:   48:static bool mem_limit_reached = false;
        -:   49:static int power_largest;
        -:   50:
        -:   51:static void *mem_base = NULL;
        -:   52:static void *mem_current = NULL;
        -:   53:static size_t mem_avail = 0;
        -:   54:#ifdef EXTSTORE
        -:   55:static void *storage  = NULL;
        -:   56:#endif
        -:   57:/**
        -:   58: * Access to the slab allocator is protected by this lock
        -:   59: */
        -:   60:static pthread_mutex_t slabs_lock = PTHREAD_MUTEX_INITIALIZER;
        -:   61:static pthread_mutex_t slabs_rebalance_lock = PTHREAD_MUTEX_INITIALIZER;
        -:   62:
        -:   63:/*
        -:   64: * Forward Declarations
        -:   65: */
        -:   66:static int grow_slab_list (const unsigned int id);
        -:   67:static int do_slabs_newslab(const unsigned int id);
        -:   68:static void *memory_allocate(size_t size);
        -:   69:static void do_slabs_free(void *ptr, const size_t size, unsigned int id);
        -:   70:
        -:   71:/* Preallocate as many slab pages as possible (called from slabs_init)
        -:   72:   on start-up, so users don't get confused out-of-memory errors when
        -:   73:   they do have free (in-slab) space, but no space to make new slabs.
        -:   74:   if maxslabs is 18 (POWER_LARGEST - POWER_SMALLEST + 1), then all
        -:   75:   slab types can be made.  if max memory is less than 18 MB, only the
        -:   76:   smaller ones will be made.  */
        -:   77:static void slabs_preallocate (const unsigned int maxslabs);
        -:   78:#ifdef EXTSTORE
        -:   79:void slabs_set_storage(void *arg) {
        -:   80:    storage = arg;
        -:   81:}
        -:   82:#endif
        -:   83:/*
        -:   84: * Figures out which slab class (chunk size) is required to store an item of
        -:   85: * a given size.
        -:   86: *
        -:   87: * Given object size, return id to use when allocating/freeing memory for object
        -:   88: * 0 means error: can't store such a large object
        -:   89: */
        -:   90:
  1100032:   91:unsigned int slabs_clsid(const size_t size) {
  1100032:   92:    int res = POWER_SMALLEST;
        -:   93:
  1100032:   94:    if (size == 0 || size > settings.item_size_max)
        -:   95:        return 0;
 15086676:   96:    while (size > slabclass[res].size)
 14065208:   97:        if (res++ == power_largest)     /* won't fit in the biggest slab */
    78532:   98:            return power_largest;
  1021468:   99:    return res;
        -:  100:}
------------------
slabs_clsid:
   275008:   91:unsigned int slabs_clsid(const size_t size) {
   275008:   92:    int res = POWER_SMALLEST;
        -:   93:
   275008:   94:    if (size == 0 || size > settings.item_size_max)
        -:   95:        return 0;
  3771669:   96:    while (size > slabclass[res].size)
  3516302:   97:        if (res++ == power_largest)     /* won't fit in the biggest slab */
    19633:   98:            return power_largest;
   255367:   99:    return res;
        -:  100:}
------------------
slabs_clsid:
   275008:   91:unsigned int slabs_clsid(const size_t size) {
   275008:   92:    int res = POWER_SMALLEST;
        -:   93:
   275008:   94:    if (size == 0 || size > settings.item_size_max)
        -:   95:        return 0;
  3771669:   96:    while (size > slabclass[res].size)
  3516302:   97:        if (res++ == power_largest)     /* won't fit in the biggest slab */
    19633:   98:            return power_largest;
   255367:   99:    return res;
        -:  100:}
------------------
slabs_clsid:
   275008:   91:unsigned int slabs_clsid(const size_t size) {
   275008:   92:    int res = POWER_SMALLEST;
        -:   93:
   275008:   94:    if (size == 0 || size > settings.item_size_max)
        -:   95:        return 0;
  3771669:   96:    while (size > slabclass[res].size)
  3516302:   97:        if (res++ == power_largest)     /* won't fit in the biggest slab */
    19633:   98:            return power_largest;
   255367:   99:    return res;
        -:  100:}
------------------
slabs_clsid:
   275008:   91:unsigned int slabs_clsid(const size_t size) {
   275008:   92:    int res = POWER_SMALLEST;
        -:   93:
   275008:   94:    if (size == 0 || size > settings.item_size_max)
        -:   95:        return 0;
  3771669:   96:    while (size > slabclass[res].size)
  3516302:   97:        if (res++ == power_largest)     /* won't fit in the biggest slab */
    19633:   98:            return power_largest;
   255367:   99:    return res;
        -:  100:}
------------------
        -:  101:
        -:  102:#if defined(__linux__) && defined(MADV_HUGEPAGE)
        -:  103:/* Function split out for better error path handling */
    #####:  104:static void * alloc_large_chunk_linux(const size_t limit)
        -:  105:{
    #####:  106:    size_t pagesize = 0;
    #####:  107:    void *ptr = NULL;
    #####:  108:    FILE *fp;
    #####:  109:    int ret;
        -:  110:
        -:  111:    /* Get the size of huge pages */
    #####:  112:    fp = fopen("/proc/meminfo", "r");
    #####:  113:    if (fp != NULL) {
        -:  114:        char buf[64];
        -:  115:
    #####:  116:        while ((fgets(buf, sizeof(buf), fp)))
    #####:  117:            if (!strncmp(buf, "Hugepagesize:", 13)) {
    #####:  118:                ret = sscanf(buf + 13, "%zu\n", &pagesize);
        -:  119:
        -:  120:                /* meminfo huge page size is in KiBs */
    #####:  121:                pagesize <<= 10;
        -:  122:            }
    #####:  123:        fclose(fp);
        -:  124:    }
        -:  125:
    #####:  126:    if (!pagesize) {
    #####:  127:        fprintf(stderr, "Failed to get supported huge page size\n");
    #####:  128:        return NULL;
        -:  129:    }
        -:  130:
    #####:  131:    if (settings.verbose > 1)
    #####:  132:        fprintf(stderr, "huge page size: %zu\n", pagesize);
        -:  133:
        -:  134:    /* This works because glibc simply uses mmap when the alignment is
        -:  135:     * above a certain limit. */
    #####:  136:    ret = posix_memalign(&ptr, pagesize, limit);
    #####:  137:    if (ret != 0) {
    #####:  138:        fprintf(stderr, "Failed to get aligned memory chunk: %d\n", ret);
    #####:  139:        return NULL;
        -:  140:    }
        -:  141:
    #####:  142:    ret = madvise(ptr, limit, MADV_HUGEPAGE);
    #####:  143:    if (ret < 0) {
    #####:  144:        fprintf(stderr, "Failed to set transparent hugepage hint: %d\n", ret);
    #####:  145:        free(ptr);
    #####:  146:        ptr = NULL;
        -:  147:    }
        -:  148:
        -:  149:    return ptr;
        -:  150:}
------------------
alloc_large_chunk_linux:
    #####:  104:static void * alloc_large_chunk_linux(const size_t limit)
        -:  105:{
    #####:  106:    size_t pagesize = 0;
    #####:  107:    void *ptr = NULL;
    #####:  108:    FILE *fp;
    #####:  109:    int ret;
        -:  110:
        -:  111:    /* Get the size of huge pages */
    #####:  112:    fp = fopen("/proc/meminfo", "r");
    #####:  113:    if (fp != NULL) {
        -:  114:        char buf[64];
        -:  115:
    #####:  116:        while ((fgets(buf, sizeof(buf), fp)))
    #####:  117:            if (!strncmp(buf, "Hugepagesize:", 13)) {
    #####:  118:                ret = sscanf(buf + 13, "%zu\n", &pagesize);
        -:  119:
        -:  120:                /* meminfo huge page size is in KiBs */
    #####:  121:                pagesize <<= 10;
        -:  122:            }
    #####:  123:        fclose(fp);
        -:  124:    }
        -:  125:
    #####:  126:    if (!pagesize) {
    #####:  127:        fprintf(stderr, "Failed to get supported huge page size\n");
    #####:  128:        return NULL;
        -:  129:    }
        -:  130:
    #####:  131:    if (settings.verbose > 1)
    #####:  132:        fprintf(stderr, "huge page size: %zu\n", pagesize);
        -:  133:
        -:  134:    /* This works because glibc simply uses mmap when the alignment is
        -:  135:     * above a certain limit. */
    #####:  136:    ret = posix_memalign(&ptr, pagesize, limit);
    #####:  137:    if (ret != 0) {
    #####:  138:        fprintf(stderr, "Failed to get aligned memory chunk: %d\n", ret);
    #####:  139:        return NULL;
        -:  140:    }
        -:  141:
    #####:  142:    ret = madvise(ptr, limit, MADV_HUGEPAGE);
    #####:  143:    if (ret < 0) {
    #####:  144:        fprintf(stderr, "Failed to set transparent hugepage hint: %d\n", ret);
    #####:  145:        free(ptr);
    #####:  146:        ptr = NULL;
        -:  147:    }
        -:  148:
        -:  149:    return ptr;
        -:  150:}
------------------
alloc_large_chunk_linux:
    #####:  104:static void * alloc_large_chunk_linux(const size_t limit)
        -:  105:{
    #####:  106:    size_t pagesize = 0;
    #####:  107:    void *ptr = NULL;
    #####:  108:    FILE *fp;
    #####:  109:    int ret;
        -:  110:
        -:  111:    /* Get the size of huge pages */
    #####:  112:    fp = fopen("/proc/meminfo", "r");
    #####:  113:    if (fp != NULL) {
        -:  114:        char buf[64];
        -:  115:
    #####:  116:        while ((fgets(buf, sizeof(buf), fp)))
    #####:  117:            if (!strncmp(buf, "Hugepagesize:", 13)) {
    #####:  118:                ret = sscanf(buf + 13, "%zu\n", &pagesize);
        -:  119:
        -:  120:                /* meminfo huge page size is in KiBs */
    #####:  121:                pagesize <<= 10;
        -:  122:            }
    #####:  123:        fclose(fp);
        -:  124:    }
        -:  125:
    #####:  126:    if (!pagesize) {
    #####:  127:        fprintf(stderr, "Failed to get supported huge page size\n");
    #####:  128:        return NULL;
        -:  129:    }
        -:  130:
    #####:  131:    if (settings.verbose > 1)
    #####:  132:        fprintf(stderr, "huge page size: %zu\n", pagesize);
        -:  133:
        -:  134:    /* This works because glibc simply uses mmap when the alignment is
        -:  135:     * above a certain limit. */
    #####:  136:    ret = posix_memalign(&ptr, pagesize, limit);
    #####:  137:    if (ret != 0) {
    #####:  138:        fprintf(stderr, "Failed to get aligned memory chunk: %d\n", ret);
    #####:  139:        return NULL;
        -:  140:    }
        -:  141:
    #####:  142:    ret = madvise(ptr, limit, MADV_HUGEPAGE);
    #####:  143:    if (ret < 0) {
    #####:  144:        fprintf(stderr, "Failed to set transparent hugepage hint: %d\n", ret);
    #####:  145:        free(ptr);
    #####:  146:        ptr = NULL;
        -:  147:    }
        -:  148:
        -:  149:    return ptr;
        -:  150:}
------------------
alloc_large_chunk_linux:
    #####:  104:static void * alloc_large_chunk_linux(const size_t limit)
        -:  105:{
    #####:  106:    size_t pagesize = 0;
    #####:  107:    void *ptr = NULL;
    #####:  108:    FILE *fp;
    #####:  109:    int ret;
        -:  110:
        -:  111:    /* Get the size of huge pages */
    #####:  112:    fp = fopen("/proc/meminfo", "r");
    #####:  113:    if (fp != NULL) {
        -:  114:        char buf[64];
        -:  115:
    #####:  116:        while ((fgets(buf, sizeof(buf), fp)))
    #####:  117:            if (!strncmp(buf, "Hugepagesize:", 13)) {
    #####:  118:                ret = sscanf(buf + 13, "%zu\n", &pagesize);
        -:  119:
        -:  120:                /* meminfo huge page size is in KiBs */
    #####:  121:                pagesize <<= 10;
        -:  122:            }
    #####:  123:        fclose(fp);
        -:  124:    }
        -:  125:
    #####:  126:    if (!pagesize) {
    #####:  127:        fprintf(stderr, "Failed to get supported huge page size\n");
    #####:  128:        return NULL;
        -:  129:    }
        -:  130:
    #####:  131:    if (settings.verbose > 1)
    #####:  132:        fprintf(stderr, "huge page size: %zu\n", pagesize);
        -:  133:
        -:  134:    /* This works because glibc simply uses mmap when the alignment is
        -:  135:     * above a certain limit. */
    #####:  136:    ret = posix_memalign(&ptr, pagesize, limit);
    #####:  137:    if (ret != 0) {
    #####:  138:        fprintf(stderr, "Failed to get aligned memory chunk: %d\n", ret);
    #####:  139:        return NULL;
        -:  140:    }
        -:  141:
    #####:  142:    ret = madvise(ptr, limit, MADV_HUGEPAGE);
    #####:  143:    if (ret < 0) {
    #####:  144:        fprintf(stderr, "Failed to set transparent hugepage hint: %d\n", ret);
    #####:  145:        free(ptr);
    #####:  146:        ptr = NULL;
        -:  147:    }
        -:  148:
        -:  149:    return ptr;
        -:  150:}
------------------
alloc_large_chunk_linux:
    #####:  104:static void * alloc_large_chunk_linux(const size_t limit)
        -:  105:{
    #####:  106:    size_t pagesize = 0;
    #####:  107:    void *ptr = NULL;
    #####:  108:    FILE *fp;
    #####:  109:    int ret;
        -:  110:
        -:  111:    /* Get the size of huge pages */
    #####:  112:    fp = fopen("/proc/meminfo", "r");
    #####:  113:    if (fp != NULL) {
        -:  114:        char buf[64];
        -:  115:
    #####:  116:        while ((fgets(buf, sizeof(buf), fp)))
    #####:  117:            if (!strncmp(buf, "Hugepagesize:", 13)) {
    #####:  118:                ret = sscanf(buf + 13, "%zu\n", &pagesize);
        -:  119:
        -:  120:                /* meminfo huge page size is in KiBs */
    #####:  121:                pagesize <<= 10;
        -:  122:            }
    #####:  123:        fclose(fp);
        -:  124:    }
        -:  125:
    #####:  126:    if (!pagesize) {
    #####:  127:        fprintf(stderr, "Failed to get supported huge page size\n");
    #####:  128:        return NULL;
        -:  129:    }
        -:  130:
    #####:  131:    if (settings.verbose > 1)
    #####:  132:        fprintf(stderr, "huge page size: %zu\n", pagesize);
        -:  133:
        -:  134:    /* This works because glibc simply uses mmap when the alignment is
        -:  135:     * above a certain limit. */
    #####:  136:    ret = posix_memalign(&ptr, pagesize, limit);
    #####:  137:    if (ret != 0) {
    #####:  138:        fprintf(stderr, "Failed to get aligned memory chunk: %d\n", ret);
    #####:  139:        return NULL;
        -:  140:    }
        -:  141:
    #####:  142:    ret = madvise(ptr, limit, MADV_HUGEPAGE);
    #####:  143:    if (ret < 0) {
    #####:  144:        fprintf(stderr, "Failed to set transparent hugepage hint: %d\n", ret);
    #####:  145:        free(ptr);
    #####:  146:        ptr = NULL;
        -:  147:    }
        -:  148:
        -:  149:    return ptr;
        -:  150:}
------------------
        -:  151:#endif
        -:  152:
        -:  153:/**
        -:  154: * Determines the chunk sizes and initializes the slab class descriptors
        -:  155: * accordingly.
        -:  156: */
      380:  157:void slabs_init(const size_t limit, const double factor, const bool prealloc, const uint32_t *slab_sizes) {
      380:  158:    int i = POWER_SMALLEST - 1;
      380:  159:    unsigned int size = sizeof(item) + settings.chunk_size;
        -:  160:
        -:  161:    /* Some platforms use runtime transparent hugepages. If for any reason
        -:  162:     * the initial allocation fails, the required settings do not persist
        -:  163:     * for remaining allocations. As such it makes little sense to do slab
        -:  164:     * preallocation. */
      380:  165:    bool __attribute__ ((unused)) do_slab_prealloc = false;
        -:  166:
      380:  167:    mem_limit = limit;
        -:  168:
      380:  169:    if (prealloc) {
        -:  170:#if defined(__linux__) && defined(MADV_HUGEPAGE)
    #####:  171:        mem_base = alloc_large_chunk_linux(mem_limit);
    #####:  172:        if (mem_base)
    #####:  173:            do_slab_prealloc = true;
        -:  174:#else
        -:  175:        /* Allocate everything in a big chunk with malloc */
        -:  176:        mem_base = malloc(mem_limit);
        -:  177:        do_slab_prealloc = true;
        -:  178:#endif
    #####:  179:        if (mem_base != NULL) {
    #####:  180:            mem_current = mem_base;
    #####:  181:            mem_avail = mem_limit;
        -:  182:        } else {
    #####:  183:            fprintf(stderr, "Warning: Failed to allocate requested memory in"
        -:  184:                    " one large chunk.\nWill allocate in smaller chunks\n");
        -:  185:        }
        -:  186:    }
        -:  187:
      380:  188:    memset(slabclass, 0, sizeof(slabclass));
        -:  189:
    14476:  190:    while (++i < MAX_NUMBER_OF_SLAB_CLASSES-1) {
    14476:  191:        if (slab_sizes != NULL) {
    #####:  192:            if (slab_sizes[i-1] == 0)
        -:  193:                break;
        -:  194:            size = slab_sizes[i-1];
    14476:  195:        } else if (size >= settings.slab_chunk_size_max / factor) {
        -:  196:            break;
        -:  197:        }
        -:  198:        /* Make sure items are always n-byte aligned */
    14096:  199:        if (size % CHUNK_ALIGN_BYTES)
     9268:  200:            size += CHUNK_ALIGN_BYTES - (size % CHUNK_ALIGN_BYTES);
        -:  201:
    14096:  202:        slabclass[i].size = size;
    14096:  203:        slabclass[i].perslab = settings.slab_page_size / slabclass[i].size;
    14096:  204:        if (slab_sizes == NULL)
    14096:  205:            size *= factor;
    14096:  206:        if (settings.verbose > 1) {
      456:  207:            fprintf(stderr, "slab class %3d: chunk size %9u perslab %7u\n",
        -:  208:                    i, slabclass[i].size, slabclass[i].perslab);
        -:  209:        }
        -:  210:    }
        -:  211:
      380:  212:    power_largest = i;
      380:  213:    slabclass[power_largest].size = settings.slab_chunk_size_max;
      380:  214:    slabclass[power_largest].perslab = settings.slab_page_size / settings.slab_chunk_size_max;
      380:  215:    if (settings.verbose > 1) {
       12:  216:        fprintf(stderr, "slab class %3d: chunk size %9u perslab %7u\n",
        -:  217:                i, slabclass[i].size, slabclass[i].perslab);
        -:  218:    }
        -:  219:
        -:  220:    /* for the test suite:  faking of how much we've already malloc'd */
        -:  221:    {
      380:  222:        char *t_initial_malloc = getenv("T_MEMD_INITIAL_MALLOC");
      380:  223:        if (t_initial_malloc) {
        4:  224:            mem_malloced = (size_t)atol(t_initial_malloc);
        -:  225:        }
        -:  226:
        -:  227:    }
        -:  228:
      380:  229:    if (prealloc && do_slab_prealloc) {
    #####:  230:        slabs_preallocate(power_largest);
        -:  231:    }
      380:  232:}
------------------
slabs_init:
       95:  157:void slabs_init(const size_t limit, const double factor, const bool prealloc, const uint32_t *slab_sizes) {
       95:  158:    int i = POWER_SMALLEST - 1;
       95:  159:    unsigned int size = sizeof(item) + settings.chunk_size;
        -:  160:
        -:  161:    /* Some platforms use runtime transparent hugepages. If for any reason
        -:  162:     * the initial allocation fails, the required settings do not persist
        -:  163:     * for remaining allocations. As such it makes little sense to do slab
        -:  164:     * preallocation. */
       95:  165:    bool __attribute__ ((unused)) do_slab_prealloc = false;
        -:  166:
       95:  167:    mem_limit = limit;
        -:  168:
       95:  169:    if (prealloc) {
        -:  170:#if defined(__linux__) && defined(MADV_HUGEPAGE)
    #####:  171:        mem_base = alloc_large_chunk_linux(mem_limit);
    #####:  172:        if (mem_base)
    #####:  173:            do_slab_prealloc = true;
        -:  174:#else
        -:  175:        /* Allocate everything in a big chunk with malloc */
        -:  176:        mem_base = malloc(mem_limit);
        -:  177:        do_slab_prealloc = true;
        -:  178:#endif
    #####:  179:        if (mem_base != NULL) {
    #####:  180:            mem_current = mem_base;
    #####:  181:            mem_avail = mem_limit;
        -:  182:        } else {
    #####:  183:            fprintf(stderr, "Warning: Failed to allocate requested memory in"
        -:  184:                    " one large chunk.\nWill allocate in smaller chunks\n");
        -:  185:        }
        -:  186:    }
        -:  187:
       95:  188:    memset(slabclass, 0, sizeof(slabclass));
        -:  189:
     3619:  190:    while (++i < MAX_NUMBER_OF_SLAB_CLASSES-1) {
     3619:  191:        if (slab_sizes != NULL) {
    #####:  192:            if (slab_sizes[i-1] == 0)
        -:  193:                break;
        -:  194:            size = slab_sizes[i-1];
     3619:  195:        } else if (size >= settings.slab_chunk_size_max / factor) {
        -:  196:            break;
        -:  197:        }
        -:  198:        /* Make sure items are always n-byte aligned */
     3524:  199:        if (size % CHUNK_ALIGN_BYTES)
     2317:  200:            size += CHUNK_ALIGN_BYTES - (size % CHUNK_ALIGN_BYTES);
        -:  201:
     3524:  202:        slabclass[i].size = size;
     3524:  203:        slabclass[i].perslab = settings.slab_page_size / slabclass[i].size;
     3524:  204:        if (slab_sizes == NULL)
     3524:  205:            size *= factor;
     3524:  206:        if (settings.verbose > 1) {
      114:  207:            fprintf(stderr, "slab class %3d: chunk size %9u perslab %7u\n",
        -:  208:                    i, slabclass[i].size, slabclass[i].perslab);
        -:  209:        }
        -:  210:    }
        -:  211:
       95:  212:    power_largest = i;
       95:  213:    slabclass[power_largest].size = settings.slab_chunk_size_max;
       95:  214:    slabclass[power_largest].perslab = settings.slab_page_size / settings.slab_chunk_size_max;
       95:  215:    if (settings.verbose > 1) {
        3:  216:        fprintf(stderr, "slab class %3d: chunk size %9u perslab %7u\n",
        -:  217:                i, slabclass[i].size, slabclass[i].perslab);
        -:  218:    }
        -:  219:
        -:  220:    /* for the test suite:  faking of how much we've already malloc'd */
        -:  221:    {
       95:  222:        char *t_initial_malloc = getenv("T_MEMD_INITIAL_MALLOC");
       95:  223:        if (t_initial_malloc) {
        1:  224:            mem_malloced = (size_t)atol(t_initial_malloc);
        -:  225:        }
        -:  226:
        -:  227:    }
        -:  228:
       95:  229:    if (prealloc && do_slab_prealloc) {
    #####:  230:        slabs_preallocate(power_largest);
        -:  231:    }
       95:  232:}
------------------
slabs_init:
       95:  157:void slabs_init(const size_t limit, const double factor, const bool prealloc, const uint32_t *slab_sizes) {
       95:  158:    int i = POWER_SMALLEST - 1;
       95:  159:    unsigned int size = sizeof(item) + settings.chunk_size;
        -:  160:
        -:  161:    /* Some platforms use runtime transparent hugepages. If for any reason
        -:  162:     * the initial allocation fails, the required settings do not persist
        -:  163:     * for remaining allocations. As such it makes little sense to do slab
        -:  164:     * preallocation. */
       95:  165:    bool __attribute__ ((unused)) do_slab_prealloc = false;
        -:  166:
       95:  167:    mem_limit = limit;
        -:  168:
       95:  169:    if (prealloc) {
        -:  170:#if defined(__linux__) && defined(MADV_HUGEPAGE)
    #####:  171:        mem_base = alloc_large_chunk_linux(mem_limit);
    #####:  172:        if (mem_base)
    #####:  173:            do_slab_prealloc = true;
        -:  174:#else
        -:  175:        /* Allocate everything in a big chunk with malloc */
        -:  176:        mem_base = malloc(mem_limit);
        -:  177:        do_slab_prealloc = true;
        -:  178:#endif
    #####:  179:        if (mem_base != NULL) {
    #####:  180:            mem_current = mem_base;
    #####:  181:            mem_avail = mem_limit;
        -:  182:        } else {
    #####:  183:            fprintf(stderr, "Warning: Failed to allocate requested memory in"
        -:  184:                    " one large chunk.\nWill allocate in smaller chunks\n");
        -:  185:        }
        -:  186:    }
        -:  187:
       95:  188:    memset(slabclass, 0, sizeof(slabclass));
        -:  189:
     3619:  190:    while (++i < MAX_NUMBER_OF_SLAB_CLASSES-1) {
     3619:  191:        if (slab_sizes != NULL) {
    #####:  192:            if (slab_sizes[i-1] == 0)
        -:  193:                break;
        -:  194:            size = slab_sizes[i-1];
     3619:  195:        } else if (size >= settings.slab_chunk_size_max / factor) {
        -:  196:            break;
        -:  197:        }
        -:  198:        /* Make sure items are always n-byte aligned */
     3524:  199:        if (size % CHUNK_ALIGN_BYTES)
     2317:  200:            size += CHUNK_ALIGN_BYTES - (size % CHUNK_ALIGN_BYTES);
        -:  201:
     3524:  202:        slabclass[i].size = size;
     3524:  203:        slabclass[i].perslab = settings.slab_page_size / slabclass[i].size;
     3524:  204:        if (slab_sizes == NULL)
     3524:  205:            size *= factor;
     3524:  206:        if (settings.verbose > 1) {
      114:  207:            fprintf(stderr, "slab class %3d: chunk size %9u perslab %7u\n",
        -:  208:                    i, slabclass[i].size, slabclass[i].perslab);
        -:  209:        }
        -:  210:    }
        -:  211:
       95:  212:    power_largest = i;
       95:  213:    slabclass[power_largest].size = settings.slab_chunk_size_max;
       95:  214:    slabclass[power_largest].perslab = settings.slab_page_size / settings.slab_chunk_size_max;
       95:  215:    if (settings.verbose > 1) {
        3:  216:        fprintf(stderr, "slab class %3d: chunk size %9u perslab %7u\n",
        -:  217:                i, slabclass[i].size, slabclass[i].perslab);
        -:  218:    }
        -:  219:
        -:  220:    /* for the test suite:  faking of how much we've already malloc'd */
        -:  221:    {
       95:  222:        char *t_initial_malloc = getenv("T_MEMD_INITIAL_MALLOC");
       95:  223:        if (t_initial_malloc) {
        1:  224:            mem_malloced = (size_t)atol(t_initial_malloc);
        -:  225:        }
        -:  226:
        -:  227:    }
        -:  228:
       95:  229:    if (prealloc && do_slab_prealloc) {
    #####:  230:        slabs_preallocate(power_largest);
        -:  231:    }
       95:  232:}
------------------
slabs_init:
       95:  157:void slabs_init(const size_t limit, const double factor, const bool prealloc, const uint32_t *slab_sizes) {
       95:  158:    int i = POWER_SMALLEST - 1;
       95:  159:    unsigned int size = sizeof(item) + settings.chunk_size;
        -:  160:
        -:  161:    /* Some platforms use runtime transparent hugepages. If for any reason
        -:  162:     * the initial allocation fails, the required settings do not persist
        -:  163:     * for remaining allocations. As such it makes little sense to do slab
        -:  164:     * preallocation. */
       95:  165:    bool __attribute__ ((unused)) do_slab_prealloc = false;
        -:  166:
       95:  167:    mem_limit = limit;
        -:  168:
       95:  169:    if (prealloc) {
        -:  170:#if defined(__linux__) && defined(MADV_HUGEPAGE)
    #####:  171:        mem_base = alloc_large_chunk_linux(mem_limit);
    #####:  172:        if (mem_base)
    #####:  173:            do_slab_prealloc = true;
        -:  174:#else
        -:  175:        /* Allocate everything in a big chunk with malloc */
        -:  176:        mem_base = malloc(mem_limit);
        -:  177:        do_slab_prealloc = true;
        -:  178:#endif
    #####:  179:        if (mem_base != NULL) {
    #####:  180:            mem_current = mem_base;
    #####:  181:            mem_avail = mem_limit;
        -:  182:        } else {
    #####:  183:            fprintf(stderr, "Warning: Failed to allocate requested memory in"
        -:  184:                    " one large chunk.\nWill allocate in smaller chunks\n");
        -:  185:        }
        -:  186:    }
        -:  187:
       95:  188:    memset(slabclass, 0, sizeof(slabclass));
        -:  189:
     3619:  190:    while (++i < MAX_NUMBER_OF_SLAB_CLASSES-1) {
     3619:  191:        if (slab_sizes != NULL) {
    #####:  192:            if (slab_sizes[i-1] == 0)
        -:  193:                break;
        -:  194:            size = slab_sizes[i-1];
     3619:  195:        } else if (size >= settings.slab_chunk_size_max / factor) {
        -:  196:            break;
        -:  197:        }
        -:  198:        /* Make sure items are always n-byte aligned */
     3524:  199:        if (size % CHUNK_ALIGN_BYTES)
     2317:  200:            size += CHUNK_ALIGN_BYTES - (size % CHUNK_ALIGN_BYTES);
        -:  201:
     3524:  202:        slabclass[i].size = size;
     3524:  203:        slabclass[i].perslab = settings.slab_page_size / slabclass[i].size;
     3524:  204:        if (slab_sizes == NULL)
     3524:  205:            size *= factor;
     3524:  206:        if (settings.verbose > 1) {
      114:  207:            fprintf(stderr, "slab class %3d: chunk size %9u perslab %7u\n",
        -:  208:                    i, slabclass[i].size, slabclass[i].perslab);
        -:  209:        }
        -:  210:    }
        -:  211:
       95:  212:    power_largest = i;
       95:  213:    slabclass[power_largest].size = settings.slab_chunk_size_max;
       95:  214:    slabclass[power_largest].perslab = settings.slab_page_size / settings.slab_chunk_size_max;
       95:  215:    if (settings.verbose > 1) {
        3:  216:        fprintf(stderr, "slab class %3d: chunk size %9u perslab %7u\n",
        -:  217:                i, slabclass[i].size, slabclass[i].perslab);
        -:  218:    }
        -:  219:
        -:  220:    /* for the test suite:  faking of how much we've already malloc'd */
        -:  221:    {
       95:  222:        char *t_initial_malloc = getenv("T_MEMD_INITIAL_MALLOC");
       95:  223:        if (t_initial_malloc) {
        1:  224:            mem_malloced = (size_t)atol(t_initial_malloc);
        -:  225:        }
        -:  226:
        -:  227:    }
        -:  228:
       95:  229:    if (prealloc && do_slab_prealloc) {
    #####:  230:        slabs_preallocate(power_largest);
        -:  231:    }
       95:  232:}
------------------
slabs_init:
       95:  157:void slabs_init(const size_t limit, const double factor, const bool prealloc, const uint32_t *slab_sizes) {
       95:  158:    int i = POWER_SMALLEST - 1;
       95:  159:    unsigned int size = sizeof(item) + settings.chunk_size;
        -:  160:
        -:  161:    /* Some platforms use runtime transparent hugepages. If for any reason
        -:  162:     * the initial allocation fails, the required settings do not persist
        -:  163:     * for remaining allocations. As such it makes little sense to do slab
        -:  164:     * preallocation. */
       95:  165:    bool __attribute__ ((unused)) do_slab_prealloc = false;
        -:  166:
       95:  167:    mem_limit = limit;
        -:  168:
       95:  169:    if (prealloc) {
        -:  170:#if defined(__linux__) && defined(MADV_HUGEPAGE)
    #####:  171:        mem_base = alloc_large_chunk_linux(mem_limit);
    #####:  172:        if (mem_base)
    #####:  173:            do_slab_prealloc = true;
        -:  174:#else
        -:  175:        /* Allocate everything in a big chunk with malloc */
        -:  176:        mem_base = malloc(mem_limit);
        -:  177:        do_slab_prealloc = true;
        -:  178:#endif
    #####:  179:        if (mem_base != NULL) {
    #####:  180:            mem_current = mem_base;
    #####:  181:            mem_avail = mem_limit;
        -:  182:        } else {
    #####:  183:            fprintf(stderr, "Warning: Failed to allocate requested memory in"
        -:  184:                    " one large chunk.\nWill allocate in smaller chunks\n");
        -:  185:        }
        -:  186:    }
        -:  187:
       95:  188:    memset(slabclass, 0, sizeof(slabclass));
        -:  189:
     3619:  190:    while (++i < MAX_NUMBER_OF_SLAB_CLASSES-1) {
     3619:  191:        if (slab_sizes != NULL) {
    #####:  192:            if (slab_sizes[i-1] == 0)
        -:  193:                break;
        -:  194:            size = slab_sizes[i-1];
     3619:  195:        } else if (size >= settings.slab_chunk_size_max / factor) {
        -:  196:            break;
        -:  197:        }
        -:  198:        /* Make sure items are always n-byte aligned */
     3524:  199:        if (size % CHUNK_ALIGN_BYTES)
     2317:  200:            size += CHUNK_ALIGN_BYTES - (size % CHUNK_ALIGN_BYTES);
        -:  201:
     3524:  202:        slabclass[i].size = size;
     3524:  203:        slabclass[i].perslab = settings.slab_page_size / slabclass[i].size;
     3524:  204:        if (slab_sizes == NULL)
     3524:  205:            size *= factor;
     3524:  206:        if (settings.verbose > 1) {
      114:  207:            fprintf(stderr, "slab class %3d: chunk size %9u perslab %7u\n",
        -:  208:                    i, slabclass[i].size, slabclass[i].perslab);
        -:  209:        }
        -:  210:    }
        -:  211:
       95:  212:    power_largest = i;
       95:  213:    slabclass[power_largest].size = settings.slab_chunk_size_max;
       95:  214:    slabclass[power_largest].perslab = settings.slab_page_size / settings.slab_chunk_size_max;
       95:  215:    if (settings.verbose > 1) {
        3:  216:        fprintf(stderr, "slab class %3d: chunk size %9u perslab %7u\n",
        -:  217:                i, slabclass[i].size, slabclass[i].perslab);
        -:  218:    }
        -:  219:
        -:  220:    /* for the test suite:  faking of how much we've already malloc'd */
        -:  221:    {
       95:  222:        char *t_initial_malloc = getenv("T_MEMD_INITIAL_MALLOC");
       95:  223:        if (t_initial_malloc) {
        1:  224:            mem_malloced = (size_t)atol(t_initial_malloc);
        -:  225:        }
        -:  226:
        -:  227:    }
        -:  228:
       95:  229:    if (prealloc && do_slab_prealloc) {
    #####:  230:        slabs_preallocate(power_largest);
        -:  231:    }
       95:  232:}
------------------
        -:  233:
    #####:  234:void slabs_prefill_global(void) {
    #####:  235:    void *ptr;
    #####:  236:    slabclass_t *p = &slabclass[0];
    #####:  237:    int len = settings.slab_page_size;
        -:  238:
    #####:  239:    while (mem_malloced < mem_limit
    #####:  240:            && (ptr = memory_allocate(len)) != NULL) {
    #####:  241:        grow_slab_list(0);
    #####:  242:        p->slab_list[p->slabs++] = ptr;
        -:  243:    }
    #####:  244:    mem_limit_reached = true;
    #####:  245:}
------------------
slabs_prefill_global:
    #####:  234:void slabs_prefill_global(void) {
    #####:  235:    void *ptr;
    #####:  236:    slabclass_t *p = &slabclass[0];
    #####:  237:    int len = settings.slab_page_size;
        -:  238:
    #####:  239:    while (mem_malloced < mem_limit
    #####:  240:            && (ptr = memory_allocate(len)) != NULL) {
    #####:  241:        grow_slab_list(0);
    #####:  242:        p->slab_list[p->slabs++] = ptr;
        -:  243:    }
    #####:  244:    mem_limit_reached = true;
    #####:  245:}
------------------
slabs_prefill_global:
    #####:  234:void slabs_prefill_global(void) {
    #####:  235:    void *ptr;
    #####:  236:    slabclass_t *p = &slabclass[0];
    #####:  237:    int len = settings.slab_page_size;
        -:  238:
    #####:  239:    while (mem_malloced < mem_limit
    #####:  240:            && (ptr = memory_allocate(len)) != NULL) {
    #####:  241:        grow_slab_list(0);
    #####:  242:        p->slab_list[p->slabs++] = ptr;
        -:  243:    }
    #####:  244:    mem_limit_reached = true;
    #####:  245:}
------------------
slabs_prefill_global:
    #####:  234:void slabs_prefill_global(void) {
    #####:  235:    void *ptr;
    #####:  236:    slabclass_t *p = &slabclass[0];
    #####:  237:    int len = settings.slab_page_size;
        -:  238:
    #####:  239:    while (mem_malloced < mem_limit
    #####:  240:            && (ptr = memory_allocate(len)) != NULL) {
    #####:  241:        grow_slab_list(0);
    #####:  242:        p->slab_list[p->slabs++] = ptr;
        -:  243:    }
    #####:  244:    mem_limit_reached = true;
    #####:  245:}
------------------
slabs_prefill_global:
    #####:  234:void slabs_prefill_global(void) {
    #####:  235:    void *ptr;
    #####:  236:    slabclass_t *p = &slabclass[0];
    #####:  237:    int len = settings.slab_page_size;
        -:  238:
    #####:  239:    while (mem_malloced < mem_limit
    #####:  240:            && (ptr = memory_allocate(len)) != NULL) {
    #####:  241:        grow_slab_list(0);
    #####:  242:        p->slab_list[p->slabs++] = ptr;
        -:  243:    }
    #####:  244:    mem_limit_reached = true;
    #####:  245:}
------------------
        -:  246:
    #####:  247:static void slabs_preallocate (const unsigned int maxslabs) {
    #####:  248:    int i;
    #####:  249:    unsigned int prealloc = 0;
        -:  250:
        -:  251:    /* pre-allocate a 1MB slab in every size class so people don't get
        -:  252:       confused by non-intuitive "SERVER_ERROR out of memory"
        -:  253:       messages.  this is the most common question on the mailing
        -:  254:       list.  if you really don't want this, you can rebuild without
        -:  255:       these three lines.  */
        -:  256:
    #####:  257:    for (i = POWER_SMALLEST; i < MAX_NUMBER_OF_SLAB_CLASSES; i++) {
    #####:  258:        if (++prealloc > maxslabs)
        -:  259:            return;
    #####:  260:        if (do_slabs_newslab(i) == 0) {
    #####:  261:            fprintf(stderr, "Error while preallocating slab memory!\n"
        -:  262:                "If using -L or other prealloc options, max memory must be "
        -:  263:                "at least %d megabytes.\n", power_largest);
    #####:  264:            exit(1);
        -:  265:        }
        -:  266:    }
        -:  267:}
------------------
slabs_preallocate:
    #####:  247:static void slabs_preallocate (const unsigned int maxslabs) {
    #####:  248:    int i;
    #####:  249:    unsigned int prealloc = 0;
        -:  250:
        -:  251:    /* pre-allocate a 1MB slab in every size class so people don't get
        -:  252:       confused by non-intuitive "SERVER_ERROR out of memory"
        -:  253:       messages.  this is the most common question on the mailing
        -:  254:       list.  if you really don't want this, you can rebuild without
        -:  255:       these three lines.  */
        -:  256:
    #####:  257:    for (i = POWER_SMALLEST; i < MAX_NUMBER_OF_SLAB_CLASSES; i++) {
    #####:  258:        if (++prealloc > maxslabs)
        -:  259:            return;
    #####:  260:        if (do_slabs_newslab(i) == 0) {
    #####:  261:            fprintf(stderr, "Error while preallocating slab memory!\n"
        -:  262:                "If using -L or other prealloc options, max memory must be "
        -:  263:                "at least %d megabytes.\n", power_largest);
    #####:  264:            exit(1);
        -:  265:        }
        -:  266:    }
        -:  267:}
------------------
slabs_preallocate:
    #####:  247:static void slabs_preallocate (const unsigned int maxslabs) {
    #####:  248:    int i;
    #####:  249:    unsigned int prealloc = 0;
        -:  250:
        -:  251:    /* pre-allocate a 1MB slab in every size class so people don't get
        -:  252:       confused by non-intuitive "SERVER_ERROR out of memory"
        -:  253:       messages.  this is the most common question on the mailing
        -:  254:       list.  if you really don't want this, you can rebuild without
        -:  255:       these three lines.  */
        -:  256:
    #####:  257:    for (i = POWER_SMALLEST; i < MAX_NUMBER_OF_SLAB_CLASSES; i++) {
    #####:  258:        if (++prealloc > maxslabs)
        -:  259:            return;
    #####:  260:        if (do_slabs_newslab(i) == 0) {
    #####:  261:            fprintf(stderr, "Error while preallocating slab memory!\n"
        -:  262:                "If using -L or other prealloc options, max memory must be "
        -:  263:                "at least %d megabytes.\n", power_largest);
    #####:  264:            exit(1);
        -:  265:        }
        -:  266:    }
        -:  267:}
------------------
slabs_preallocate:
    #####:  247:static void slabs_preallocate (const unsigned int maxslabs) {
    #####:  248:    int i;
    #####:  249:    unsigned int prealloc = 0;
        -:  250:
        -:  251:    /* pre-allocate a 1MB slab in every size class so people don't get
        -:  252:       confused by non-intuitive "SERVER_ERROR out of memory"
        -:  253:       messages.  this is the most common question on the mailing
        -:  254:       list.  if you really don't want this, you can rebuild without
        -:  255:       these three lines.  */
        -:  256:
    #####:  257:    for (i = POWER_SMALLEST; i < MAX_NUMBER_OF_SLAB_CLASSES; i++) {
    #####:  258:        if (++prealloc > maxslabs)
        -:  259:            return;
    #####:  260:        if (do_slabs_newslab(i) == 0) {
    #####:  261:            fprintf(stderr, "Error while preallocating slab memory!\n"
        -:  262:                "If using -L or other prealloc options, max memory must be "
        -:  263:                "at least %d megabytes.\n", power_largest);
    #####:  264:            exit(1);
        -:  265:        }
        -:  266:    }
        -:  267:}
------------------
slabs_preallocate:
    #####:  247:static void slabs_preallocate (const unsigned int maxslabs) {
    #####:  248:    int i;
    #####:  249:    unsigned int prealloc = 0;
        -:  250:
        -:  251:    /* pre-allocate a 1MB slab in every size class so people don't get
        -:  252:       confused by non-intuitive "SERVER_ERROR out of memory"
        -:  253:       messages.  this is the most common question on the mailing
        -:  254:       list.  if you really don't want this, you can rebuild without
        -:  255:       these three lines.  */
        -:  256:
    #####:  257:    for (i = POWER_SMALLEST; i < MAX_NUMBER_OF_SLAB_CLASSES; i++) {
    #####:  258:        if (++prealloc > maxslabs)
        -:  259:            return;
    #####:  260:        if (do_slabs_newslab(i) == 0) {
    #####:  261:            fprintf(stderr, "Error while preallocating slab memory!\n"
        -:  262:                "If using -L or other prealloc options, max memory must be "
        -:  263:                "at least %d megabytes.\n", power_largest);
    #####:  264:            exit(1);
        -:  265:        }
        -:  266:    }
        -:  267:}
------------------
        -:  268:
     3236:  269:static int grow_slab_list (const unsigned int id) {
     3236:  270:    slabclass_t *p = &slabclass[id];
     3236:  271:    if (p->slabs == p->list_size) {
      724:  272:        size_t new_size =  (p->list_size != 0) ? p->list_size * 2 : 16;
      724:  273:        void *new_list = realloc(p->slab_list, new_size * sizeof(void *));
      724:  274:        if (new_list == 0) return 0;
      724:  275:        p->list_size = new_size;
      724:  276:        p->slab_list = new_list;
        -:  277:    }
        -:  278:    return 1;
        -:  279:}
------------------
grow_slab_list:
      809:  269:static int grow_slab_list (const unsigned int id) {
      809:  270:    slabclass_t *p = &slabclass[id];
      809:  271:    if (p->slabs == p->list_size) {
      181:  272:        size_t new_size =  (p->list_size != 0) ? p->list_size * 2 : 16;
      181:  273:        void *new_list = realloc(p->slab_list, new_size * sizeof(void *));
      181:  274:        if (new_list == 0) return 0;
      181:  275:        p->list_size = new_size;
      181:  276:        p->slab_list = new_list;
        -:  277:    }
        -:  278:    return 1;
        -:  279:}
------------------
grow_slab_list:
      809:  269:static int grow_slab_list (const unsigned int id) {
      809:  270:    slabclass_t *p = &slabclass[id];
      809:  271:    if (p->slabs == p->list_size) {
      181:  272:        size_t new_size =  (p->list_size != 0) ? p->list_size * 2 : 16;
      181:  273:        void *new_list = realloc(p->slab_list, new_size * sizeof(void *));
      181:  274:        if (new_list == 0) return 0;
      181:  275:        p->list_size = new_size;
      181:  276:        p->slab_list = new_list;
        -:  277:    }
        -:  278:    return 1;
        -:  279:}
------------------
grow_slab_list:
      809:  269:static int grow_slab_list (const unsigned int id) {
      809:  270:    slabclass_t *p = &slabclass[id];
      809:  271:    if (p->slabs == p->list_size) {
      181:  272:        size_t new_size =  (p->list_size != 0) ? p->list_size * 2 : 16;
      181:  273:        void *new_list = realloc(p->slab_list, new_size * sizeof(void *));
      181:  274:        if (new_list == 0) return 0;
      181:  275:        p->list_size = new_size;
      181:  276:        p->slab_list = new_list;
        -:  277:    }
        -:  278:    return 1;
        -:  279:}
------------------
grow_slab_list:
      809:  269:static int grow_slab_list (const unsigned int id) {
      809:  270:    slabclass_t *p = &slabclass[id];
      809:  271:    if (p->slabs == p->list_size) {
      181:  272:        size_t new_size =  (p->list_size != 0) ? p->list_size * 2 : 16;
      181:  273:        void *new_list = realloc(p->slab_list, new_size * sizeof(void *));
      181:  274:        if (new_list == 0) return 0;
      181:  275:        p->list_size = new_size;
      181:  276:        p->slab_list = new_list;
        -:  277:    }
        -:  278:    return 1;
        -:  279:}
------------------
        -:  280:
        -:  281:static void split_slab_page_into_freelist(char *ptr, const unsigned int id) {
        -:  282:    slabclass_t *p = &slabclass[id];
        -:  283:    int x;
  2613628:  284:    for (x = 0; x < p->perslab; x++) {
  2610772:  285:        do_slabs_free(ptr, 0, id);
  2610772:  286:        ptr += p->size;
        -:  287:    }
        -:  288:}
        -:  289:
        -:  290:/* Fast FIFO queue */
        -:  291:static void *get_page_from_global_pool(void) {
     2888:  292:    slabclass_t *p = &slabclass[SLAB_GLOBAL_PAGE_POOL];
     2888:  293:    if (p->slabs < 1) {
        -:  294:        return NULL;
        -:  295:    }
      352:  296:    char *ret = p->slab_list[p->slabs - 1];
      352:  297:    p->slabs--;
      352:  298:    return ret;
        -:  299:}
        -:  300:
   116300:  301:static int do_slabs_newslab(const unsigned int id) {
   116300:  302:    slabclass_t *p = &slabclass[id];
   116300:  303:    slabclass_t *g = &slabclass[SLAB_GLOBAL_PAGE_POOL];
      840:  304:    int len = (settings.slab_reassign || settings.slab_chunk_size_max != settings.slab_page_size)
        -:  305:        ? settings.slab_page_size
   117140:  306:        : p->size * p->perslab;
   116300:  307:    char *ptr;
        -:  308:
   116300:  309:    if ((mem_limit && mem_malloced + len > mem_limit && p->slabs > 0
   113680:  310:         && g->slabs == 0)) {
   113452:  311:        mem_limit_reached = true;
   113452:  312:        MEMCACHED_SLABS_SLABCLASS_ALLOCATE_FAILED(id);
   113452:  313:        return 0;
        -:  314:    }
        -:  315:
     2848:  316:    if ((grow_slab_list(id) == 0) ||
     2848:  317:        (((ptr = get_page_from_global_pool()) == NULL) &&
     2516:  318:        ((ptr = memory_allocate((size_t)len)) == 0))) {
        -:  319:
    #####:  320:        MEMCACHED_SLABS_SLABCLASS_ALLOCATE_FAILED(id);
    #####:  321:        return 0;
        -:  322:    }
        -:  323:
     2848:  324:    memset(ptr, 0, (size_t)len);
     2848:  325:    split_slab_page_into_freelist(ptr, id);
        -:  326:
     2848:  327:    p->slab_list[p->slabs++] = ptr;
     2848:  328:    MEMCACHED_SLABS_SLABCLASS_ALLOCATE(id);
        -:  329:
     2848:  330:    return 1;
        -:  331:}
------------------
do_slabs_newslab:
    29075:  301:static int do_slabs_newslab(const unsigned int id) {
    29075:  302:    slabclass_t *p = &slabclass[id];
    29075:  303:    slabclass_t *g = &slabclass[SLAB_GLOBAL_PAGE_POOL];
      210:  304:    int len = (settings.slab_reassign || settings.slab_chunk_size_max != settings.slab_page_size)
        -:  305:        ? settings.slab_page_size
    29285:  306:        : p->size * p->perslab;
    29075:  307:    char *ptr;
        -:  308:
    29075:  309:    if ((mem_limit && mem_malloced + len > mem_limit && p->slabs > 0
    28420:  310:         && g->slabs == 0)) {
    28363:  311:        mem_limit_reached = true;
    28363:  312:        MEMCACHED_SLABS_SLABCLASS_ALLOCATE_FAILED(id);
    28363:  313:        return 0;
        -:  314:    }
        -:  315:
      712:  316:    if ((grow_slab_list(id) == 0) ||
      712:  317:        (((ptr = get_page_from_global_pool()) == NULL) &&
      629:  318:        ((ptr = memory_allocate((size_t)len)) == 0))) {
        -:  319:
    #####:  320:        MEMCACHED_SLABS_SLABCLASS_ALLOCATE_FAILED(id);
    #####:  321:        return 0;
        -:  322:    }
        -:  323:
      712:  324:    memset(ptr, 0, (size_t)len);
      712:  325:    split_slab_page_into_freelist(ptr, id);
        -:  326:
      712:  327:    p->slab_list[p->slabs++] = ptr;
      712:  328:    MEMCACHED_SLABS_SLABCLASS_ALLOCATE(id);
        -:  329:
      712:  330:    return 1;
        -:  331:}
------------------
do_slabs_newslab:
    29075:  301:static int do_slabs_newslab(const unsigned int id) {
    29075:  302:    slabclass_t *p = &slabclass[id];
    29075:  303:    slabclass_t *g = &slabclass[SLAB_GLOBAL_PAGE_POOL];
      210:  304:    int len = (settings.slab_reassign || settings.slab_chunk_size_max != settings.slab_page_size)
        -:  305:        ? settings.slab_page_size
    29285:  306:        : p->size * p->perslab;
    29075:  307:    char *ptr;
        -:  308:
    29075:  309:    if ((mem_limit && mem_malloced + len > mem_limit && p->slabs > 0
    28420:  310:         && g->slabs == 0)) {
    28363:  311:        mem_limit_reached = true;
    28363:  312:        MEMCACHED_SLABS_SLABCLASS_ALLOCATE_FAILED(id);
    28363:  313:        return 0;
        -:  314:    }
        -:  315:
      712:  316:    if ((grow_slab_list(id) == 0) ||
      712:  317:        (((ptr = get_page_from_global_pool()) == NULL) &&
      629:  318:        ((ptr = memory_allocate((size_t)len)) == 0))) {
        -:  319:
    #####:  320:        MEMCACHED_SLABS_SLABCLASS_ALLOCATE_FAILED(id);
    #####:  321:        return 0;
        -:  322:    }
        -:  323:
      712:  324:    memset(ptr, 0, (size_t)len);
      712:  325:    split_slab_page_into_freelist(ptr, id);
        -:  326:
      712:  327:    p->slab_list[p->slabs++] = ptr;
      712:  328:    MEMCACHED_SLABS_SLABCLASS_ALLOCATE(id);
        -:  329:
      712:  330:    return 1;
        -:  331:}
------------------
do_slabs_newslab:
    29075:  301:static int do_slabs_newslab(const unsigned int id) {
    29075:  302:    slabclass_t *p = &slabclass[id];
    29075:  303:    slabclass_t *g = &slabclass[SLAB_GLOBAL_PAGE_POOL];
      210:  304:    int len = (settings.slab_reassign || settings.slab_chunk_size_max != settings.slab_page_size)
        -:  305:        ? settings.slab_page_size
    29285:  306:        : p->size * p->perslab;
    29075:  307:    char *ptr;
        -:  308:
    29075:  309:    if ((mem_limit && mem_malloced + len > mem_limit && p->slabs > 0
    28420:  310:         && g->slabs == 0)) {
    28363:  311:        mem_limit_reached = true;
    28363:  312:        MEMCACHED_SLABS_SLABCLASS_ALLOCATE_FAILED(id);
    28363:  313:        return 0;
        -:  314:    }
        -:  315:
      712:  316:    if ((grow_slab_list(id) == 0) ||
      712:  317:        (((ptr = get_page_from_global_pool()) == NULL) &&
      629:  318:        ((ptr = memory_allocate((size_t)len)) == 0))) {
        -:  319:
    #####:  320:        MEMCACHED_SLABS_SLABCLASS_ALLOCATE_FAILED(id);
    #####:  321:        return 0;
        -:  322:    }
        -:  323:
      712:  324:    memset(ptr, 0, (size_t)len);
      712:  325:    split_slab_page_into_freelist(ptr, id);
        -:  326:
      712:  327:    p->slab_list[p->slabs++] = ptr;
      712:  328:    MEMCACHED_SLABS_SLABCLASS_ALLOCATE(id);
        -:  329:
      712:  330:    return 1;
        -:  331:}
------------------
do_slabs_newslab:
    29075:  301:static int do_slabs_newslab(const unsigned int id) {
    29075:  302:    slabclass_t *p = &slabclass[id];
    29075:  303:    slabclass_t *g = &slabclass[SLAB_GLOBAL_PAGE_POOL];
      210:  304:    int len = (settings.slab_reassign || settings.slab_chunk_size_max != settings.slab_page_size)
        -:  305:        ? settings.slab_page_size
    29285:  306:        : p->size * p->perslab;
    29075:  307:    char *ptr;
        -:  308:
    29075:  309:    if ((mem_limit && mem_malloced + len > mem_limit && p->slabs > 0
    28420:  310:         && g->slabs == 0)) {
    28363:  311:        mem_limit_reached = true;
    28363:  312:        MEMCACHED_SLABS_SLABCLASS_ALLOCATE_FAILED(id);
    28363:  313:        return 0;
        -:  314:    }
        -:  315:
      712:  316:    if ((grow_slab_list(id) == 0) ||
      712:  317:        (((ptr = get_page_from_global_pool()) == NULL) &&
      629:  318:        ((ptr = memory_allocate((size_t)len)) == 0))) {
        -:  319:
    #####:  320:        MEMCACHED_SLABS_SLABCLASS_ALLOCATE_FAILED(id);
    #####:  321:        return 0;
        -:  322:    }
        -:  323:
      712:  324:    memset(ptr, 0, (size_t)len);
      712:  325:    split_slab_page_into_freelist(ptr, id);
        -:  326:
      712:  327:    p->slab_list[p->slabs++] = ptr;
      712:  328:    MEMCACHED_SLABS_SLABCLASS_ALLOCATE(id);
        -:  329:
      712:  330:    return 1;
        -:  331:}
------------------
        -:  332:
        -:  333:/*@null@*/
  1143676:  334:static void *do_slabs_alloc(const size_t size, unsigned int id, uint64_t *total_bytes,
        -:  335:        unsigned int flags) {
  1143676:  336:    slabclass_t *p;
  1143676:  337:    void *ret = NULL;
  1143676:  338:    item *it = NULL;
        -:  339:
  1143676:  340:    if (id < POWER_SMALLEST || id > power_largest) {
        -:  341:        MEMCACHED_SLABS_ALLOCATE_FAILED(size, 0);
        -:  342:        return NULL;
        -:  343:    }
  1143676:  344:    p = &slabclass[id];
 1143676*:  345:    assert(p->sl_curr == 0 || ((item *)p->slots)->slabs_clsid == 0);
  1143676:  346:    if (total_bytes != NULL) {
  1134880:  347:        *total_bytes = p->requested;
        -:  348:    }
        -:  349:
 1143676*:  350:    assert(size <= p->size);
        -:  351:    /* fail unless we have space at the end of a recently allocated page,
        -:  352:       we have something on our freelist, or we could allocate a new page */
  1143676:  353:    if (p->sl_curr == 0 && flags != SLABS_ALLOC_NO_NEWPAGE) {
   116300:  354:        do_slabs_newslab(id);
        -:  355:    }
        -:  356:
  1143676:  357:    if (p->sl_curr != 0) {
        -:  358:        /* return off our freelist */
  1028548:  359:        it = (item *)p->slots;
  1028548:  360:        p->slots = it->next;
  1028548:  361:        if (it->next) it->next->prev = 0;
        -:  362:        /* Kill flag and initialize refcount here for lock safety in slab
        -:  363:         * mover's freeness detection. */
  1028548:  364:        it->it_flags &= ~ITEM_SLABBED;
  1028548:  365:        it->refcount = 1;
  1028548:  366:        p->sl_curr--;
  1028548:  367:        ret = (void *)it;
        -:  368:    } else {
        -:  369:        ret = NULL;
        -:  370:    }
        -:  371:
  1028548:  372:    if (ret) {
  1028548:  373:        p->requested += size;
  1028548:  374:        MEMCACHED_SLABS_ALLOCATE(size, id, p->size, ret);
        -:  375:    } else {
        -:  376:        MEMCACHED_SLABS_ALLOCATE_FAILED(size, id);
        -:  377:    }
        -:  378:
        -:  379:    return ret;
        -:  380:}
------------------
do_slabs_alloc:
   285919:  334:static void *do_slabs_alloc(const size_t size, unsigned int id, uint64_t *total_bytes,
        -:  335:        unsigned int flags) {
   285919:  336:    slabclass_t *p;
   285919:  337:    void *ret = NULL;
   285919:  338:    item *it = NULL;
        -:  339:
   285919:  340:    if (id < POWER_SMALLEST || id > power_largest) {
        -:  341:        MEMCACHED_SLABS_ALLOCATE_FAILED(size, 0);
        -:  342:        return NULL;
        -:  343:    }
   285919:  344:    p = &slabclass[id];
  285919*:  345:    assert(p->sl_curr == 0 || ((item *)p->slots)->slabs_clsid == 0);
   285919:  346:    if (total_bytes != NULL) {
   283720:  347:        *total_bytes = p->requested;
        -:  348:    }
        -:  349:
  285919*:  350:    assert(size <= p->size);
        -:  351:    /* fail unless we have space at the end of a recently allocated page,
        -:  352:       we have something on our freelist, or we could allocate a new page */
   285919:  353:    if (p->sl_curr == 0 && flags != SLABS_ALLOC_NO_NEWPAGE) {
    29075:  354:        do_slabs_newslab(id);
        -:  355:    }
        -:  356:
   285919:  357:    if (p->sl_curr != 0) {
        -:  358:        /* return off our freelist */
   257137:  359:        it = (item *)p->slots;
   257137:  360:        p->slots = it->next;
   257137:  361:        if (it->next) it->next->prev = 0;
        -:  362:        /* Kill flag and initialize refcount here for lock safety in slab
        -:  363:         * mover's freeness detection. */
   257137:  364:        it->it_flags &= ~ITEM_SLABBED;
   257137:  365:        it->refcount = 1;
   257137:  366:        p->sl_curr--;
   257137:  367:        ret = (void *)it;
        -:  368:    } else {
        -:  369:        ret = NULL;
        -:  370:    }
        -:  371:
   257137:  372:    if (ret) {
   257137:  373:        p->requested += size;
   257137:  374:        MEMCACHED_SLABS_ALLOCATE(size, id, p->size, ret);
        -:  375:    } else {
        -:  376:        MEMCACHED_SLABS_ALLOCATE_FAILED(size, id);
        -:  377:    }
        -:  378:
        -:  379:    return ret;
        -:  380:}
------------------
do_slabs_alloc:
   285919:  334:static void *do_slabs_alloc(const size_t size, unsigned int id, uint64_t *total_bytes,
        -:  335:        unsigned int flags) {
   285919:  336:    slabclass_t *p;
   285919:  337:    void *ret = NULL;
   285919:  338:    item *it = NULL;
        -:  339:
   285919:  340:    if (id < POWER_SMALLEST || id > power_largest) {
        -:  341:        MEMCACHED_SLABS_ALLOCATE_FAILED(size, 0);
        -:  342:        return NULL;
        -:  343:    }
   285919:  344:    p = &slabclass[id];
  285919*:  345:    assert(p->sl_curr == 0 || ((item *)p->slots)->slabs_clsid == 0);
   285919:  346:    if (total_bytes != NULL) {
   283720:  347:        *total_bytes = p->requested;
        -:  348:    }
        -:  349:
  285919*:  350:    assert(size <= p->size);
        -:  351:    /* fail unless we have space at the end of a recently allocated page,
        -:  352:       we have something on our freelist, or we could allocate a new page */
   285919:  353:    if (p->sl_curr == 0 && flags != SLABS_ALLOC_NO_NEWPAGE) {
    29075:  354:        do_slabs_newslab(id);
        -:  355:    }
        -:  356:
   285919:  357:    if (p->sl_curr != 0) {
        -:  358:        /* return off our freelist */
   257137:  359:        it = (item *)p->slots;
   257137:  360:        p->slots = it->next;
   257137:  361:        if (it->next) it->next->prev = 0;
        -:  362:        /* Kill flag and initialize refcount here for lock safety in slab
        -:  363:         * mover's freeness detection. */
   257137:  364:        it->it_flags &= ~ITEM_SLABBED;
   257137:  365:        it->refcount = 1;
   257137:  366:        p->sl_curr--;
   257137:  367:        ret = (void *)it;
        -:  368:    } else {
        -:  369:        ret = NULL;
        -:  370:    }
        -:  371:
   257137:  372:    if (ret) {
   257137:  373:        p->requested += size;
   257137:  374:        MEMCACHED_SLABS_ALLOCATE(size, id, p->size, ret);
        -:  375:    } else {
        -:  376:        MEMCACHED_SLABS_ALLOCATE_FAILED(size, id);
        -:  377:    }
        -:  378:
        -:  379:    return ret;
        -:  380:}
------------------
do_slabs_alloc:
   285919:  334:static void *do_slabs_alloc(const size_t size, unsigned int id, uint64_t *total_bytes,
        -:  335:        unsigned int flags) {
   285919:  336:    slabclass_t *p;
   285919:  337:    void *ret = NULL;
   285919:  338:    item *it = NULL;
        -:  339:
   285919:  340:    if (id < POWER_SMALLEST || id > power_largest) {
        -:  341:        MEMCACHED_SLABS_ALLOCATE_FAILED(size, 0);
        -:  342:        return NULL;
        -:  343:    }
   285919:  344:    p = &slabclass[id];
  285919*:  345:    assert(p->sl_curr == 0 || ((item *)p->slots)->slabs_clsid == 0);
   285919:  346:    if (total_bytes != NULL) {
   283720:  347:        *total_bytes = p->requested;
        -:  348:    }
        -:  349:
  285919*:  350:    assert(size <= p->size);
        -:  351:    /* fail unless we have space at the end of a recently allocated page,
        -:  352:       we have something on our freelist, or we could allocate a new page */
   285919:  353:    if (p->sl_curr == 0 && flags != SLABS_ALLOC_NO_NEWPAGE) {
    29075:  354:        do_slabs_newslab(id);
        -:  355:    }
        -:  356:
   285919:  357:    if (p->sl_curr != 0) {
        -:  358:        /* return off our freelist */
   257137:  359:        it = (item *)p->slots;
   257137:  360:        p->slots = it->next;
   257137:  361:        if (it->next) it->next->prev = 0;
        -:  362:        /* Kill flag and initialize refcount here for lock safety in slab
        -:  363:         * mover's freeness detection. */
   257137:  364:        it->it_flags &= ~ITEM_SLABBED;
   257137:  365:        it->refcount = 1;
   257137:  366:        p->sl_curr--;
   257137:  367:        ret = (void *)it;
        -:  368:    } else {
        -:  369:        ret = NULL;
        -:  370:    }
        -:  371:
   257137:  372:    if (ret) {
   257137:  373:        p->requested += size;
   257137:  374:        MEMCACHED_SLABS_ALLOCATE(size, id, p->size, ret);
        -:  375:    } else {
        -:  376:        MEMCACHED_SLABS_ALLOCATE_FAILED(size, id);
        -:  377:    }
        -:  378:
        -:  379:    return ret;
        -:  380:}
------------------
do_slabs_alloc:
   285919:  334:static void *do_slabs_alloc(const size_t size, unsigned int id, uint64_t *total_bytes,
        -:  335:        unsigned int flags) {
   285919:  336:    slabclass_t *p;
   285919:  337:    void *ret = NULL;
   285919:  338:    item *it = NULL;
        -:  339:
   285919:  340:    if (id < POWER_SMALLEST || id > power_largest) {
        -:  341:        MEMCACHED_SLABS_ALLOCATE_FAILED(size, 0);
        -:  342:        return NULL;
        -:  343:    }
   285919:  344:    p = &slabclass[id];
  285919*:  345:    assert(p->sl_curr == 0 || ((item *)p->slots)->slabs_clsid == 0);
   285919:  346:    if (total_bytes != NULL) {
   283720:  347:        *total_bytes = p->requested;
        -:  348:    }
        -:  349:
  285919*:  350:    assert(size <= p->size);
        -:  351:    /* fail unless we have space at the end of a recently allocated page,
        -:  352:       we have something on our freelist, or we could allocate a new page */
   285919:  353:    if (p->sl_curr == 0 && flags != SLABS_ALLOC_NO_NEWPAGE) {
    29075:  354:        do_slabs_newslab(id);
        -:  355:    }
        -:  356:
   285919:  357:    if (p->sl_curr != 0) {
        -:  358:        /* return off our freelist */
   257137:  359:        it = (item *)p->slots;
   257137:  360:        p->slots = it->next;
   257137:  361:        if (it->next) it->next->prev = 0;
        -:  362:        /* Kill flag and initialize refcount here for lock safety in slab
        -:  363:         * mover's freeness detection. */
   257137:  364:        it->it_flags &= ~ITEM_SLABBED;
   257137:  365:        it->refcount = 1;
   257137:  366:        p->sl_curr--;
   257137:  367:        ret = (void *)it;
        -:  368:    } else {
        -:  369:        ret = NULL;
        -:  370:    }
        -:  371:
   257137:  372:    if (ret) {
   257137:  373:        p->requested += size;
   257137:  374:        MEMCACHED_SLABS_ALLOCATE(size, id, p->size, ret);
        -:  375:    } else {
        -:  376:        MEMCACHED_SLABS_ALLOCATE_FAILED(size, id);
        -:  377:    }
        -:  378:
        -:  379:    return ret;
        -:  380:}
------------------
        -:  381:
    #####:  382:static void do_slabs_free_chunked(item *it, const size_t size) {
    #####:  383:    item_chunk *chunk = (item_chunk *) ITEM_schunk(it);
    #####:  384:    slabclass_t *p;
        -:  385:
    #####:  386:    it->it_flags = ITEM_SLABBED;
    #####:  387:    it->slabs_clsid = 0;
    #####:  388:    it->prev = 0;
        -:  389:    // header object's original classid is stored in chunk.
    #####:  390:    p = &slabclass[chunk->orig_clsid];
    #####:  391:    if (chunk->next) {
    #####:  392:        chunk = chunk->next;
    #####:  393:        chunk->prev = 0;
        -:  394:    } else {
        -:  395:        // header with no attached chunk
        -:  396:        chunk = NULL;
        -:  397:    }
        -:  398:
        -:  399:    // return the header object.
        -:  400:    // TODO: This is in three places, here and in do_slabs_free().
    #####:  401:    it->prev = 0;
    #####:  402:    it->next = p->slots;
    #####:  403:    if (it->next) it->next->prev = it;
    #####:  404:    p->slots = it;
    #####:  405:    p->sl_curr++;
        -:  406:    // TODO: macro
        -:  407:#ifdef NEED_ALIGN
        -:  408:    int total = it->nkey + 1 + FLAGS_SIZE(it) + sizeof(item) + sizeof(item_chunk);
        -:  409:    if (total % 8 != 0) {
        -:  410:        total += 8 - (total % 8);
        -:  411:    }
        -:  412:    p->requested -= total;
        -:  413:#else
    #####:  414:    p->requested -= it->nkey + 1 + FLAGS_SIZE(it) + sizeof(item) + sizeof(item_chunk);
        -:  415:#endif
    #####:  416:    if (settings.use_cas) {
    #####:  417:        p->requested -= sizeof(uint64_t);
        -:  418:    }
        -:  419:
        -:  420:    item_chunk *next_chunk;
    #####:  421:    while (chunk) {
    #####:  422:        assert(chunk->it_flags == ITEM_CHUNK);
    #####:  423:        chunk->it_flags = ITEM_SLABBED;
    #####:  424:        p = &slabclass[chunk->slabs_clsid];
    #####:  425:        chunk->slabs_clsid = 0;
    #####:  426:        next_chunk = chunk->next;
        -:  427:
    #####:  428:        chunk->prev = 0;
    #####:  429:        chunk->next = p->slots;
    #####:  430:        if (chunk->next) chunk->next->prev = chunk;
    #####:  431:        p->slots = chunk;
    #####:  432:        p->sl_curr++;
    #####:  433:        p->requested -= chunk->size + sizeof(item_chunk);
        -:  434:
    #####:  435:        chunk = next_chunk;
        -:  436:    }
        -:  437:
    #####:  438:    return;
        -:  439:}
------------------
do_slabs_free_chunked:
    #####:  382:static void do_slabs_free_chunked(item *it, const size_t size) {
    #####:  383:    item_chunk *chunk = (item_chunk *) ITEM_schunk(it);
    #####:  384:    slabclass_t *p;
        -:  385:
    #####:  386:    it->it_flags = ITEM_SLABBED;
    #####:  387:    it->slabs_clsid = 0;
    #####:  388:    it->prev = 0;
        -:  389:    // header object's original classid is stored in chunk.
    #####:  390:    p = &slabclass[chunk->orig_clsid];
    #####:  391:    if (chunk->next) {
    #####:  392:        chunk = chunk->next;
    #####:  393:        chunk->prev = 0;
        -:  394:    } else {
        -:  395:        // header with no attached chunk
        -:  396:        chunk = NULL;
        -:  397:    }
        -:  398:
        -:  399:    // return the header object.
        -:  400:    // TODO: This is in three places, here and in do_slabs_free().
    #####:  401:    it->prev = 0;
    #####:  402:    it->next = p->slots;
    #####:  403:    if (it->next) it->next->prev = it;
    #####:  404:    p->slots = it;
    #####:  405:    p->sl_curr++;
        -:  406:    // TODO: macro
        -:  407:#ifdef NEED_ALIGN
        -:  408:    int total = it->nkey + 1 + FLAGS_SIZE(it) + sizeof(item) + sizeof(item_chunk);
        -:  409:    if (total % 8 != 0) {
        -:  410:        total += 8 - (total % 8);
        -:  411:    }
        -:  412:    p->requested -= total;
        -:  413:#else
    #####:  414:    p->requested -= it->nkey + 1 + FLAGS_SIZE(it) + sizeof(item) + sizeof(item_chunk);
        -:  415:#endif
    #####:  416:    if (settings.use_cas) {
    #####:  417:        p->requested -= sizeof(uint64_t);
        -:  418:    }
        -:  419:
        -:  420:    item_chunk *next_chunk;
    #####:  421:    while (chunk) {
    #####:  422:        assert(chunk->it_flags == ITEM_CHUNK);
    #####:  423:        chunk->it_flags = ITEM_SLABBED;
    #####:  424:        p = &slabclass[chunk->slabs_clsid];
    #####:  425:        chunk->slabs_clsid = 0;
    #####:  426:        next_chunk = chunk->next;
        -:  427:
    #####:  428:        chunk->prev = 0;
    #####:  429:        chunk->next = p->slots;
    #####:  430:        if (chunk->next) chunk->next->prev = chunk;
    #####:  431:        p->slots = chunk;
    #####:  432:        p->sl_curr++;
    #####:  433:        p->requested -= chunk->size + sizeof(item_chunk);
        -:  434:
    #####:  435:        chunk = next_chunk;
        -:  436:    }
        -:  437:
    #####:  438:    return;
        -:  439:}
------------------
do_slabs_free_chunked:
    #####:  382:static void do_slabs_free_chunked(item *it, const size_t size) {
    #####:  383:    item_chunk *chunk = (item_chunk *) ITEM_schunk(it);
    #####:  384:    slabclass_t *p;
        -:  385:
    #####:  386:    it->it_flags = ITEM_SLABBED;
    #####:  387:    it->slabs_clsid = 0;
    #####:  388:    it->prev = 0;
        -:  389:    // header object's original classid is stored in chunk.
    #####:  390:    p = &slabclass[chunk->orig_clsid];
    #####:  391:    if (chunk->next) {
    #####:  392:        chunk = chunk->next;
    #####:  393:        chunk->prev = 0;
        -:  394:    } else {
        -:  395:        // header with no attached chunk
        -:  396:        chunk = NULL;
        -:  397:    }
        -:  398:
        -:  399:    // return the header object.
        -:  400:    // TODO: This is in three places, here and in do_slabs_free().
    #####:  401:    it->prev = 0;
    #####:  402:    it->next = p->slots;
    #####:  403:    if (it->next) it->next->prev = it;
    #####:  404:    p->slots = it;
    #####:  405:    p->sl_curr++;
        -:  406:    // TODO: macro
        -:  407:#ifdef NEED_ALIGN
        -:  408:    int total = it->nkey + 1 + FLAGS_SIZE(it) + sizeof(item) + sizeof(item_chunk);
        -:  409:    if (total % 8 != 0) {
        -:  410:        total += 8 - (total % 8);
        -:  411:    }
        -:  412:    p->requested -= total;
        -:  413:#else
    #####:  414:    p->requested -= it->nkey + 1 + FLAGS_SIZE(it) + sizeof(item) + sizeof(item_chunk);
        -:  415:#endif
    #####:  416:    if (settings.use_cas) {
    #####:  417:        p->requested -= sizeof(uint64_t);
        -:  418:    }
        -:  419:
        -:  420:    item_chunk *next_chunk;
    #####:  421:    while (chunk) {
    #####:  422:        assert(chunk->it_flags == ITEM_CHUNK);
    #####:  423:        chunk->it_flags = ITEM_SLABBED;
    #####:  424:        p = &slabclass[chunk->slabs_clsid];
    #####:  425:        chunk->slabs_clsid = 0;
    #####:  426:        next_chunk = chunk->next;
        -:  427:
    #####:  428:        chunk->prev = 0;
    #####:  429:        chunk->next = p->slots;
    #####:  430:        if (chunk->next) chunk->next->prev = chunk;
    #####:  431:        p->slots = chunk;
    #####:  432:        p->sl_curr++;
    #####:  433:        p->requested -= chunk->size + sizeof(item_chunk);
        -:  434:
    #####:  435:        chunk = next_chunk;
        -:  436:    }
        -:  437:
    #####:  438:    return;
        -:  439:}
------------------
do_slabs_free_chunked:
    #####:  382:static void do_slabs_free_chunked(item *it, const size_t size) {
    #####:  383:    item_chunk *chunk = (item_chunk *) ITEM_schunk(it);
    #####:  384:    slabclass_t *p;
        -:  385:
    #####:  386:    it->it_flags = ITEM_SLABBED;
    #####:  387:    it->slabs_clsid = 0;
    #####:  388:    it->prev = 0;
        -:  389:    // header object's original classid is stored in chunk.
    #####:  390:    p = &slabclass[chunk->orig_clsid];
    #####:  391:    if (chunk->next) {
    #####:  392:        chunk = chunk->next;
    #####:  393:        chunk->prev = 0;
        -:  394:    } else {
        -:  395:        // header with no attached chunk
        -:  396:        chunk = NULL;
        -:  397:    }
        -:  398:
        -:  399:    // return the header object.
        -:  400:    // TODO: This is in three places, here and in do_slabs_free().
    #####:  401:    it->prev = 0;
    #####:  402:    it->next = p->slots;
    #####:  403:    if (it->next) it->next->prev = it;
    #####:  404:    p->slots = it;
    #####:  405:    p->sl_curr++;
        -:  406:    // TODO: macro
        -:  407:#ifdef NEED_ALIGN
        -:  408:    int total = it->nkey + 1 + FLAGS_SIZE(it) + sizeof(item) + sizeof(item_chunk);
        -:  409:    if (total % 8 != 0) {
        -:  410:        total += 8 - (total % 8);
        -:  411:    }
        -:  412:    p->requested -= total;
        -:  413:#else
    #####:  414:    p->requested -= it->nkey + 1 + FLAGS_SIZE(it) + sizeof(item) + sizeof(item_chunk);
        -:  415:#endif
    #####:  416:    if (settings.use_cas) {
    #####:  417:        p->requested -= sizeof(uint64_t);
        -:  418:    }
        -:  419:
        -:  420:    item_chunk *next_chunk;
    #####:  421:    while (chunk) {
    #####:  422:        assert(chunk->it_flags == ITEM_CHUNK);
    #####:  423:        chunk->it_flags = ITEM_SLABBED;
    #####:  424:        p = &slabclass[chunk->slabs_clsid];
    #####:  425:        chunk->slabs_clsid = 0;
    #####:  426:        next_chunk = chunk->next;
        -:  427:
    #####:  428:        chunk->prev = 0;
    #####:  429:        chunk->next = p->slots;
    #####:  430:        if (chunk->next) chunk->next->prev = chunk;
    #####:  431:        p->slots = chunk;
    #####:  432:        p->sl_curr++;
    #####:  433:        p->requested -= chunk->size + sizeof(item_chunk);
        -:  434:
    #####:  435:        chunk = next_chunk;
        -:  436:    }
        -:  437:
    #####:  438:    return;
        -:  439:}
------------------
do_slabs_free_chunked:
    #####:  382:static void do_slabs_free_chunked(item *it, const size_t size) {
    #####:  383:    item_chunk *chunk = (item_chunk *) ITEM_schunk(it);
    #####:  384:    slabclass_t *p;
        -:  385:
    #####:  386:    it->it_flags = ITEM_SLABBED;
    #####:  387:    it->slabs_clsid = 0;
    #####:  388:    it->prev = 0;
        -:  389:    // header object's original classid is stored in chunk.
    #####:  390:    p = &slabclass[chunk->orig_clsid];
    #####:  391:    if (chunk->next) {
    #####:  392:        chunk = chunk->next;
    #####:  393:        chunk->prev = 0;
        -:  394:    } else {
        -:  395:        // header with no attached chunk
        -:  396:        chunk = NULL;
        -:  397:    }
        -:  398:
        -:  399:    // return the header object.
        -:  400:    // TODO: This is in three places, here and in do_slabs_free().
    #####:  401:    it->prev = 0;
    #####:  402:    it->next = p->slots;
    #####:  403:    if (it->next) it->next->prev = it;
    #####:  404:    p->slots = it;
    #####:  405:    p->sl_curr++;
        -:  406:    // TODO: macro
        -:  407:#ifdef NEED_ALIGN
        -:  408:    int total = it->nkey + 1 + FLAGS_SIZE(it) + sizeof(item) + sizeof(item_chunk);
        -:  409:    if (total % 8 != 0) {
        -:  410:        total += 8 - (total % 8);
        -:  411:    }
        -:  412:    p->requested -= total;
        -:  413:#else
    #####:  414:    p->requested -= it->nkey + 1 + FLAGS_SIZE(it) + sizeof(item) + sizeof(item_chunk);
        -:  415:#endif
[...]
        -: 1270:        return REASSIGN_BADCLASS;
        -: 1271:
      388: 1272:    pthread_mutex_lock(&slabs_lock);
      388: 1273:    if (slabclass[src].slabs < 2)
    #####: 1274:        nospare = true;
      388: 1275:    pthread_mutex_unlock(&slabs_lock);
      388: 1276:    if (nospare)
        -: 1277:        return REASSIGN_NOSPARE;
        -: 1278:
      388: 1279:    slab_rebal.s_clsid = src;
      388: 1280:    slab_rebal.d_clsid = dst;
        -: 1281:
      388: 1282:    slab_rebalance_signal = 1;
      388: 1283:    pthread_cond_signal(&slab_rebalance_cond);
        -: 1284:
      388: 1285:    return REASSIGN_OK;
        -: 1286:}
------------------
do_slabs_reassign:
       97: 1254:static enum reassign_result_type do_slabs_reassign(int src, int dst) {
       97: 1255:    bool nospare = false;
       97: 1256:    if (slab_rebalance_signal != 0)
        -: 1257:        return REASSIGN_RUNNING;
        -: 1258:
       97: 1259:    if (src == dst)
        -: 1260:        return REASSIGN_SRC_DST_SAME;
        -: 1261:
        -: 1262:    /* Special indicator to choose ourselves. */
       97: 1263:    if (src == -1) {
    #####: 1264:        src = slabs_reassign_pick_any(dst);
        -: 1265:        /* TODO: If we end up back at -1, return a new error type */
        -: 1266:    }
        -: 1267:
       97: 1268:    if (src < SLAB_GLOBAL_PAGE_POOL || src > power_largest ||
       97: 1269:        dst < SLAB_GLOBAL_PAGE_POOL || dst > power_largest)
        -: 1270:        return REASSIGN_BADCLASS;
        -: 1271:
       97: 1272:    pthread_mutex_lock(&slabs_lock);
       97: 1273:    if (slabclass[src].slabs < 2)
    #####: 1274:        nospare = true;
       97: 1275:    pthread_mutex_unlock(&slabs_lock);
       97: 1276:    if (nospare)
        -: 1277:        return REASSIGN_NOSPARE;
        -: 1278:
       97: 1279:    slab_rebal.s_clsid = src;
       97: 1280:    slab_rebal.d_clsid = dst;
        -: 1281:
       97: 1282:    slab_rebalance_signal = 1;
       97: 1283:    pthread_cond_signal(&slab_rebalance_cond);
        -: 1284:
       97: 1285:    return REASSIGN_OK;
        -: 1286:}
------------------
do_slabs_reassign:
       97: 1254:static enum reassign_result_type do_slabs_reassign(int src, int dst) {
       97: 1255:    bool nospare = false;
       97: 1256:    if (slab_rebalance_signal != 0)
        -: 1257:        return REASSIGN_RUNNING;
        -: 1258:
       97: 1259:    if (src == dst)
        -: 1260:        return REASSIGN_SRC_DST_SAME;
        -: 1261:
        -: 1262:    /* Special indicator to choose ourselves. */
       97: 1263:    if (src == -1) {
    #####: 1264:        src = slabs_reassign_pick_any(dst);
        -: 1265:        /* TODO: If we end up back at -1, return a new error type */
        -: 1266:    }
        -: 1267:
       97: 1268:    if (src < SLAB_GLOBAL_PAGE_POOL || src > power_largest ||
       97: 1269:        dst < SLAB_GLOBAL_PAGE_POOL || dst > power_largest)
        -: 1270:        return REASSIGN_BADCLASS;
        -: 1271:
       97: 1272:    pthread_mutex_lock(&slabs_lock);
       97: 1273:    if (slabclass[src].slabs < 2)
    #####: 1274:        nospare = true;
       97: 1275:    pthread_mutex_unlock(&slabs_lock);
       97: 1276:    if (nospare)
        -: 1277:        return REASSIGN_NOSPARE;
        -: 1278:
       97: 1279:    slab_rebal.s_clsid = src;
       97: 1280:    slab_rebal.d_clsid = dst;
        -: 1281:
       97: 1282:    slab_rebalance_signal = 1;
       97: 1283:    pthread_cond_signal(&slab_rebalance_cond);
        -: 1284:
       97: 1285:    return REASSIGN_OK;
        -: 1286:}
------------------
do_slabs_reassign:
       97: 1254:static enum reassign_result_type do_slabs_reassign(int src, int dst) {
       97: 1255:    bool nospare = false;
       97: 1256:    if (slab_rebalance_signal != 0)
        -: 1257:        return REASSIGN_RUNNING;
        -: 1258:
       97: 1259:    if (src == dst)
        -: 1260:        return REASSIGN_SRC_DST_SAME;
        -: 1261:
        -: 1262:    /* Special indicator to choose ourselves. */
       97: 1263:    if (src == -1) {
    #####: 1264:        src = slabs_reassign_pick_any(dst);
        -: 1265:        /* TODO: If we end up back at -1, return a new error type */
        -: 1266:    }
        -: 1267:
       97: 1268:    if (src < SLAB_GLOBAL_PAGE_POOL || src > power_largest ||
       97: 1269:        dst < SLAB_GLOBAL_PAGE_POOL || dst > power_largest)
        -: 1270:        return REASSIGN_BADCLASS;
        -: 1271:
       97: 1272:    pthread_mutex_lock(&slabs_lock);
       97: 1273:    if (slabclass[src].slabs < 2)
    #####: 1274:        nospare = true;
       97: 1275:    pthread_mutex_unlock(&slabs_lock);
       97: 1276:    if (nospare)
        -: 1277:        return REASSIGN_NOSPARE;
        -: 1278:
       97: 1279:    slab_rebal.s_clsid = src;
       97: 1280:    slab_rebal.d_clsid = dst;
        -: 1281:
       97: 1282:    slab_rebalance_signal = 1;
       97: 1283:    pthread_cond_signal(&slab_rebalance_cond);
        -: 1284:
       97: 1285:    return REASSIGN_OK;
        -: 1286:}
------------------
do_slabs_reassign:
       97: 1254:static enum reassign_result_type do_slabs_reassign(int src, int dst) {
       97: 1255:    bool nospare = false;
       97: 1256:    if (slab_rebalance_signal != 0)
        -: 1257:        return REASSIGN_RUNNING;
        -: 1258:
       97: 1259:    if (src == dst)
        -: 1260:        return REASSIGN_SRC_DST_SAME;
        -: 1261:
        -: 1262:    /* Special indicator to choose ourselves. */
       97: 1263:    if (src == -1) {
    #####: 1264:        src = slabs_reassign_pick_any(dst);
        -: 1265:        /* TODO: If we end up back at -1, return a new error type */
        -: 1266:    }
        -: 1267:
       97: 1268:    if (src < SLAB_GLOBAL_PAGE_POOL || src > power_largest ||
       97: 1269:        dst < SLAB_GLOBAL_PAGE_POOL || dst > power_largest)
        -: 1270:        return REASSIGN_BADCLASS;
        -: 1271:
       97: 1272:    pthread_mutex_lock(&slabs_lock);
       97: 1273:    if (slabclass[src].slabs < 2)
    #####: 1274:        nospare = true;
       97: 1275:    pthread_mutex_unlock(&slabs_lock);
       97: 1276:    if (nospare)
        -: 1277:        return REASSIGN_NOSPARE;
        -: 1278:
       97: 1279:    slab_rebal.s_clsid = src;
       97: 1280:    slab_rebal.d_clsid = dst;
        -: 1281:
       97: 1282:    slab_rebalance_signal = 1;
       97: 1283:    pthread_cond_signal(&slab_rebalance_cond);
        -: 1284:
       97: 1285:    return REASSIGN_OK;
        -: 1286:}
------------------
        -: 1287:
      388: 1288:enum reassign_result_type slabs_reassign(int src, int dst) {
      388: 1289:    enum reassign_result_type ret;
      388: 1290:    if (pthread_mutex_trylock(&slabs_rebalance_lock) != 0) {
        -: 1291:        return REASSIGN_RUNNING;
        -: 1292:    }
      388: 1293:    ret = do_slabs_reassign(src, dst);
      388: 1294:    pthread_mutex_unlock(&slabs_rebalance_lock);
      388: 1295:    return ret;
        -: 1296:}
------------------
slabs_reassign:
       97: 1288:enum reassign_result_type slabs_reassign(int src, int dst) {
       97: 1289:    enum reassign_result_type ret;
       97: 1290:    if (pthread_mutex_trylock(&slabs_rebalance_lock) != 0) {
        -: 1291:        return REASSIGN_RUNNING;
        -: 1292:    }
       97: 1293:    ret = do_slabs_reassign(src, dst);
       97: 1294:    pthread_mutex_unlock(&slabs_rebalance_lock);
       97: 1295:    return ret;
        -: 1296:}
------------------
slabs_reassign:
       97: 1288:enum reassign_result_type slabs_reassign(int src, int dst) {
       97: 1289:    enum reassign_result_type ret;
       97: 1290:    if (pthread_mutex_trylock(&slabs_rebalance_lock) != 0) {
        -: 1291:        return REASSIGN_RUNNING;
        -: 1292:    }
       97: 1293:    ret = do_slabs_reassign(src, dst);
       97: 1294:    pthread_mutex_unlock(&slabs_rebalance_lock);
       97: 1295:    return ret;
        -: 1296:}
------------------
slabs_reassign:
       97: 1288:enum reassign_result_type slabs_reassign(int src, int dst) {
       97: 1289:    enum reassign_result_type ret;
       97: 1290:    if (pthread_mutex_trylock(&slabs_rebalance_lock) != 0) {
        -: 1291:        return REASSIGN_RUNNING;
        -: 1292:    }
       97: 1293:    ret = do_slabs_reassign(src, dst);
       97: 1294:    pthread_mutex_unlock(&slabs_rebalance_lock);
       97: 1295:    return ret;
        -: 1296:}
------------------
slabs_reassign:
       97: 1288:enum reassign_result_type slabs_reassign(int src, int dst) {
       97: 1289:    enum reassign_result_type ret;
       97: 1290:    if (pthread_mutex_trylock(&slabs_rebalance_lock) != 0) {
        -: 1291:        return REASSIGN_RUNNING;
        -: 1292:    }
       97: 1293:    ret = do_slabs_reassign(src, dst);
       97: 1294:    pthread_mutex_unlock(&slabs_rebalance_lock);
       97: 1295:    return ret;
        -: 1296:}
------------------
        -: 1297:
        -: 1298:/* If we hold this lock, rebalancer can't wake up or move */
    #####: 1299:void slabs_rebalancer_pause(void) {
    #####: 1300:    pthread_mutex_lock(&slabs_rebalance_lock);
    #####: 1301:}
------------------
slabs_rebalancer_pause:
    #####: 1299:void slabs_rebalancer_pause(void) {
    #####: 1300:    pthread_mutex_lock(&slabs_rebalance_lock);
    #####: 1301:}
------------------
slabs_rebalancer_pause:
    #####: 1299:void slabs_rebalancer_pause(void) {
    #####: 1300:    pthread_mutex_lock(&slabs_rebalance_lock);
    #####: 1301:}
------------------
slabs_rebalancer_pause:
    #####: 1299:void slabs_rebalancer_pause(void) {
    #####: 1300:    pthread_mutex_lock(&slabs_rebalance_lock);
    #####: 1301:}
------------------
slabs_rebalancer_pause:
    #####: 1299:void slabs_rebalancer_pause(void) {
    #####: 1300:    pthread_mutex_lock(&slabs_rebalance_lock);
    #####: 1301:}
------------------
        -: 1302:
    #####: 1303:void slabs_rebalancer_resume(void) {
    #####: 1304:    pthread_mutex_unlock(&slabs_rebalance_lock);
    #####: 1305:}
------------------
slabs_rebalancer_resume:
    #####: 1303:void slabs_rebalancer_resume(void) {
    #####: 1304:    pthread_mutex_unlock(&slabs_rebalance_lock);
    #####: 1305:}
------------------
slabs_rebalancer_resume:
    #####: 1303:void slabs_rebalancer_resume(void) {
    #####: 1304:    pthread_mutex_unlock(&slabs_rebalance_lock);
    #####: 1305:}
------------------
slabs_rebalancer_resume:
    #####: 1303:void slabs_rebalancer_resume(void) {
    #####: 1304:    pthread_mutex_unlock(&slabs_rebalance_lock);
    #####: 1305:}
------------------
slabs_rebalancer_resume:
    #####: 1303:void slabs_rebalancer_resume(void) {
    #####: 1304:    pthread_mutex_unlock(&slabs_rebalance_lock);
    #####: 1305:}
------------------
        -: 1306:
        -: 1307:static pthread_t rebalance_tid;
        -: 1308:
      352: 1309:int start_slab_maintenance_thread(void) {
      352: 1310:    int ret;
      352: 1311:    slab_rebalance_signal = 0;
      352: 1312:    slab_rebal.slab_start = NULL;
      352: 1313:    char *env = getenv("MEMCACHED_SLAB_BULK_CHECK");
      352: 1314:    if (env != NULL) {
    #####: 1315:        slab_bulk_check = atoi(env);
    #####: 1316:        if (slab_bulk_check == 0) {
    #####: 1317:            slab_bulk_check = DEFAULT_SLAB_BULK_CHECK;
        -: 1318:        }
        -: 1319:    }
        -: 1320:
      352: 1321:    if (pthread_cond_init(&slab_rebalance_cond, NULL) != 0) {
    #####: 1322:        fprintf(stderr, "Can't initialize rebalance condition\n");
    #####: 1323:        return -1;
        -: 1324:    }
      352: 1325:    pthread_mutex_init(&slabs_rebalance_lock, NULL);
        -: 1326:
      352: 1327:    if ((ret = pthread_create(&rebalance_tid, NULL,
        -: 1328:                              slab_rebalance_thread, NULL)) != 0) {
    #####: 1329:        fprintf(stderr, "Can't create rebal thread: %s\n", strerror(ret));
    #####: 1330:        return -1;
        -: 1331:    }
        -: 1332:    return 0;
        -: 1333:}
------------------
start_slab_maintenance_thread:
       88: 1309:int start_slab_maintenance_thread(void) {
       88: 1310:    int ret;
       88: 1311:    slab_rebalance_signal = 0;
       88: 1312:    slab_rebal.slab_start = NULL;
       88: 1313:    char *env = getenv("MEMCACHED_SLAB_BULK_CHECK");
       88: 1314:    if (env != NULL) {
    #####: 1315:        slab_bulk_check = atoi(env);
    #####: 1316:        if (slab_bulk_check == 0) {
    #####: 1317:            slab_bulk_check = DEFAULT_SLAB_BULK_CHECK;
        -: 1318:        }
        -: 1319:    }
        -: 1320:
       88: 1321:    if (pthread_cond_init(&slab_rebalance_cond, NULL) != 0) {
    #####: 1322:        fprintf(stderr, "Can't initialize rebalance condition\n");
    #####: 1323:        return -1;
        -: 1324:    }
       88: 1325:    pthread_mutex_init(&slabs_rebalance_lock, NULL);
        -: 1326:
       88: 1327:    if ((ret = pthread_create(&rebalance_tid, NULL,
        -: 1328:                              slab_rebalance_thread, NULL)) != 0) {
    #####: 1329:        fprintf(stderr, "Can't create rebal thread: %s\n", strerror(ret));
    #####: 1330:        return -1;
        -: 1331:    }
        -: 1332:    return 0;
        -: 1333:}
------------------
start_slab_maintenance_thread:
       88: 1309:int start_slab_maintenance_thread(void) {
       88: 1310:    int ret;
       88: 1311:    slab_rebalance_signal = 0;
       88: 1312:    slab_rebal.slab_start = NULL;
       88: 1313:    char *env = getenv("MEMCACHED_SLAB_BULK_CHECK");
       88: 1314:    if (env != NULL) {
    #####: 1315:        slab_bulk_check = atoi(env);
    #####: 1316:        if (slab_bulk_check == 0) {
    #####: 1317:            slab_bulk_check = DEFAULT_SLAB_BULK_CHECK;
        -: 1318:        }
        -: 1319:    }
        -: 1320:
       88: 1321:    if (pthread_cond_init(&slab_rebalance_cond, NULL) != 0) {
    #####: 1322:        fprintf(stderr, "Can't initialize rebalance condition\n");
    #####: 1323:        return -1;
        -: 1324:    }
       88: 1325:    pthread_mutex_init(&slabs_rebalance_lock, NULL);
        -: 1326:
       88: 1327:    if ((ret = pthread_create(&rebalance_tid, NULL,
        -: 1328:                              slab_rebalance_thread, NULL)) != 0) {
    #####: 1329:        fprintf(stderr, "Can't create rebal thread: %s\n", strerror(ret));
    #####: 1330:        return -1;
        -: 1331:    }
        -: 1332:    return 0;
        -: 1333:}
------------------
start_slab_maintenance_thread:
       88: 1309:int start_slab_maintenance_thread(void) {
       88: 1310:    int ret;
       88: 1311:    slab_rebalance_signal = 0;
       88: 1312:    slab_rebal.slab_start = NULL;
       88: 1313:    char *env = getenv("MEMCACHED_SLAB_BULK_CHECK");
       88: 1314:    if (env != NULL) {
    #####: 1315:        slab_bulk_check = atoi(env);
    #####: 1316:        if (slab_bulk_check == 0) {
    #####: 1317:            slab_bulk_check = DEFAULT_SLAB_BULK_CHECK;
        -: 1318:        }
        -: 1319:    }
        -: 1320:
       88: 1321:    if (pthread_cond_init(&slab_rebalance_cond, NULL) != 0) {
    #####: 1322:        fprintf(stderr, "Can't initialize rebalance condition\n");
    #####: 1323:        return -1;
        -: 1324:    }
       88: 1325:    pthread_mutex_init(&slabs_rebalance_lock, NULL);
        -: 1326:
       88: 1327:    if ((ret = pthread_create(&rebalance_tid, NULL,
        -: 1328:                              slab_rebalance_thread, NULL)) != 0) {
    #####: 1329:        fprintf(stderr, "Can't create rebal thread: %s\n", strerror(ret));
    #####: 1330:        return -1;
        -: 1331:    }
        -: 1332:    return 0;
        -: 1333:}
------------------
start_slab_maintenance_thread:
       88: 1309:int start_slab_maintenance_thread(void) {
       88: 1310:    int ret;
       88: 1311:    slab_rebalance_signal = 0;
       88: 1312:    slab_rebal.slab_start = NULL;
       88: 1313:    char *env = getenv("MEMCACHED_SLAB_BULK_CHECK");
       88: 1314:    if (env != NULL) {
    #####: 1315:        slab_bulk_check = atoi(env);
    #####: 1316:        if (slab_bulk_check == 0) {
    #####: 1317:            slab_bulk_check = DEFAULT_SLAB_BULK_CHECK;
        -: 1318:        }
        -: 1319:    }
        -: 1320:
       88: 1321:    if (pthread_cond_init(&slab_rebalance_cond, NULL) != 0) {
    #####: 1322:        fprintf(stderr, "Can't initialize rebalance condition\n");
    #####: 1323:        return -1;
        -: 1324:    }
       88: 1325:    pthread_mutex_init(&slabs_rebalance_lock, NULL);
        -: 1326:
       88: 1327:    if ((ret = pthread_create(&rebalance_tid, NULL,
        -: 1328:                              slab_rebalance_thread, NULL)) != 0) {
    #####: 1329:        fprintf(stderr, "Can't create rebal thread: %s\n", strerror(ret));
    #####: 1330:        return -1;
        -: 1331:    }
        -: 1332:    return 0;
        -: 1333:}
------------------
        -: 1334:
        -: 1335:/* The maintenance thread is on a sleep/loop cycle, so it should join after a
        -: 1336: * short wait */
    #####: 1337:void stop_slab_maintenance_thread(void) {
    #####: 1338:    mutex_lock(&slabs_rebalance_lock);
    #####: 1339:    do_run_slab_thread = 0;
    #####: 1340:    do_run_slab_rebalance_thread = 0;
    #####: 1341:    pthread_cond_signal(&slab_rebalance_cond);
    #####: 1342:    pthread_mutex_unlock(&slabs_rebalance_lock);
        -: 1343:
        -: 1344:    /* Wait for the maintenance thread to stop */
    #####: 1345:    pthread_join(rebalance_tid, NULL);
    #####: 1346:}
------------------
stop_slab_maintenance_thread:
    #####: 1337:void stop_slab_maintenance_thread(void) {
    #####: 1338:    mutex_lock(&slabs_rebalance_lock);
    #####: 1339:    do_run_slab_thread = 0;
    #####: 1340:    do_run_slab_rebalance_thread = 0;
    #####: 1341:    pthread_cond_signal(&slab_rebalance_cond);
    #####: 1342:    pthread_mutex_unlock(&slabs_rebalance_lock);
        -: 1343:
        -: 1344:    /* Wait for the maintenance thread to stop */
    #####: 1345:    pthread_join(rebalance_tid, NULL);
    #####: 1346:}
------------------
stop_slab_maintenance_thread:
    #####: 1337:void stop_slab_maintenance_thread(void) {
    #####: 1338:    mutex_lock(&slabs_rebalance_lock);
    #####: 1339:    do_run_slab_thread = 0;
    #####: 1340:    do_run_slab_rebalance_thread = 0;
    #####: 1341:    pthread_cond_signal(&slab_rebalance_cond);
    #####: 1342:    pthread_mutex_unlock(&slabs_rebalance_lock);
        -: 1343:
        -: 1344:    /* Wait for the maintenance thread to stop */
    #####: 1345:    pthread_join(rebalance_tid, NULL);
    #####: 1346:}
------------------
stop_slab_maintenance_thread:
    #####: 1337:void stop_slab_maintenance_thread(void) {
    #####: 1338:    mutex_lock(&slabs_rebalance_lock);
    #####: 1339:    do_run_slab_thread = 0;
    #####: 1340:    do_run_slab_rebalance_thread = 0;
    #####: 1341:    pthread_cond_signal(&slab_rebalance_cond);
    #####: 1342:    pthread_mutex_unlock(&slabs_rebalance_lock);
        -: 1343:
        -: 1344:    /* Wait for the maintenance thread to stop */
    #####: 1345:    pthread_join(rebalance_tid, NULL);
    #####: 1346:}
------------------
stop_slab_maintenance_thread:
    #####: 1337:void stop_slab_maintenance_thread(void) {
    #####: 1338:    mutex_lock(&slabs_rebalance_lock);
    #####: 1339:    do_run_slab_thread = 0;
    #####: 1340:    do_run_slab_rebalance_thread = 0;
    #####: 1341:    pthread_cond_signal(&slab_rebalance_cond);
    #####: 1342:    pthread_mutex_unlock(&slabs_rebalance_lock);
        -: 1343:
        -: 1344:    /* Wait for the maintenance thread to stop */
    #####: 1345:    pthread_join(rebalance_tid, NULL);
    #####: 1346:}
------------------
